2019-10-26 08:33:44.692 INFO  singlejartest.TesterMainGUIMode - Connecting...
2019-10-26 08:33:45.963 INFO  com.dukascopy.api.impl.connect.AuthorizationClient - environment(jnlp.client.mode)=DEMO, platformInstanceId=null
2019-10-26 08:33:45.978 INFO  com.dukascopy.api.impl.connect.AuthorizationClient - Auth step 1 request [F1F1B6197F57854B4FE55E72F162006546F6A6AE]
2019-10-26 08:33:45.980 DEBUG com.dukascopy.api.impl.connect.AuthorizationClient - >> [https://login.dukascopy.com/authorization-1/demo/auth?munus=srp_api&passus=1&sermo=9e11f100-844a-41e5-9800-7ccd2cb93e89&putent_genus=0&appello=F1F1B6197F57854B4FE55E72F162006546F6A6AE&srp_versio=1]
2019-10-26 08:33:46.895 DEBUG com.dukascopy.api.impl.connect.AuthorizationClient - << [{"B":"6f538965a83a979389f61a40ad30f3959e9e8fe1642513ba17970fc8bda30e734027d856098a883d2e8df16da639c4926d2b91164a85ffa51fbb16b99eeb1a70fb64317a8bdea576db09a4e77a303b69561ff036e8f132f93223ffbcf48ab06c38964b8dfb92297440be93ebc01466bb4a5ef3b1f9a09c2a896715809e3e34e766325472837805b81c8963598dd625649aa07e62e9248e0cf9cc915e2fb6e15141c19f30d59babc8334d0a4d29b97f4475975b7c45f3cda32fa5bf9a5d2177b927edffa49acd95c790fc776110caf5e1ac185d27d3b2c68f5903d288d0344d58414dc142dd68d5bd786e3444e759bf31d44ef9c4f1e430371452937224e44cc1","S":"5999686d737c92f9c3bf07c245641650","G":"2","H":"SHA-256","K":"5b9e8ef059c6b32ea59fc1d322d37f04aa30bae5aa9003b8321e21ddb04e300","N":"ac6bdb41324a9a9bf166de5e1389582faf72b6651987ee07fc3192943db56050a37329cbb4a099ed8193e0757767a13dd52312ab4b03310dcd7f48a9da04fd50e8083969edb767b0cf6095179a163ab3661a05fbd5faaae82918a9962f0b93b855f97993ec975eeaa80d740adbf4ff747359d041d5c33ea71d281e446b14773bca97b43a23fb801676bd207a436c6481f1d2b9078717461a5b9d32e688f87748544523b524b0d57d5ea77a2775d2ecfa032cfbdbf52fb3786160279004e57ae6af874e7303ce53299ccc041c7bc308d82a5698f3a8d0c38271ae35f8e9dbfbb694b5c803d89f7ae435de236d525f54759b65e372fcd68ef20fa7111f9e4aff73","srp_versio":"1"}]
2019-10-26 08:33:46.897 INFO  com.dukascopy.api.impl.connect.AuthorizationClient - Auth step 1 response [ServerResponseObject [passwordServerResponse=Step1ServerResponse [serverPublicValueB=6f538965a83a979389f61a40ad30f3959e9e8fe1642513ba17970fc8bda30e734027d856098a883d2e8df16da639c4926d2b91164a85ffa51fbb16b99eeb1a70fb64317a8bdea576db09a4e77a303b69561ff036e8f132f93223ffbcf48ab06c38964b8dfb92297440be93ebc01466bb4a5ef3b1f9a09c2a896715809e3e34e766325472837805b81c8963598dd625649aa07e62e9248e0cf9cc915e2fb6e15141c19f30d59babc8334d0a4d29b97f4475975b7c45f3cda32fa5bf9a5d2177b927edffa49acd95c790fc776110caf5e1ac185d27d3b2c68f5903d288d0344d58414dc142dd68d5bd786e3444e759bf31d44ef9c4f1e430371452937224e44cc1, saltS=5999686d737c92f9c3bf07c245641650, safePrimeN=ac6bdb41324a9a9bf166de5e1389582faf72b6651987ee07fc3192943db56050a37329cbb4a099ed8193e0757767a13dd52312ab4b03310dcd7f48a9da04fd50e8083969edb767b0cf6095179a163ab3661a05fbd5faaae82918a9962f0b93b855f97993ec975eeaa80d740adbf4ff747359d041d5c33ea71d281e446b14773bca97b43a23fb801676bd207a436c6481f1d2b9078717461a5b9d32e688f87748544523b524b0d57d5ea77a2775d2ecfa032cfbdbf52fb3786160279004e57ae6af874e7303ce53299ccc041c7bc308d82a5698f3a8d0c38271ae35f8e9dbfbb694b5c803d89f7ae435de236d525f54759b65e372fcd68ef20fa7111f9e4aff73, correspondingGeneratorG=2, hashAlgorithmH=SHA-256, srpProtocolVersion=1], ]]
2019-10-26 08:33:46.980 INFO  com.dukascopy.api.impl.connect.AuthorizationClient - Auth step 2 request A [6606385481758842310683622505193394142838305811639645515836174301826410087366596267675645014654081971707448830794199500323782788428636336945900851534200091551326528555267409917240412032728777953210514144582005644961272480303602587058147458630472970713710385671697505589753411287318932231009253998216816012927195818519006006840332361908866630435191188436401144493784040082287148141796555785408032062191030162101679205354571777538564203330504338661382828790888468211891474463301171674780979606425737477230161586513534943537327527896659691157091392177862022020308170220980013393864937263668202032570422156806643496684572], M1 [33492822254587772683093446961460867821784306958003220491852214531208507404927]
2019-10-26 08:33:46.981 DEBUG com.dukascopy.api.impl.connect.AuthorizationClient - >> [https://login.dukascopy.com/authorization-1/demo/auth?munus=srp_api&testimonium_nuntius=4a0c43ff1b212fe344c735c06cd406966fd4158816699b19c3b27a670601b27f&passus=2&publicus_pendo=345528c8e412121f9371c7e80fcf5d4b2056f1dffc04d6a54721a848ca24ac28116b842968a7f0bfb3ca854f677a55ea1b5c7b0a38bb43e9a094744407e3a2bde9a9d3104373d21931edab74f777bcdf6a5d9cdad8dec994d4e160a67175fae0a0e3af9c32f056eb167e64c2b2f4ae07a32d06e0e3e6866fa054d5297e535f5ab0ce6657b7cd75253129c67a820c766720882d1c87501edadb04f85f288f187065d00714e1d41cbfe8a86e01e51598771f55ca270b7a4d38649ceb3aa81196ee212939dc382edc5224afc3667e3563c7b31c9d52bec534851ae350e8291e91903efea5a61a4ca341275d4b4e78907ec9318ea3dfc7018ae11089975f8b228c1c&sermo=9e11f100-844a-41e5-9800-7ccd2cb93e89&putent_genus=0&srp_versio=1]
2019-10-26 08:33:47.915 DEBUG com.dukascopy.api.impl.connect.AuthorizationClient - << [{"M2":"93bf3d5e3beef71d771bc36bd08b0a403e6fb0fbcc57b9567938208ecd78cba5","srp_versio":"1"}]
2019-10-26 08:33:47.916 INFO  com.dukascopy.api.impl.connect.AuthorizationClient - Auth step 2 response [ServerResponseObject [passwordServerResponse=Step2ServerResponse [serverEvidenceMessageM2=93bf3d5e3beef71d771bc36bd08b0a403e6fb0fbcc57b9567938208ecd78cba5, srpProtocolVersion=1], ]]
2019-10-26 08:33:47.919 INFO  com.dukascopy.api.impl.connect.AuthorizationClient - Auth step 3 request
2019-10-26 08:33:47.919 DEBUG com.dukascopy.api.impl.connect.AuthorizationClient - >> [https://login.dukascopy.com/authorization-1/demo/auth?munus=srp_api&passus=3&sermo=9e11f100-844a-41e5-9800-7ccd2cb93e89&versio=318.4.68&willPing=true&occasus_content_vulgate=0&putent_genus=0&occasus=true&platform=DDS3_JFOREXSDK&srp_versio=1]
2019-10-26 08:33:48.815 DEBUG com.dukascopy.api.impl.connect.AuthorizationClient - << [{"occasus":"rO0ABXNyABRqYXZhLnV0aWwuUHJvcGVydGllczkS0HpwNj6YAgABTAAIZGVmYXVsdHN0ABZMamF2\r\nYS91dGlsL1Byb3BlcnRpZX...","authApiURLs":["d-ja-gva-121-130-118.dukascopy.com:10443","d-ja-usa-e-97-4-b.dukascopy.com:10443","d-ja-sgn-04-b.dukascopy.com:10443","d-ja-jpn-04-a.dukascopy.com:10443","d-ja-hk-110-05.dukascopy.ch:10443","d-ja-msk-10.dukascopy.com:10443","d-ja-hk-111-4.dukascopy.ch:10443"],"srp_versio":"1"}]
2019-10-26 08:33:48.822 INFO  com.dukascopy.api.impl.connect.AuthorizationClient - Auth step 3 response [ServerResponseObject [passwordServerResponse=Step3ServerResponse [serverResponse={"occasus":"rO0ABXNyABRqYXZhLnV0aWwuUHJvcGVydGllczkS0HpwNj6YAgABTAAIZGVmYXVsdHN0ABZMamF2\r\nYS91dGlsL1Byb3BlcnRpZX...","authApiURLs":["d-ja-gva-121-130-118.dukascopy.com:10443","d-ja-usa-e-97-4-b.dukascopy.com:10443","d-ja-sgn-04-b.dukascopy.com:10443","d-ja-jpn-04-a.dukascopy.com:10443","d-ja-hk-110-05.dukascopy.ch:10443","d-ja-msk-10.dukascopy.com:10443","d-ja-hk-111-4.dukascopy.ch:10443"],"srp_versio":"1"}], responseHeaderFields={Transfer-Encoding=[chunked], null=[HTTP/1.1 200], idle-session-ttl=[900000], CF-RAY=[52bccdd71802b53a-BOG], Server=[cloudflare], Connection=[keep-alive], Client-Country=[CO], Pragma=[no-cache], Last-Modified=[Sat, 26 Oct 2019 13:33:48 GMT], Date=[Sat, 26 Oct 2019 13:33:48 GMT], CF-Cache-Status=[DYNAMIC], Cache-Control=[no-cache, must-revalidate, no-store, max-age=0], Access-Control-Allow-Credentials=[true], Client-IP=[181.54.81.138], Vary=[Accept-Encoding], Set-Cookie=[__cfduid=d11fd6a60c34ca95d8f76d464ad56b9d71572096828; expires=Sun, 25-Oct-20 13:33:48 GMT; path=/; domain=.dukascopy.com; HttpOnly], Expires=[Thu, 01 Jan 1970 00:00:00 GMT], Expect-CT=[max-age=604800, report-uri="https://report-uri.cloudflare.com/cdn-cgi/beacon/expect-ct"], Content-Type=[text/plain;charset=UTF-8]}]]
2019-10-26 08:33:48.914 INFO  com.dukascopy.api.impl.connect.AuthorizationClient - Selecting the best server...
2019-10-26 08:33:48.918 INFO  com.dukascopy.api.impl.connect.AuthorizationClient - The ping start time=2019-10-26 08:33:48:918
2019-10-26 08:33:49.252 INFO  com.dukascopy.api.impl.connect.AuthorizationClient - The ping end time=2019-10-26 08:33:49:252, the ping processing time=[334]ms
2019-10-26 08:33:49.253 DEBUG com.dukascopy.api.impl.connect.AuthorizationClient - Best api url [d-ja-usa-e-97-4-b.dukascopy.com:10443] with time [100]
2019-10-26 08:33:49.254 DEBUG com.dukascopy.api.impl.connect.TesterClientImpl - d-ja-usa-e-97-4-b.dukascopy.com:10443@a9eadfe1950b30fc2b6664aec22798a68d38aeceeff956b23c39f83ae5708543
2019-10-26 08:33:49.309 INFO  com.dukascopy.dds2.greed.util.FilePathManager - WL info is unavailable. Use default App folder for Platform data:  /home/merkhet/JForex
2019-10-26 08:33:49.423 WARN  com.dukascopy.charts.data.datacache.FeedDataProvider - JStore is disabled for the current user
2019-10-26 08:33:49.436 DEBUG com.dukascopy.api.impl.connect.TesterClientImpl - UserAgent: {"clientType":"DDS3_JFOREXSDK","javaVersion":"1.8.0_201","jvmVersion":"25.201-b09","ip":"null","clientVersion":"318.4.68","osName":"Linux","userName":"null"}
2019-10-26 08:33:51.113 INFO  com.dukascopy.dds2.greed.connection.GreedClientAuthorizationProvider - !!!:Thread[(NettyTransportClient-0) ClientConnector,6,main]
2019-10-26 08:33:51.116 INFO  com.dukascopy.dds4.transport.client.netty.ClientConnector - Authorize task in queue, server address [d-ja-usa-e-97-4-b.dukascopy.com/107.21.41.150:10443], transport name [NettyTransportClient-0]
2019-10-26 08:33:51.118 DEBUG com.dukascopy.api.impl.connect.TesterClientImpl - Authorized
2019-10-26 08:33:51.129 INFO  com.dukascopy.api.instrument.subscribe.InstrumentManager - InstrumentManager created.
2019-10-26 08:33:51.409 WARN  com.dukascopy.api.impl.connect.WLabelData - White Label Image is not received
2019-10-26 08:33:51.409 INFO  singlejartest.TesterMainGUIMode - Connected
2019-10-26 08:33:51.417 INFO  singlejartest.TesterMainGUIMode - Subscribing instruments...
2019-10-26 08:33:51.420 INFO  singlejartest.TesterMainGUIMode - Downloading data
2019-10-26 08:33:51.429 INFO  com.dukascopy.charts.data.datacache.metadata.FeedMetadataManager - Loading first times for [EUR/USD]...
2019-10-26 08:33:51.513 INFO  com.dukascopy.charts.data.datacache.metadata.FeedMetadataManager - First times loaded {EUR/USD={Ticks=1052082000914, 1 Min=1052082000000, Hourly=1052082000000, Daily=99792000000}}
2019-10-26 08:34:07.912 INFO  singlejartest.TesterMainGUIMode - Starting strategy
2019-10-26 08:34:13.797 INFO  singlejartest.TesterMainGUIMode - Strategy started: 0
2019-10-26 08:34:13.798 INFO  singlejartest.TesterMainGUIMode - Getting prices before start time
2019-10-26 08:34:13.868 INFO  singlejartest.TesterMainGUIMode - Creating data loading threads
2019-10-26 08:34:13.872 INFO  singlejartest.TesterMainGUIMode - Getting prices before start time
2019-10-26 08:34:13.931 WARN  com.dukascopy.api.impl.connect.WLabelData - White Label Image is not received
2019-10-26 08:34:13.957 INFO  singlejartest.TesterMainGUIMode - Filling in-progress candles
2019-10-26 08:34:13.992 INFO  singlejartest.TesterMainGUIMode - Executing onStart
2019-10-26 08:34:14.005 INFO  singlejartest.TesterMainGUIMode - Running
2019-10-26 08:34:14.672 INFO  singlejartest.TesterMainGUIMode - Running, Mon 2019.01.01 00:30 Eq: 1,400.00 UoL: .00%
2019-10-26 08:34:14.700 INFO  singlejartest.TesterMainGUIMode - Running, Mon 2019.01.01 01:00 Eq: 1,400.00 UoL: .00%
2019-10-26 08:34:14.721 INFO  singlejartest.TesterMainGUIMode - Running, Mon 2019.01.01 01:30 Eq: 1,400.00 UoL: .00%
2019-10-26 08:34:14.755 INFO  singlejartest.TesterMainGUIMode - Running, Mon 2019.01.01 02:00 Eq: 1,400.00 UoL: .00%
2019-10-26 08:34:14.773 INFO  singlejartest.TesterMainGUIMode - Running, Mon 2019.01.01 02:30 Eq: 1,400.00 UoL: .00%
2019-10-26 08:34:14.797 INFO  singlejartest.TesterMainGUIMode - Running, Mon 2019.01.01 03:00 Eq: 1,400.00 UoL: .00%
2019-10-26 08:34:14.815 INFO  singlejartest.TesterMainGUIMode - Running, Mon 2019.01.01 03:30 Eq: 1,400.00 UoL: .00%
2019-10-26 08:34:14.844 INFO  singlejartest.TesterMainGUIMode - Running, Mon 2019.01.01 04:00 Eq: 1,400.00 UoL: .00%
2019-10-26 08:34:14.853 INFO  singlejartest.TesterMainGUIMode - Running, Mon 2019.01.01 04:30 Eq: 1,400.00 UoL: .00%
2019-10-26 08:34:14.870 INFO  singlejartest.TesterMainGUIMode - Running, Tue 2019.01.01 05:00 Eq: 1,400.00 UoL: .00%
2019-10-26 08:34:14.891 INFO  singlejartest.TesterMainGUIMode - Running, Tue 2019.01.01 05:30 Eq: 1,400.00 UoL: .00%
2019-10-26 08:34:14.900 INFO  singlejartest.TesterMainGUIMode - Running, Tue 2019.01.01 06:00 Eq: 1,400.00 UoL: .00%
2019-10-26 08:34:14.909 INFO  singlejartest.TesterMainGUIMode - Running, Tue 2019.01.01 06:30 Eq: 1,400.00 UoL: .00%
2019-10-26 08:34:14.922 INFO  singlejartest.TesterMainGUIMode - Running, Tue 2019.01.01 07:00 Eq: 1,400.00 UoL: .00%
2019-10-26 08:34:14.931 INFO  singlejartest.TesterMainGUIMode - Running, Tue 2019.01.01 07:30 Eq: 1,400.00 UoL: .00%
2019-10-26 08:34:14.939 INFO  singlejartest.TesterMainGUIMode - Running, Tue 2019.01.01 08:00 Eq: 1,400.00 UoL: .00%
2019-10-26 08:34:14.949 INFO  singlejartest.TesterMainGUIMode - Running, Tue 2019.01.01 08:30 Eq: 1,400.00 UoL: .00%
2019-10-26 08:34:14.958 INFO  singlejartest.TesterMainGUIMode - Running, Tue 2019.01.01 09:00 Eq: 1,400.00 UoL: .00%
2019-10-26 08:34:14.966 INFO  singlejartest.TesterMainGUIMode - Running, Tue 2019.01.01 09:30 Eq: 1,400.00 UoL: .00%
2019-10-26 08:34:14.974 INFO  singlejartest.TesterMainGUIMode - Running, Tue 2019.01.01 10:00 Eq: 1,400.00 UoL: .00%
2019-10-26 08:34:14.982 INFO  singlejartest.TesterMainGUIMode - Running, Tue 2019.01.01 10:30 Eq: 1,400.00 UoL: .00%
2019-10-26 08:34:14.991 INFO  singlejartest.TesterMainGUIMode - Running, Tue 2019.01.01 11:00 Eq: 1,400.00 UoL: .00%
2019-10-26 08:34:14.999 INFO  singlejartest.TesterMainGUIMode - Running, Tue 2019.01.01 11:30 Eq: 1,400.00 UoL: .00%
2019-10-26 08:34:15.007 INFO  singlejartest.TesterMainGUIMode - Running, Tue 2019.01.01 12:00 Eq: 1,400.00 UoL: .00%
2019-10-26 08:34:15.020 INFO  singlejartest.TesterMainGUIMode - Running, Tue 2019.01.01 12:30 Eq: 1,400.00 UoL: .00%
2019-10-26 08:34:15.046 INFO  singlejartest.TesterMainGUIMode - Running, Tue 2019.01.01 13:00 Eq: 1,400.00 UoL: .00%
2019-10-26 08:34:15.075 INFO  singlejartest.TesterMainGUIMode - Running, Tue 2019.01.01 13:30 Eq: 1,400.00 UoL: .00%
2019-10-26 08:34:15.095 INFO  singlejartest.TesterMainGUIMode - Running, Tue 2019.01.01 14:00 Eq: 1,400.00 UoL: .00%
2019-10-26 08:34:15.100 INFO  singlejartest.TesterMainGUIMode - Running, Tue 2019.01.01 14:30 Eq: 1,400.00 UoL: .00%
2019-10-26 08:34:15.108 INFO  singlejartest.TesterMainGUIMode - Running, Tue 2019.01.01 15:00 Eq: 1,400.00 UoL: .00%
2019-10-26 08:34:15.116 INFO  singlejartest.TesterMainGUIMode - Running, Tue 2019.01.01 15:30 Eq: 1,400.00 UoL: .00%
2019-10-26 08:34:15.124 INFO  singlejartest.TesterMainGUIMode - Running, Tue 2019.01.01 16:00 Eq: 1,400.00 UoL: .00%
2019-10-26 08:34:15.135 INFO  singlejartest.TesterMainGUIMode - Running, Tue 2019.01.01 16:30 Eq: 1,400.00 UoL: .00%
2019-10-26 08:34:15.148 INFO  singlejartest.TesterMainGUIMode - Running, Tue 2019.01.01 17:00 Eq: 1,400.00 UoL: .00%
2019-10-26 08:34:15.154 INFO  singlejartest.TesterMainGUIMode - Running, Tue 2019.01.01 17:30 Eq: 1,400.00 UoL: .00%
2019-10-26 08:34:15.160 INFO  singlejartest.TesterMainGUIMode - Running, Tue 2019.01.01 18:00 Eq: 1,400.00 UoL: .00%
2019-10-26 08:34:15.167 INFO  singlejartest.TesterMainGUIMode - Running, Tue 2019.01.01 18:30 Eq: 1,400.00 UoL: .00%
2019-10-26 08:34:15.171 INFO  singlejartest.TesterMainGUIMode - Running, Tue 2019.01.01 19:00 Eq: 1,400.00 UoL: .00%
2019-10-26 08:34:15.178 INFO  singlejartest.TesterMainGUIMode - Running, Tue 2019.01.01 19:30 Eq: 1,400.00 UoL: .00%
2019-10-26 08:34:15.185 INFO  singlejartest.TesterMainGUIMode - Running, Tue 2019.01.01 20:00 Eq: 1,400.00 UoL: .00%
2019-10-26 08:34:15.192 INFO  singlejartest.TesterMainGUIMode - Running, Tue 2019.01.01 20:30 Eq: 1,400.00 UoL: .00%
2019-10-26 08:34:15.199 INFO  singlejartest.TesterMainGUIMode - Running, Tue 2019.01.01 21:00 Eq: 1,400.00 UoL: .00%
2019-10-26 08:34:15.208 INFO  singlejartest.TesterMainGUIMode - Running, Tue 2019.01.01 21:30 Eq: 1,400.00 UoL: .00%
2019-10-26 08:34:15.220 INFO  singlejartest.TesterMainGUIMode - Running, Tue 2019.01.01 22:00 Eq: 1,400.00 UoL: .00%
2019-10-26 08:34:15.574 INFO  singlejartest.TesterMainGUIMode - Running, Tue 2019.01.01 22:30 Eq: 1,400.00 UoL: .00%
2019-10-26 08:34:15.725 INFO  singlejartest.TesterMainGUIMode - Running, Tue 2019.01.01 23:00 Eq: 1,400.00 UoL: .00%
2019-10-26 08:34:16.234 INFO  singlejartest.TesterMainGUIMode - Running, Tue 2019.01.01 23:30 Eq: 1,400.00 UoL: .00%
2019-10-26 08:34:16.360 INFO  singlejartest.TesterMainGUIMode - Running, Tue 2019.01.02 00:00 Eq: 1,400.00 UoL: .00%
2019-10-26 08:34:16.491 INFO  singlejartest.TesterMainGUIMode - Running, Tue 2019.01.02 00:30 Eq: 1,400.00 UoL: .00%
2019-10-26 08:34:16.614 INFO  singlejartest.TesterMainGUIMode - Running, Tue 2019.01.02 01:00 Eq: 1,400.00 UoL: .00%
2019-10-26 08:34:16.778 INFO  singlejartest.TesterMainGUIMode - Running, Tue 2019.01.02 01:30 Eq: 1,400.00 UoL: .00%
2019-10-26 08:34:16.958 INFO  singlejartest.TesterMainGUIMode - Running, Tue 2019.01.02 02:00 Eq: 1,400.00 UoL: .00%
2019-10-26 08:34:17.258 INFO  singlejartest.TesterMainGUIMode - Running, Tue 2019.01.02 02:30 Eq: 1,400.00 UoL: .00%
2019-10-26 08:34:17.444 INFO  singlejartest.TesterMainGUIMode - Running, Tue 2019.01.02 03:00 Eq: 1,400.00 UoL: .00%
2019-10-26 08:34:17.522 INFO  singlejartest.TesterMainGUIMode - Running, Tue 2019.01.02 03:30 Eq: 1,400.00 UoL: .00%
2019-10-26 08:34:17.602 INFO  singlejartest.TesterMainGUIMode - Running, Tue 2019.01.02 04:00 Eq: 1,400.00 UoL: .00%
2019-10-26 08:34:17.714 INFO  singlejartest.TesterMainGUIMode - Running, Tue 2019.01.02 04:30 Eq: 1,400.00 UoL: .00%
2019-10-26 08:34:17.850 INFO  singlejartest.TesterMainGUIMode - Running, Wed 2019.01.02 05:00 Eq: 1,400.00 UoL: .00%
2019-10-26 08:34:18.109 INFO  singlejartest.TesterMainGUIMode - Running, Wed 2019.01.02 05:30 Eq: 1,400.00 UoL: .00%
2019-10-26 08:34:18.334 INFO  singlejartest.TesterMainGUIMode - Running, Wed 2019.01.02 06:00 Eq: 1,400.00 UoL: .00%
2019-10-26 08:34:18.595 INFO  singlejartest.TesterMainGUIMode - Running, Wed 2019.01.02 06:30 Eq: 1,400.00 UoL: .00%
2019-10-26 08:34:18.768 INFO  singlejartest.TesterMainGUIMode - Running, Wed 2019.01.02 07:00 Eq: 1,400.00 UoL: .00%
2019-10-26 08:34:19.101 INFO  singlejartest.TesterMainGUIMode - Running, Wed 2019.01.02 07:30 Eq: 1,400.00 UoL: .00%
2019-10-26 08:34:19.346 INFO  singlejartest.TesterMainGUIMode - Running, Wed 2019.01.02 08:00 Eq: 1,400.00 UoL: .00%
2019-10-26 08:34:19.995 INFO  singlejartest.TesterMainGUIMode - Running, Wed 2019.01.02 08:30 Eq: 1,591.62 UoL: 87.96%
2019-10-26 08:34:20.417 INFO  singlejartest.TesterMainGUIMode - Running, Wed 2019.01.02 09:00 Eq: 1,637.99 UoL: 85.28%
2019-10-26 08:34:20.718 INFO  singlejartest.TesterMainGUIMode - Running, Wed 2019.01.02 09:30 Eq: 1,769.82 UoL: 78.92%
2019-10-26 08:34:21.015 INFO  singlejartest.TesterMainGUIMode - Running, Wed 2019.01.02 10:00 Eq: 1,808.88 UoL: 77.22%
2019-10-26 08:34:21.258 INFO  singlejartest.TesterMainGUIMode - Running, Wed 2019.01.02 10:30 Eq: 1,768.60 UoL: 78.98%
2019-10-26 08:34:21.427 INFO  singlejartest.TesterMainGUIMode - Running, Wed 2019.01.02 11:00 Eq: 1,774.70 UoL: 78.71%
2019-10-26 08:34:21.629 INFO  singlejartest.TesterMainGUIMode - Running, Wed 2019.01.02 11:30 Eq: 1,818.64 UoL: 76.80%
2019-10-26 08:34:21.780 INFO  singlejartest.TesterMainGUIMode - Running, Wed 2019.01.02 12:00 Eq: 1,812.54 UoL: 77.06%
2019-10-26 08:34:22.134 INFO  singlejartest.TesterMainGUIMode - Running, Wed 2019.01.02 12:30 Eq: 2,159.20 UoL: 64.54%
2019-10-26 08:34:22.339 INFO  singlejartest.TesterMainGUIMode - Running, Wed 2019.01.02 13:00 Eq: 2,133.57 UoL: 65.31%
2019-10-26 08:34:22.636 INFO  singlejartest.TesterMainGUIMode - Running, Wed 2019.01.02 13:30 Eq: 2,411.89 UoL: 57.65%
2019-10-26 08:34:22.907 INFO  singlejartest.TesterMainGUIMode - Running, Wed 2019.01.02 14:00 Eq: 2,526.63 UoL: 55.03%
2019-10-26 08:34:23.254 INFO  singlejartest.TesterMainGUIMode - Running, Wed 2019.01.02 14:30 Eq: 2,554.75 UoL: 54.30%
2019-10-26 08:34:23.503 INFO  singlejartest.TesterMainGUIMode - Running, Wed 2019.01.02 15:00 Eq: 2,647.52 UoL: 52.40%
2019-10-26 08:34:23.802 INFO  singlejartest.TesterMainGUIMode - Running, Wed 2019.01.02 15:30 Eq: 2,689.02 UoL: 51.59%
2019-10-26 08:34:24.018 INFO  singlejartest.TesterMainGUIMode - Running, Wed 2019.01.02 16:00 Eq: 2,734.18 UoL: 50.74%
2019-10-26 08:34:24.213 INFO  singlejartest.TesterMainGUIMode - Running, Wed 2019.01.02 16:30 Eq: 2,718.32 UoL: 51.04%
2019-10-26 08:34:24.444 INFO  singlejartest.TesterMainGUIMode - Running, Wed 2019.01.02 17:00 Eq: 2,697.57 UoL: 51.43%
2019-10-26 08:34:24.677 INFO  singlejartest.TesterMainGUIMode - Running, Wed 2019.01.02 17:30 Eq: 2,801.39 UoL: 49.41%
2019-10-26 08:34:24.828 INFO  singlejartest.TesterMainGUIMode - Running, Wed 2019.01.02 18:00 Eq: 2,945.42 UoL: 47.00%
2019-10-26 08:34:24.959 INFO  singlejartest.TesterMainGUIMode - Running, Wed 2019.01.02 18:30 Eq: 3,007.67 UoL: 46.02%
2019-10-26 08:34:25.076 INFO  singlejartest.TesterMainGUIMode - Running, Wed 2019.01.02 19:00 Eq: 3,035.75 UoL: 45.60%
2019-10-26 08:34:25.223 INFO  singlejartest.TesterMainGUIMode - Running, Wed 2019.01.02 19:30 Eq: 2,922.23 UoL: 47.37%
2019-10-26 08:34:25.379 INFO  singlejartest.TesterMainGUIMode - Running, Wed 2019.01.02 20:00 Eq: 2,842.89 UoL: 48.69%
2019-10-26 08:34:25.547 INFO  singlejartest.TesterMainGUIMode - Running, Wed 2019.01.02 20:30 Eq: 2,823.36 UoL: 49.03%
2019-10-26 08:34:25.703 INFO  singlejartest.TesterMainGUIMode - Running, Wed 2019.01.02 21:00 Eq: 2,847.53 UoL: 48.62%
2019-10-26 08:34:25.771 INFO  singlejartest.TesterMainGUIMode - Running, Wed 2019.01.02 21:30 Eq: 2,893.91 UoL: 47.84%
2019-10-26 08:34:25.903 INFO  singlejartest.TesterMainGUIMode - Running, Wed 2019.01.02 22:00 Eq: 2,849.97 UoL: 48.58%
2019-10-26 08:34:26.038 INFO  singlejartest.TesterMainGUIMode - Running, Wed 2019.01.02 22:30 Eq: 2,972.03 UoL: 46.59%
2019-10-26 08:34:26.267 INFO  singlejartest.TesterMainGUIMode - Running, Wed 2019.01.02 23:00 Eq: 1,980.21 UoL: .00%
2019-10-26 08:34:26.503 INFO  singlejartest.TesterMainGUIMode - Running, Wed 2019.01.02 23:30 Eq: 1,980.21 UoL: .00%
2019-10-26 08:34:26.742 INFO  singlejartest.TesterMainGUIMode - Running, Wed 2019.01.03 00:00 Eq: 2,272.15 UoL: 87.15%
2019-10-26 08:34:26.895 INFO  singlejartest.TesterMainGUIMode - Running, Wed 2019.01.03 00:30 Eq: 1,955.86 UoL: .00%
2019-10-26 08:34:27.039 INFO  singlejartest.TesterMainGUIMode - Running, Wed 2019.01.03 01:00 Eq: 1,955.86 UoL: .00%
2019-10-26 08:34:27.230 INFO  singlejartest.TesterMainGUIMode - Running, Wed 2019.01.03 01:30 Eq: 1,955.86 UoL: .00%
2019-10-26 08:34:27.357 INFO  singlejartest.TesterMainGUIMode - Running, Wed 2019.01.03 02:00 Eq: 1,955.86 UoL: .00%
2019-10-26 08:34:27.445 INFO  singlejartest.TesterMainGUIMode - Running, Wed 2019.01.03 02:30 Eq: 1,955.86 UoL: .00%
2019-10-26 08:34:27.615 INFO  singlejartest.TesterMainGUIMode - Running, Wed 2019.01.03 03:00 Eq: 1,955.86 UoL: .00%
2019-10-26 08:34:27.741 INFO  singlejartest.TesterMainGUIMode - Running, Wed 2019.01.03 03:30 Eq: 1,955.86 UoL: .00%
2019-10-26 08:34:27.853 INFO  singlejartest.TesterMainGUIMode - Running, Wed 2019.01.03 04:00 Eq: 1,955.86 UoL: .00%
2019-10-26 08:34:27.935 INFO  singlejartest.TesterMainGUIMode - Running, Wed 2019.01.03 04:30 Eq: 1,955.86 UoL: .00%
2019-10-26 08:34:27.996 INFO  singlejartest.TesterMainGUIMode - Running, Thu 2019.01.03 05:00 Eq: 1,955.86 UoL: .00%
2019-10-26 08:34:28.137 INFO  singlejartest.TesterMainGUIMode - Running, Thu 2019.01.03 05:30 Eq: 1,955.86 UoL: .00%
2019-10-26 08:34:28.265 INFO  singlejartest.TesterMainGUIMode - Running, Thu 2019.01.03 06:00 Eq: 1,955.86 UoL: .00%
2019-10-26 08:34:28.413 INFO  singlejartest.TesterMainGUIMode - Running, Thu 2019.01.03 06:30 Eq: 1,955.86 UoL: .00%
2019-10-26 08:34:28.571 INFO  singlejartest.TesterMainGUIMode - Running, Thu 2019.01.03 07:00 Eq: 1,955.86 UoL: .00%
2019-10-26 08:34:28.835 INFO  singlejartest.TesterMainGUIMode - Running, Thu 2019.01.03 07:30 Eq: 1,955.86 UoL: .00%
2019-10-26 08:34:29.070 INFO  singlejartest.TesterMainGUIMode - Running, Thu 2019.01.03 08:00 Eq: 1,955.86 UoL: .00%
2019-10-26 08:34:29.425 INFO  singlejartest.TesterMainGUIMode - Running, Thu 2019.01.03 08:30 Eq: 1,955.86 UoL: .00%
2019-10-26 08:34:29.672 INFO  singlejartest.TesterMainGUIMode - Running, Thu 2019.01.03 09:00 Eq: 1,955.86 UoL: .00%
2019-10-26 08:34:29.884 INFO  singlejartest.TesterMainGUIMode - Running, Thu 2019.01.03 09:30 Eq: 1,955.86 UoL: .00%
2019-10-26 08:34:30.058 INFO  singlejartest.TesterMainGUIMode - Running, Thu 2019.01.03 10:00 Eq: 1,955.86 UoL: .00%
2019-10-26 08:34:30.208 INFO  singlejartest.TesterMainGUIMode - Running, Thu 2019.01.03 10:30 Eq: 1,955.86 UoL: .00%
2019-10-26 08:34:30.352 INFO  singlejartest.TesterMainGUIMode - Running, Thu 2019.01.03 11:00 Eq: 1,955.86 UoL: .00%
2019-10-26 08:34:30.564 INFO  singlejartest.TesterMainGUIMode - Running, Thu 2019.01.03 11:30 Eq: 2,033.38 UoL: 96.19%
2019-10-26 08:34:30.697 INFO  singlejartest.TesterMainGUIMode - Running, Thu 2019.01.03 12:00 Eq: 2,257.21 UoL: 86.65%
2019-10-26 08:34:30.835 INFO  singlejartest.TesterMainGUIMode - Running, Thu 2019.01.03 12:30 Eq: 2,140.13 UoL: 91.39%
2019-10-26 08:34:30.965 INFO  singlejartest.TesterMainGUIMode - Running, Thu 2019.01.03 13:00 Eq: 2,224.49 UoL: 87.92%
2019-10-26 08:34:31.191 INFO  singlejartest.TesterMainGUIMode - Running, Thu 2019.01.03 13:30 Eq: 2,100.52 UoL: 93.11%
2019-10-26 08:34:31.369 INFO  singlejartest.TesterMainGUIMode - Running, Thu 2019.01.03 14:00 Eq: 1,930.12 UoL: .00%
2019-10-26 08:34:31.677 INFO  singlejartest.TesterMainGUIMode - Running, Thu 2019.01.03 14:30 Eq: 1,930.12 UoL: .00%
2019-10-26 08:34:31.914 INFO  singlejartest.TesterMainGUIMode - Running, Thu 2019.01.03 15:00 Eq: 1,930.12 UoL: .00%
2019-10-26 08:34:32.260 INFO  singlejartest.TesterMainGUIMode - Running, Thu 2019.01.03 15:30 Eq: 1,930.12 UoL: .00%
2019-10-26 08:34:32.595 INFO  singlejartest.TesterMainGUIMode - Running, Thu 2019.01.03 16:00 Eq: 1,930.12 UoL: .00%
2019-10-26 08:34:32.916 INFO  singlejartest.TesterMainGUIMode - Running, Thu 2019.01.03 16:30 Eq: 1,930.12 UoL: .00%
2019-10-26 08:34:33.260 INFO  singlejartest.TesterMainGUIMode - Running, Thu 2019.01.03 17:00 Eq: 1,772.54 UoL: 108.89%
2019-10-26 08:34:33.464 INFO  singlejartest.TesterMainGUIMode - Running, Thu 2019.01.03 17:30 Eq: 1,720.01 UoL: 112.22%
2019-10-26 08:34:33.672 INFO  singlejartest.TesterMainGUIMode - Running, Thu 2019.01.03 18:00 Eq: 1,764.07 UoL: 109.41%
2019-10-26 08:34:33.880 INFO  singlejartest.TesterMainGUIMode - Running, Thu 2019.01.03 18:30 Eq: 1,677.64 UoL: 115.05%
2019-10-26 08:34:33.986 INFO  singlejartest.TesterMainGUIMode - Running, Thu 2019.01.03 19:00 Eq: 1,731.87 UoL: 111.45%
2019-10-26 08:34:34.091 INFO  singlejartest.TesterMainGUIMode - Running, Thu 2019.01.03 19:30 Eq: 1,772.54 UoL: 108.89%
2019-10-26 08:34:34.238 INFO  singlejartest.TesterMainGUIMode - Running, Thu 2019.01.03 20:00 Eq: 1,889.47 UoL: 102.15%
2019-10-26 08:34:34.400 INFO  singlejartest.TesterMainGUIMode - Running, Thu 2019.01.03 20:30 Eq: 1,748.82 UoL: 110.37%
2019-10-26 08:34:34.513 INFO  singlejartest.TesterMainGUIMode - Running, Thu 2019.01.03 21:00 Eq: 1,785.42 UoL: 108.11%
2019-10-26 08:34:34.565 INFO  singlejartest.TesterMainGUIMode - Running, Thu 2019.01.03 21:30 Eq: 1,768.47 UoL: 109.15%
2019-10-26 08:34:34.626 INFO  singlejartest.TesterMainGUIMode - Running, Thu 2019.01.03 22:00 Eq: 1,856.59 UoL: 103.97%
2019-10-26 08:34:34.672 INFO  singlejartest.TesterMainGUIMode - Running, Thu 2019.01.03 22:30 Eq: 1,771.86 UoL: 108.94%
2019-10-26 08:34:34.727 INFO  singlejartest.TesterMainGUIMode - Running, Thu 2019.01.03 23:00 Eq: 1,858.29 UoL: 103.87%
2019-10-26 08:34:34.862 INFO  singlejartest.TesterMainGUIMode - Running, Thu 2019.01.03 23:30 Eq: 1,856.59 UoL: 103.97%
2019-10-26 08:34:34.952 INFO  singlejartest.TesterMainGUIMode - Running, Thu 2019.01.04 00:00 Eq: 1,920.99 UoL: 100.48%
2019-10-26 08:34:35.065 INFO  singlejartest.TesterMainGUIMode - Running, Thu 2019.01.04 00:30 Eq: 1,805.75 UoL: 106.89%
2019-10-26 08:34:35.151 INFO  singlejartest.TesterMainGUIMode - Running, Thu 2019.01.04 01:00 Eq: 1,666.80 UoL: 115.81%
2019-10-26 08:34:35.290 INFO  singlejartest.TesterMainGUIMode - Running, Thu 2019.01.04 01:30 Eq: 1,580.38 UoL: .00%
2019-10-26 08:34:35.416 INFO  singlejartest.TesterMainGUIMode - Running, Thu 2019.01.04 02:00 Eq: 1,580.38 UoL: .00%
2019-10-26 08:34:35.499 INFO  singlejartest.TesterMainGUIMode - Running, Thu 2019.01.04 02:30 Eq: 1,580.38 UoL: .00%
2019-10-26 08:34:35.576 INFO  singlejartest.TesterMainGUIMode - Running, Thu 2019.01.04 03:00 Eq: 1,580.38 UoL: .00%
2019-10-26 08:34:35.696 INFO  singlejartest.TesterMainGUIMode - Running, Thu 2019.01.04 03:30 Eq: 1,508.25 UoL: 104.78%
2019-10-26 08:34:35.792 INFO  singlejartest.TesterMainGUIMode - Running, Thu 2019.01.04 04:00 Eq: 1,461.07 UoL: 108.17%
2019-10-26 08:34:35.880 INFO  singlejartest.TesterMainGUIMode - Running, Thu 2019.01.04 04:30 Eq: 1,533.22 UoL: 103.08%
2019-10-26 08:34:35.963 INFO  singlejartest.TesterMainGUIMode - Running, Fri 2019.01.04 05:00 Eq: 1,512.41 UoL: 104.49%
2019-10-26 08:34:36.038 INFO  singlejartest.TesterMainGUIMode - Running, Fri 2019.01.04 05:30 Eq: 1,498.54 UoL: 105.46%
2019-10-26 08:34:36.138 INFO  singlejartest.TesterMainGUIMode - Running, Fri 2019.01.04 06:00 Eq: 1,569.30 UoL: 100.71%
2019-10-26 08:34:36.240 INFO  singlejartest.TesterMainGUIMode - Running, Fri 2019.01.04 06:30 Eq: 1,598.44 UoL: 98.87%
2019-10-26 08:34:36.324 INFO  singlejartest.TesterMainGUIMode - Running, Fri 2019.01.04 07:00 Eq: 1,526.29 UoL: 103.54%
2019-10-26 08:34:36.469 INFO  singlejartest.TesterMainGUIMode - Running, Fri 2019.01.04 07:30 Eq: 1,400.02 UoL: 112.88%
2019-10-26 08:34:36.614 INFO  singlejartest.TesterMainGUIMode - Running, Fri 2019.01.04 08:00 Eq: 1,323.71 UoL: 119.39%
2019-10-26 08:34:36.766 INFO  singlejartest.TesterMainGUIMode - Running, Fri 2019.01.04 08:30 Eq: 1,289.03 UoL: .00%
2019-10-26 08:34:36.928 INFO  singlejartest.TesterMainGUIMode - Running, Fri 2019.01.04 09:00 Eq: 1,289.03 UoL: .00%
2019-10-26 08:34:37.121 INFO  singlejartest.TesterMainGUIMode - Running, Fri 2019.01.04 09:30 Eq: 1,289.03 UoL: .00%
2019-10-26 08:34:37.258 INFO  singlejartest.TesterMainGUIMode - Running, Fri 2019.01.04 10:00 Eq: 1,289.03 UoL: .00%
2019-10-26 08:34:37.421 INFO  singlejartest.TesterMainGUIMode - Running, Fri 2019.01.04 10:30 Eq: 1,289.03 UoL: .00%
2019-10-26 08:34:37.531 INFO  singlejartest.TesterMainGUIMode - Running, Fri 2019.01.04 11:00 Eq: 1,289.03 UoL: .00%
2019-10-26 08:34:37.640 INFO  singlejartest.TesterMainGUIMode - Running, Fri 2019.01.04 11:30 Eq: 1,289.03 UoL: .00%
2019-10-26 08:34:37.750 INFO  singlejartest.TesterMainGUIMode - Running, Fri 2019.01.04 12:00 Eq: 1,289.03 UoL: .00%
2019-10-26 08:34:37.904 INFO  singlejartest.TesterMainGUIMode - Running, Fri 2019.01.04 12:30 Eq: 1,289.03 UoL: .00%
2019-10-26 08:34:38.038 INFO  singlejartest.TesterMainGUIMode - Running, Fri 2019.01.04 13:00 Eq: 1,289.03 UoL: .00%
2019-10-26 08:34:38.222 INFO  singlejartest.TesterMainGUIMode - Running, Fri 2019.01.04 13:30 Eq: 1,289.03 UoL: .00%
2019-10-26 08:34:38.619 INFO  singlejartest.TesterMainGUIMode - Running, Fri 2019.01.04 14:00 Eq: 1,289.03 UoL: .00%
2019-10-26 08:34:38.906 INFO  singlejartest.TesterMainGUIMode - Running, Fri 2019.01.04 14:30 Eq: 1,289.03 UoL: .00%
2019-10-26 08:34:39.163 INFO  singlejartest.TesterMainGUIMode - Running, Fri 2019.01.04 15:00 Eq: 1,289.03 UoL: .00%
2019-10-26 08:34:39.445 INFO  singlejartest.TesterMainGUIMode - Running, Fri 2019.01.04 15:30 Eq: 1,289.03 UoL: .00%
2019-10-26 08:34:39.733 INFO  singlejartest.TesterMainGUIMode - Running, Fri 2019.01.04 16:00 Eq: 1,289.03 UoL: .00%
2019-10-26 08:34:39.955 INFO  singlejartest.TesterMainGUIMode - Running, Fri 2019.01.04 16:30 Eq: 1,289.03 UoL: .00%
2019-10-26 08:34:40.095 INFO  singlejartest.TesterMainGUIMode - Running, Fri 2019.01.04 17:00 Eq: 1,289.03 UoL: .00%
2019-10-26 08:34:40.232 INFO  singlejartest.TesterMainGUIMode - Running, Fri 2019.01.04 17:30 Eq: 1,289.03 UoL: .00%
2019-10-26 08:34:40.343 INFO  singlejartest.TesterMainGUIMode - Running, Fri 2019.01.04 18:00 Eq: 1,289.03 UoL: .00%
2019-10-26 08:34:40.457 INFO  singlejartest.TesterMainGUIMode - Running, Fri 2019.01.04 18:30 Eq: 1,289.03 UoL: .00%
2019-10-26 08:34:40.572 INFO  singlejartest.TesterMainGUIMode - Running, Fri 2019.01.04 19:00 Eq: 1,289.03 UoL: .00%
2019-10-26 08:34:40.726 INFO  singlejartest.TesterMainGUIMode - Running, Fri 2019.01.04 19:30 Eq: 1,289.03 UoL: .00%
2019-10-26 08:34:40.887 INFO  singlejartest.TesterMainGUIMode - Running, Fri 2019.01.04 20:00 Eq: 1,289.03 UoL: .00%
2019-10-26 08:34:40.993 INFO  singlejartest.TesterMainGUIMode - Running, Fri 2019.01.04 20:30 Eq: 1,289.03 UoL: .00%
2019-10-26 08:34:41.060 INFO  singlejartest.TesterMainGUIMode - Running, Fri 2019.01.04 21:00 Eq: 1,289.03 UoL: .00%
2019-10-26 08:34:41.102 INFO  singlejartest.TesterMainGUIMode - Running, Fri 2019.01.04 21:30 Eq: 1,289.03 UoL: .00%
2019-10-26 08:34:41.149 INFO  singlejartest.TesterMainGUIMode - Running, Fri 2019.01.04 22:00 Eq: 1,289.03 UoL: .00%
2019-10-26 08:34:41.153 INFO  singlejartest.TesterMainGUIMode - Running, Fri 2019.01.04 22:30 Eq: 1,289.03 UoL: .00%
2019-10-26 08:34:41.156 INFO  singlejartest.TesterMainGUIMode - Running, Fri 2019.01.04 23:00 Eq: 1,289.03 UoL: .00%
2019-10-26 08:34:41.159 INFO  singlejartest.TesterMainGUIMode - Running, Fri 2019.01.04 23:30 Eq: 1,289.03 UoL: .00%
2019-10-26 08:34:41.163 INFO  singlejartest.TesterMainGUIMode - Running, Fri 2019.01.05 00:00 Eq: 1,289.03 UoL: .00%
2019-10-26 08:34:41.166 INFO  singlejartest.TesterMainGUIMode - Running, Fri 2019.01.05 00:30 Eq: 1,289.03 UoL: .00%
2019-10-26 08:34:41.169 INFO  singlejartest.TesterMainGUIMode - Running, Fri 2019.01.05 01:00 Eq: 1,289.03 UoL: .00%
2019-10-26 08:34:41.172 INFO  singlejartest.TesterMainGUIMode - Running, Fri 2019.01.05 01:30 Eq: 1,289.03 UoL: .00%
2019-10-26 08:34:41.176 INFO  singlejartest.TesterMainGUIMode - Running, Fri 2019.01.05 02:00 Eq: 1,289.03 UoL: .00%
2019-10-26 08:34:41.179 INFO  singlejartest.TesterMainGUIMode - Running, Fri 2019.01.05 02:30 Eq: 1,289.03 UoL: .00%
2019-10-26 08:34:41.182 INFO  singlejartest.TesterMainGUIMode - Running, Fri 2019.01.05 03:00 Eq: 1,289.03 UoL: .00%
2019-10-26 08:34:41.185 INFO  singlejartest.TesterMainGUIMode - Running, Fri 2019.01.05 03:30 Eq: 1,289.03 UoL: .00%
2019-10-26 08:34:41.188 INFO  singlejartest.TesterMainGUIMode - Running, Fri 2019.01.05 04:00 Eq: 1,289.03 UoL: .00%
2019-10-26 08:34:41.191 INFO  singlejartest.TesterMainGUIMode - Running, Fri 2019.01.05 04:30 Eq: 1,289.03 UoL: .00%
2019-10-26 08:34:41.194 INFO  singlejartest.TesterMainGUIMode - Running, Sat 2019.01.05 05:00 Eq: 1,289.03 UoL: .00%
2019-10-26 08:34:41.197 INFO  singlejartest.TesterMainGUIMode - Running, Sat 2019.01.05 05:30 Eq: 1,289.03 UoL: .00%
2019-10-26 08:34:41.200 INFO  singlejartest.TesterMainGUIMode - Running, Sat 2019.01.05 06:00 Eq: 1,289.03 UoL: .00%
2019-10-26 08:34:41.203 INFO  singlejartest.TesterMainGUIMode - Running, Sat 2019.01.05 06:30 Eq: 1,289.03 UoL: .00%
2019-10-26 08:34:41.208 INFO  singlejartest.TesterMainGUIMode - Running, Sat 2019.01.05 07:00 Eq: 1,289.03 UoL: .00%
2019-10-26 08:34:41.212 INFO  singlejartest.TesterMainGUIMode - Running, Sat 2019.01.05 07:30 Eq: 1,289.03 UoL: .00%
2019-10-26 08:34:41.215 INFO  singlejartest.TesterMainGUIMode - Running, Sat 2019.01.05 08:00 Eq: 1,289.03 UoL: .00%
2019-10-26 08:34:41.217 INFO  singlejartest.TesterMainGUIMode - Running, Sat 2019.01.05 08:30 Eq: 1,289.03 UoL: .00%
2019-10-26 08:34:41.219 INFO  singlejartest.TesterMainGUIMode - Running, Sat 2019.01.05 09:00 Eq: 1,289.03 UoL: .00%
2019-10-26 08:34:41.222 INFO  singlejartest.TesterMainGUIMode - Running, Sat 2019.01.05 09:30 Eq: 1,289.03 UoL: .00%
2019-10-26 08:34:41.225 INFO  singlejartest.TesterMainGUIMode - Running, Sat 2019.01.05 10:00 Eq: 1,289.03 UoL: .00%
2019-10-26 08:34:41.229 INFO  singlejartest.TesterMainGUIMode - Running, Sat 2019.01.05 10:30 Eq: 1,289.03 UoL: .00%
2019-10-26 08:34:41.233 INFO  singlejartest.TesterMainGUIMode - Running, Sat 2019.01.05 11:00 Eq: 1,289.03 UoL: .00%
2019-10-26 08:34:41.236 INFO  singlejartest.TesterMainGUIMode - Running, Sat 2019.01.05 11:30 Eq: 1,289.03 UoL: .00%
2019-10-26 08:34:41.240 INFO  singlejartest.TesterMainGUIMode - Running, Sat 2019.01.05 12:00 Eq: 1,289.03 UoL: .00%
2019-10-26 08:34:41.243 INFO  singlejartest.TesterMainGUIMode - Running, Sat 2019.01.05 12:30 Eq: 1,289.03 UoL: .00%
2019-10-26 08:34:41.245 INFO  singlejartest.TesterMainGUIMode - Running, Sat 2019.01.05 13:00 Eq: 1,289.03 UoL: .00%
2019-10-26 08:34:41.248 INFO  singlejartest.TesterMainGUIMode - Running, Sat 2019.01.05 13:30 Eq: 1,289.03 UoL: .00%
2019-10-26 08:34:41.251 INFO  singlejartest.TesterMainGUIMode - Running, Sat 2019.01.05 14:00 Eq: 1,289.03 UoL: .00%
2019-10-26 08:34:41.253 INFO  singlejartest.TesterMainGUIMode - Running, Sat 2019.01.05 14:30 Eq: 1,289.03 UoL: .00%
2019-10-26 08:34:41.256 INFO  singlejartest.TesterMainGUIMode - Running, Sat 2019.01.05 15:00 Eq: 1,289.03 UoL: .00%
2019-10-26 08:34:41.258 INFO  singlejartest.TesterMainGUIMode - Running, Sat 2019.01.05 15:30 Eq: 1,289.03 UoL: .00%
2019-10-26 08:34:41.261 INFO  singlejartest.TesterMainGUIMode - Running, Sat 2019.01.05 16:00 Eq: 1,289.03 UoL: .00%
2019-10-26 08:34:41.263 INFO  singlejartest.TesterMainGUIMode - Running, Sat 2019.01.05 16:30 Eq: 1,289.03 UoL: .00%
2019-10-26 08:34:41.265 INFO  singlejartest.TesterMainGUIMode - Running, Sat 2019.01.05 17:00 Eq: 1,289.03 UoL: .00%
2019-10-26 08:34:41.268 INFO  singlejartest.TesterMainGUIMode - Running, Sat 2019.01.05 17:30 Eq: 1,289.03 UoL: .00%
2019-10-26 08:34:41.270 INFO  singlejartest.TesterMainGUIMode - Running, Sat 2019.01.05 18:00 Eq: 1,289.03 UoL: .00%
2019-10-26 08:34:41.272 INFO  singlejartest.TesterMainGUIMode - Running, Sat 2019.01.05 18:30 Eq: 1,289.03 UoL: .00%
2019-10-26 08:34:41.274 INFO  singlejartest.TesterMainGUIMode - Running, Sat 2019.01.05 19:00 Eq: 1,289.03 UoL: .00%
2019-10-26 08:34:41.275 INFO  singlejartest.TesterMainGUIMode - Running, Sat 2019.01.05 19:30 Eq: 1,289.03 UoL: .00%
2019-10-26 08:34:41.277 INFO  singlejartest.TesterMainGUIMode - Running, Sat 2019.01.05 20:00 Eq: 1,289.03 UoL: .00%
2019-10-26 08:34:41.279 INFO  singlejartest.TesterMainGUIMode - Running, Sat 2019.01.05 20:30 Eq: 1,289.03 UoL: .00%
2019-10-26 08:34:41.281 INFO  singlejartest.TesterMainGUIMode - Running, Sat 2019.01.05 21:00 Eq: 1,289.03 UoL: .00%
2019-10-26 08:34:41.282 INFO  singlejartest.TesterMainGUIMode - Running, Sat 2019.01.05 21:30 Eq: 1,289.03 UoL: .00%
2019-10-26 08:34:41.284 INFO  singlejartest.TesterMainGUIMode - Running, Sat 2019.01.05 22:00 Eq: 1,289.03 UoL: .00%
2019-10-26 08:34:41.286 INFO  singlejartest.TesterMainGUIMode - Running, Sat 2019.01.05 22:30 Eq: 1,289.03 UoL: .00%
2019-10-26 08:34:41.287 INFO  singlejartest.TesterMainGUIMode - Running, Sat 2019.01.05 23:00 Eq: 1,289.03 UoL: .00%
2019-10-26 08:34:41.289 INFO  singlejartest.TesterMainGUIMode - Running, Sat 2019.01.05 23:30 Eq: 1,289.03 UoL: .00%
2019-10-26 08:34:41.291 INFO  singlejartest.TesterMainGUIMode - Running, Sat 2019.01.06 00:00 Eq: 1,289.03 UoL: .00%
2019-10-26 08:34:41.292 INFO  singlejartest.TesterMainGUIMode - Running, Sat 2019.01.06 00:30 Eq: 1,289.03 UoL: .00%
2019-10-26 08:34:41.294 INFO  singlejartest.TesterMainGUIMode - Running, Sat 2019.01.06 01:00 Eq: 1,289.03 UoL: .00%
2019-10-26 08:34:41.296 INFO  singlejartest.TesterMainGUIMode - Running, Sat 2019.01.06 01:30 Eq: 1,289.03 UoL: .00%
2019-10-26 08:34:41.298 INFO  singlejartest.TesterMainGUIMode - Running, Sat 2019.01.06 02:00 Eq: 1,289.03 UoL: .00%
2019-10-26 08:34:41.299 INFO  singlejartest.TesterMainGUIMode - Running, Sat 2019.01.06 02:30 Eq: 1,289.03 UoL: .00%
2019-10-26 08:34:41.301 INFO  singlejartest.TesterMainGUIMode - Running, Sat 2019.01.06 03:00 Eq: 1,289.03 UoL: .00%
2019-10-26 08:34:41.303 INFO  singlejartest.TesterMainGUIMode - Running, Sat 2019.01.06 03:30 Eq: 1,289.03 UoL: .00%
2019-10-26 08:34:41.305 INFO  singlejartest.TesterMainGUIMode - Running, Sat 2019.01.06 04:00 Eq: 1,289.03 UoL: .00%
2019-10-26 08:34:41.306 INFO  singlejartest.TesterMainGUIMode - Running, Sat 2019.01.06 04:30 Eq: 1,289.03 UoL: .00%
2019-10-26 08:34:41.309 INFO  singlejartest.TesterMainGUIMode - Running, Sun 2019.01.06 05:00 Eq: 1,289.03 UoL: .00%
2019-10-26 08:34:41.311 INFO  singlejartest.TesterMainGUIMode - Running, Sun 2019.01.06 05:30 Eq: 1,289.03 UoL: .00%
2019-10-26 08:34:41.313 INFO  singlejartest.TesterMainGUIMode - Running, Sun 2019.01.06 06:00 Eq: 1,289.03 UoL: .00%
2019-10-26 08:34:41.315 INFO  singlejartest.TesterMainGUIMode - Running, Sun 2019.01.06 06:30 Eq: 1,289.03 UoL: .00%
2019-10-26 08:34:41.317 INFO  singlejartest.TesterMainGUIMode - Running, Sun 2019.01.06 07:00 Eq: 1,289.03 UoL: .00%
2019-10-26 08:34:41.318 INFO  singlejartest.TesterMainGUIMode - Running, Sun 2019.01.06 07:30 Eq: 1,289.03 UoL: .00%
2019-10-26 08:34:41.321 INFO  singlejartest.TesterMainGUIMode - Running, Sun 2019.01.06 08:00 Eq: 1,289.03 UoL: .00%
2019-10-26 08:34:41.323 INFO  singlejartest.TesterMainGUIMode - Running, Sun 2019.01.06 08:30 Eq: 1,289.03 UoL: .00%
2019-10-26 08:34:41.325 INFO  singlejartest.TesterMainGUIMode - Running, Sun 2019.01.06 09:00 Eq: 1,289.03 UoL: .00%
2019-10-26 08:34:41.328 INFO  singlejartest.TesterMainGUIMode - Running, Sun 2019.01.06 09:30 Eq: 1,289.03 UoL: .00%
2019-10-26 08:34:41.331 INFO  singlejartest.TesterMainGUIMode - Running, Sun 2019.01.06 10:00 Eq: 1,289.03 UoL: .00%
2019-10-26 08:34:41.334 INFO  singlejartest.TesterMainGUIMode - Running, Sun 2019.01.06 10:30 Eq: 1,289.03 UoL: .00%
2019-10-26 08:34:41.337 INFO  singlejartest.TesterMainGUIMode - Running, Sun 2019.01.06 11:00 Eq: 1,289.03 UoL: .00%
2019-10-26 08:34:41.338 INFO  singlejartest.TesterMainGUIMode - Running, Sun 2019.01.06 11:30 Eq: 1,289.03 UoL: .00%
2019-10-26 08:34:41.340 INFO  singlejartest.TesterMainGUIMode - Running, Sun 2019.01.06 12:00 Eq: 1,289.03 UoL: .00%
2019-10-26 08:34:41.342 INFO  singlejartest.TesterMainGUIMode - Running, Sun 2019.01.06 12:30 Eq: 1,289.03 UoL: .00%
2019-10-26 08:34:41.344 INFO  singlejartest.TesterMainGUIMode - Running, Sun 2019.01.06 13:00 Eq: 1,289.03 UoL: .00%
2019-10-26 08:34:41.346 INFO  singlejartest.TesterMainGUIMode - Running, Sun 2019.01.06 13:30 Eq: 1,289.03 UoL: .00%
2019-10-26 08:34:41.348 INFO  singlejartest.TesterMainGUIMode - Running, Sun 2019.01.06 14:00 Eq: 1,289.03 UoL: .00%
2019-10-26 08:34:41.350 INFO  singlejartest.TesterMainGUIMode - Running, Sun 2019.01.06 14:30 Eq: 1,289.03 UoL: .00%
2019-10-26 08:34:41.352 INFO  singlejartest.TesterMainGUIMode - Running, Sun 2019.01.06 15:00 Eq: 1,289.03 UoL: .00%
2019-10-26 08:34:41.354 INFO  singlejartest.TesterMainGUIMode - Running, Sun 2019.01.06 15:30 Eq: 1,289.03 UoL: .00%
2019-10-26 08:34:41.355 INFO  singlejartest.TesterMainGUIMode - Running, Sun 2019.01.06 16:00 Eq: 1,289.03 UoL: .00%
2019-10-26 08:34:41.357 INFO  singlejartest.TesterMainGUIMode - Running, Sun 2019.01.06 16:30 Eq: 1,289.03 UoL: .00%
2019-10-26 08:34:41.359 INFO  singlejartest.TesterMainGUIMode - Running, Sun 2019.01.06 17:00 Eq: 1,289.03 UoL: .00%
2019-10-26 08:34:41.361 INFO  singlejartest.TesterMainGUIMode - Running, Sun 2019.01.06 17:30 Eq: 1,289.03 UoL: .00%
2019-10-26 08:34:41.362 INFO  singlejartest.TesterMainGUIMode - Running, Sun 2019.01.06 18:00 Eq: 1,289.03 UoL: .00%
2019-10-26 08:34:41.364 INFO  singlejartest.TesterMainGUIMode - Running, Sun 2019.01.06 18:30 Eq: 1,289.03 UoL: .00%
2019-10-26 08:34:41.366 INFO  singlejartest.TesterMainGUIMode - Running, Sun 2019.01.06 19:00 Eq: 1,289.03 UoL: .00%
2019-10-26 08:34:41.367 INFO  singlejartest.TesterMainGUIMode - Running, Sun 2019.01.06 19:30 Eq: 1,289.03 UoL: .00%
2019-10-26 08:34:41.369 INFO  singlejartest.TesterMainGUIMode - Running, Sun 2019.01.06 20:00 Eq: 1,289.03 UoL: .00%
2019-10-26 08:34:41.371 INFO  singlejartest.TesterMainGUIMode - Running, Sun 2019.01.06 20:30 Eq: 1,289.03 UoL: .00%
2019-10-26 08:34:41.373 INFO  singlejartest.TesterMainGUIMode - Running, Sun 2019.01.06 21:00 Eq: 1,289.03 UoL: .00%
2019-10-26 08:34:41.376 INFO  singlejartest.TesterMainGUIMode - Running, Sun 2019.01.06 21:30 Eq: 1,289.03 UoL: .00%
2019-10-26 08:34:41.404 INFO  singlejartest.TesterMainGUIMode - Running, Sun 2019.01.06 22:00 Eq: 1,289.03 UoL: .00%
2019-10-26 08:34:41.458 INFO  singlejartest.TesterMainGUIMode - Running, Sun 2019.01.06 22:30 Eq: 1,289.03 UoL: .00%
2019-10-26 08:34:41.484 INFO  singlejartest.TesterMainGUIMode - Running, Sun 2019.01.06 23:00 Eq: 1,289.03 UoL: .00%
2019-10-26 08:34:41.600 INFO  singlejartest.TesterMainGUIMode - Running, Sun 2019.01.06 23:30 Eq: 1,289.03 UoL: .00%
2019-10-26 08:34:41.743 INFO  singlejartest.TesterMainGUIMode - Running, Sun 2019.01.07 00:00 Eq: 1,289.03 UoL: .00%
2019-10-26 08:34:41.837 INFO  singlejartest.TesterMainGUIMode - Running, Sun 2019.01.07 00:30 Eq: 1,289.03 UoL: .00%
2019-10-26 08:34:41.911 INFO  singlejartest.TesterMainGUIMode - Running, Sun 2019.01.07 01:00 Eq: 1,289.03 UoL: .00%
2019-10-26 08:34:41.972 INFO  singlejartest.TesterMainGUIMode - Running, Sun 2019.01.07 01:30 Eq: 1,289.03 UoL: .00%
2019-10-26 08:34:42.060 INFO  singlejartest.TesterMainGUIMode - Running, Sun 2019.01.07 02:00 Eq: 1,289.03 UoL: .00%
2019-10-26 08:34:42.122 INFO  singlejartest.TesterMainGUIMode - Running, Sun 2019.01.07 02:30 Eq: 1,289.03 UoL: .00%
2019-10-26 08:34:42.189 INFO  singlejartest.TesterMainGUIMode - Running, Sun 2019.01.07 03:00 Eq: 1,289.03 UoL: .00%
2019-10-26 08:34:42.267 INFO  singlejartest.TesterMainGUIMode - Running, Sun 2019.01.07 03:30 Eq: 1,289.03 UoL: .00%
2019-10-26 08:34:42.349 INFO  singlejartest.TesterMainGUIMode - Running, Sun 2019.01.07 04:00 Eq: 1,289.03 UoL: .00%
2019-10-26 08:34:42.445 INFO  singlejartest.TesterMainGUIMode - Running, Sun 2019.01.07 04:30 Eq: 1,289.03 UoL: .00%
2019-10-26 08:34:42.520 INFO  singlejartest.TesterMainGUIMode - Running, Mon 2019.01.07 05:00 Eq: 1,289.03 UoL: .00%
2019-10-26 08:34:42.579 INFO  singlejartest.TesterMainGUIMode - Running, Mon 2019.01.07 05:30 Eq: 1,289.03 UoL: .00%
2019-10-26 08:34:42.650 INFO  singlejartest.TesterMainGUIMode - Running, Mon 2019.01.07 06:00 Eq: 1,289.03 UoL: .00%
2019-10-26 08:34:42.756 INFO  singlejartest.TesterMainGUIMode - Running, Mon 2019.01.07 06:30 Eq: 1,289.03 UoL: .00%
2019-10-26 08:34:42.824 INFO  singlejartest.TesterMainGUIMode - Running, Mon 2019.01.07 07:00 Eq: 1,289.03 UoL: .00%
2019-10-26 08:34:42.970 INFO  singlejartest.TesterMainGUIMode - Running, Mon 2019.01.07 07:30 Eq: 1,289.03 UoL: .00%
2019-10-26 08:34:43.122 INFO  singlejartest.TesterMainGUIMode - Running, Mon 2019.01.07 08:00 Eq: 1,289.03 UoL: .00%
2019-10-26 08:34:43.336 INFO  singlejartest.TesterMainGUIMode - Running, Mon 2019.01.07 08:30 Eq: 1,289.03 UoL: .00%
2019-10-26 08:34:43.492 INFO  singlejartest.TesterMainGUIMode - Running, Mon 2019.01.07 09:00 Eq: 1,289.03 UoL: .00%
2019-10-26 08:34:43.616 INFO  singlejartest.TesterMainGUIMode - Running, Mon 2019.01.07 09:30 Eq: 1,289.03 UoL: .00%
2019-10-26 08:34:43.736 INFO  singlejartest.TesterMainGUIMode - Running, Mon 2019.01.07 10:00 Eq: 1,289.03 UoL: .00%
2019-10-26 08:34:43.855 INFO  singlejartest.TesterMainGUIMode - Running, Mon 2019.01.07 10:30 Eq: 1,289.03 UoL: .00%
2019-10-26 08:34:43.964 INFO  singlejartest.TesterMainGUIMode - Running, Mon 2019.01.07 11:00 Eq: 1,289.03 UoL: .00%
2019-10-26 08:34:44.056 INFO  singlejartest.TesterMainGUIMode - Running, Mon 2019.01.07 11:30 Eq: 1,289.03 UoL: .00%
2019-10-26 08:34:44.160 INFO  singlejartest.TesterMainGUIMode - Running, Mon 2019.01.07 12:00 Eq: 1,289.03 UoL: .00%
2019-10-26 08:34:44.281 INFO  singlejartest.TesterMainGUIMode - Running, Mon 2019.01.07 12:30 Eq: 1,289.03 UoL: .00%
2019-10-26 08:34:44.418 INFO  singlejartest.TesterMainGUIMode - Running, Mon 2019.01.07 13:00 Eq: 1,289.03 UoL: .00%
2019-10-26 08:34:44.579 INFO  singlejartest.TesterMainGUIMode - Running, Mon 2019.01.07 13:30 Eq: 1,289.03 UoL: .00%
2019-10-26 08:34:44.747 INFO  singlejartest.TesterMainGUIMode - Running, Mon 2019.01.07 14:00 Eq: 1,289.03 UoL: .00%
2019-10-26 08:34:44.974 INFO  singlejartest.TesterMainGUIMode - Running, Mon 2019.01.07 14:30 Eq: 1,289.03 UoL: .00%
2019-10-26 08:34:45.192 INFO  singlejartest.TesterMainGUIMode - Running, Mon 2019.01.07 15:00 Eq: 1,289.03 UoL: .00%
2019-10-26 08:34:45.439 INFO  singlejartest.TesterMainGUIMode - Running, Mon 2019.01.07 15:30 Eq: 1,289.03 UoL: .00%
2019-10-26 08:34:45.703 INFO  singlejartest.TesterMainGUIMode - Running, Mon 2019.01.07 16:00 Eq: 1,289.03 UoL: .00%
2019-10-26 08:34:45.914 INFO  singlejartest.TesterMainGUIMode - Running, Mon 2019.01.07 16:30 Eq: 1,289.03 UoL: .00%
2019-10-26 08:34:46.071 INFO  singlejartest.TesterMainGUIMode - Running, Mon 2019.01.07 17:00 Eq: 1,289.03 UoL: .00%
2019-10-26 08:34:46.179 INFO  singlejartest.TesterMainGUIMode - Running, Mon 2019.01.07 17:30 Eq: 1,289.03 UoL: .00%
2019-10-26 08:34:46.276 INFO  singlejartest.TesterMainGUIMode - Running, Mon 2019.01.07 18:00 Eq: 1,289.03 UoL: .00%
2019-10-26 08:34:46.402 INFO  singlejartest.TesterMainGUIMode - Running, Mon 2019.01.07 18:30 Eq: 1,289.03 UoL: .00%
2019-10-26 08:34:46.529 INFO  singlejartest.TesterMainGUIMode - Running, Mon 2019.01.07 19:00 Eq: 1,289.03 UoL: .00%
2019-10-26 08:34:46.644 INFO  singlejartest.TesterMainGUIMode - Running, Mon 2019.01.07 19:30 Eq: 1,289.03 UoL: .00%
2019-10-26 08:34:46.732 INFO  singlejartest.TesterMainGUIMode - Running, Mon 2019.01.07 20:00 Eq: 1,289.03 UoL: .00%
2019-10-26 08:34:46.823 INFO  singlejartest.TesterMainGUIMode - Running, Mon 2019.01.07 20:30 Eq: 1,289.03 UoL: .00%
2019-10-26 08:34:46.887 INFO  singlejartest.TesterMainGUIMode - Running, Mon 2019.01.07 21:00 Eq: 1,289.03 UoL: .00%
2019-10-26 08:34:46.914 INFO  singlejartest.TesterMainGUIMode - Running, Mon 2019.01.07 21:30 Eq: 1,289.03 UoL: .00%
2019-10-26 08:34:46.952 INFO  singlejartest.TesterMainGUIMode - Running, Mon 2019.01.07 22:00 Eq: 1,289.03 UoL: .00%
2019-10-26 08:34:46.986 INFO  singlejartest.TesterMainGUIMode - Running, Mon 2019.01.07 22:30 Eq: 1,289.03 UoL: .00%
2019-10-26 08:34:47.036 INFO  singlejartest.TesterMainGUIMode - Running, Mon 2019.01.07 23:00 Eq: 1,289.03 UoL: .00%
2019-10-26 08:34:47.107 INFO  singlejartest.TesterMainGUIMode - Running, Mon 2019.01.07 23:30 Eq: 1,289.03 UoL: .00%
2019-10-26 08:34:47.184 INFO  singlejartest.TesterMainGUIMode - Running, Mon 2019.01.08 00:00 Eq: 1,289.03 UoL: .00%
2019-10-26 08:34:47.270 INFO  singlejartest.TesterMainGUIMode - Running, Mon 2019.01.08 00:30 Eq: 1,289.03 UoL: .00%
2019-10-26 08:34:47.379 INFO  singlejartest.TesterMainGUIMode - Running, Mon 2019.01.08 01:00 Eq: 1,289.03 UoL: .00%
2019-10-26 08:34:47.501 INFO  singlejartest.TesterMainGUIMode - Running, Mon 2019.01.08 01:30 Eq: 1,284.52 UoL: 100.35%
2019-10-26 08:34:47.630 INFO  singlejartest.TesterMainGUIMode - Running, Mon 2019.01.08 02:00 Eq: 1,415.00 UoL: 91.10%
2019-10-26 08:34:47.730 INFO  singlejartest.TesterMainGUIMode - Running, Mon 2019.01.08 02:30 Eq: 1,394.75 UoL: 92.42%
2019-10-26 08:34:47.852 INFO  singlejartest.TesterMainGUIMode - Running, Mon 2019.01.08 03:00 Eq: 1,389.13 UoL: 92.79%
2019-10-26 08:34:47.926 INFO  singlejartest.TesterMainGUIMode - Running, Mon 2019.01.08 03:30 Eq: 1,437.49 UoL: 89.67%
2019-10-26 08:34:48.029 INFO  singlejartest.TesterMainGUIMode - Running, Mon 2019.01.08 04:00 Eq: 1,521.85 UoL: 84.70%
2019-10-26 08:34:48.113 INFO  singlejartest.TesterMainGUIMode - Running, Mon 2019.01.08 04:30 Eq: 1,527.47 UoL: 84.20%
2019-10-26 08:34:48.169 INFO  singlejartest.TesterMainGUIMode - Running, Tue 2019.01.08 05:00 Eq: 1,508.35 UoL: 85.27%
2019-10-26 08:34:48.250 INFO  singlejartest.TesterMainGUIMode - Running, Tue 2019.01.08 05:30 Eq: 1,475.73 UoL: 87.16%
2019-10-26 08:34:48.317 INFO  singlejartest.TesterMainGUIMode - Running, Tue 2019.01.08 06:00 Eq: 1,453.23 UoL: 88.50%
2019-10-26 08:34:48.408 INFO  singlejartest.TesterMainGUIMode - Running, Tue 2019.01.08 06:30 Eq: 1,363.25 UoL: 94.35%
2019-10-26 08:34:48.477 INFO  singlejartest.TesterMainGUIMode - Running, Tue 2019.01.08 07:00 Eq: 1,430.74 UoL: 89.90%
2019-10-26 08:34:48.681 INFO  singlejartest.TesterMainGUIMode - Running, Tue 2019.01.08 07:30 Eq: 1,464.48 UoL: 87.82%
2019-10-26 08:34:48.787 INFO  singlejartest.TesterMainGUIMode - Running, Tue 2019.01.08 08:00 Eq: 1,452.11 UoL: 88.57%
2019-10-26 08:34:48.946 INFO  singlejartest.TesterMainGUIMode - Running, Tue 2019.01.08 08:30 Eq: 1,446.48 UoL: 88.92%
2019-10-26 08:34:49.063 INFO  singlejartest.TesterMainGUIMode - Running, Tue 2019.01.08 09:00 Eq: 1,394.74 UoL: 92.22%
2019-10-26 08:34:49.195 INFO  singlejartest.TesterMainGUIMode - Running, Tue 2019.01.08 09:30 Eq: 1,320.51 UoL: 97.40%
2019-10-26 08:34:49.321 INFO  singlejartest.TesterMainGUIMode - Running, Tue 2019.01.08 10:00 Eq: 1,264.25 UoL: .00%
2019-10-26 08:34:49.561 INFO  singlejartest.TesterMainGUIMode - Running, Tue 2019.01.08 10:30 Eq: 1,210.10 UoL: 104.47%
2019-10-26 08:34:49.776 INFO  singlejartest.TesterMainGUIMode - Running, Tue 2019.01.08 11:00 Eq: 1,192.42 UoL: 106.02%
2019-10-26 08:34:49.938 INFO  singlejartest.TesterMainGUIMode - Running, Tue 2019.01.08 11:30 Eq: 1,192.42 UoL: 106.02%
2019-10-26 08:34:50.070 INFO  singlejartest.TesterMainGUIMode - Running, Tue 2019.01.08 12:00 Eq: 1,029.96 UoL: .00%
2019-10-26 08:34:50.194 INFO  singlejartest.TesterMainGUIMode - Running, Tue 2019.01.08 12:30 Eq: 1,029.96 UoL: .00%
2019-10-26 08:34:50.340 INFO  singlejartest.TesterMainGUIMode - Running, Tue 2019.01.08 13:00 Eq: 1,029.96 UoL: .00%
2019-10-26 08:34:50.597 INFO  singlejartest.TesterMainGUIMode - Running, Tue 2019.01.08 13:30 Eq: 1,010.14 UoL: 101.96%
2019-10-26 08:34:50.779 INFO  singlejartest.TesterMainGUIMode - Running, Tue 2019.01.08 14:00 Eq: 1,137.09 UoL: 90.58%
2019-10-26 08:34:50.955 INFO  singlejartest.TesterMainGUIMode - Running, Tue 2019.01.08 14:30 Eq: 1,079.47 UoL: 95.41%
2019-10-26 08:34:51.119 INFO  singlejartest.TesterMainGUIMode - Running, Tue 2019.01.08 15:00 Eq: 1,036.25 UoL: 99.39%
2019-10-26 08:34:51.285 INFO  singlejartest.TesterMainGUIMode - Running, Tue 2019.01.08 15:30 Eq: 1,079.47 UoL: 95.41%
2019-10-26 08:34:51.455 INFO  singlejartest.TesterMainGUIMode - Running, Tue 2019.01.08 16:00 Eq: 1,008.34 UoL: 102.14%
2019-10-26 08:34:51.614 INFO  singlejartest.TesterMainGUIMode - Running, Tue 2019.01.08 16:30 Eq: 992.14 UoL: 103.81%
2019-10-26 08:34:51.767 INFO  singlejartest.TesterMainGUIMode - Running, Tue 2019.01.08 17:00 Eq: 995.74 UoL: 103.44%
2019-10-26 08:34:51.935 INFO  singlejartest.TesterMainGUIMode - Running, Tue 2019.01.08 17:30 Eq: 981.33 UoL: 104.95%
2019-10-26 08:34:52.036 INFO  singlejartest.TesterMainGUIMode - Running, Tue 2019.01.08 18:00 Eq: 908.40 UoL: .00%
2019-10-26 08:34:52.128 INFO  singlejartest.TesterMainGUIMode - Running, Tue 2019.01.08 18:30 Eq: 908.40 UoL: .00%
2019-10-26 08:34:52.202 INFO  singlejartest.TesterMainGUIMode - Running, Tue 2019.01.08 19:00 Eq: 908.40 UoL: .00%
2019-10-26 08:34:52.259 INFO  singlejartest.TesterMainGUIMode - Running, Tue 2019.01.08 19:30 Eq: 908.40 UoL: .00%
2019-10-26 08:34:52.336 INFO  singlejartest.TesterMainGUIMode - Running, Tue 2019.01.08 20:00 Eq: 908.40 UoL: .00%
2019-10-26 08:34:52.412 INFO  singlejartest.TesterMainGUIMode - Running, Tue 2019.01.08 20:30 Eq: 908.40 UoL: .00%
2019-10-26 08:34:52.486 INFO  singlejartest.TesterMainGUIMode - Running, Tue 2019.01.08 21:00 Eq: 908.40 UoL: .00%
2019-10-26 08:34:52.527 INFO  singlejartest.TesterMainGUIMode - Running, Tue 2019.01.08 21:30 Eq: 908.40 UoL: .00%
2019-10-26 08:34:52.568 INFO  singlejartest.TesterMainGUIMode - Running, Tue 2019.01.08 22:00 Eq: 908.40 UoL: .00%
2019-10-26 08:34:52.602 INFO  singlejartest.TesterMainGUIMode - Running, Tue 2019.01.08 22:30 Eq: 908.40 UoL: .00%
2019-10-26 08:34:52.649 INFO  singlejartest.TesterMainGUIMode - Running, Tue 2019.01.08 23:00 Eq: 908.40 UoL: .00%
2019-10-26 08:34:52.691 INFO  singlejartest.TesterMainGUIMode - Running, Tue 2019.01.08 23:30 Eq: 908.40 UoL: .00%
2019-10-26 08:34:52.774 INFO  singlejartest.TesterMainGUIMode - Running, Tue 2019.01.09 00:00 Eq: 908.40 UoL: .00%
2019-10-26 08:34:52.904 INFO  singlejartest.TesterMainGUIMode - Running, Tue 2019.01.09 00:30 Eq: 908.40 UoL: .00%
2019-10-26 08:34:53.006 INFO  singlejartest.TesterMainGUIMode - Running, Tue 2019.01.09 01:00 Eq: 908.40 UoL: .00%
2019-10-26 08:34:53.089 INFO  singlejartest.TesterMainGUIMode - Running, Tue 2019.01.09 01:30 Eq: 908.40 UoL: .00%
2019-10-26 08:34:53.202 INFO  singlejartest.TesterMainGUIMode - Running, Tue 2019.01.09 02:00 Eq: 908.40 UoL: .00%
2019-10-26 08:34:53.275 INFO  singlejartest.TesterMainGUIMode - Running, Tue 2019.01.09 02:30 Eq: 908.40 UoL: .00%
2019-10-26 08:34:53.362 INFO  singlejartest.TesterMainGUIMode - Running, Tue 2019.01.09 03:00 Eq: 908.40 UoL: .00%
2019-10-26 08:34:53.423 INFO  singlejartest.TesterMainGUIMode - Running, Tue 2019.01.09 03:30 Eq: 908.40 UoL: .00%
2019-10-26 08:34:53.480 INFO  singlejartest.TesterMainGUIMode - Running, Tue 2019.01.09 04:00 Eq: 908.40 UoL: .00%
2019-10-26 08:34:53.522 INFO  singlejartest.TesterMainGUIMode - Running, Tue 2019.01.09 04:30 Eq: 908.40 UoL: .00%
2019-10-26 08:34:53.580 INFO  singlejartest.TesterMainGUIMode - Running, Wed 2019.01.09 05:00 Eq: 908.40 UoL: .00%
2019-10-26 08:34:53.734 INFO  singlejartest.TesterMainGUIMode - Running, Wed 2019.01.09 05:30 Eq: 908.40 UoL: .00%
2019-10-26 08:34:53.795 INFO  singlejartest.TesterMainGUIMode - Running, Wed 2019.01.09 06:00 Eq: 908.40 UoL: .00%
2019-10-26 08:34:53.878 INFO  singlejartest.TesterMainGUIMode - Running, Wed 2019.01.09 06:30 Eq: 908.40 UoL: .00%
2019-10-26 08:34:53.933 INFO  singlejartest.TesterMainGUIMode - Running, Wed 2019.01.09 07:00 Eq: 908.40 UoL: .00%
2019-10-26 08:34:54.062 INFO  singlejartest.TesterMainGUIMode - Running, Wed 2019.01.09 07:30 Eq: 908.40 UoL: .00%
2019-10-26 08:34:54.197 INFO  singlejartest.TesterMainGUIMode - Running, Wed 2019.01.09 08:00 Eq: 908.40 UoL: .00%
2019-10-26 08:34:54.365 INFO  singlejartest.TesterMainGUIMode - Running, Wed 2019.01.09 08:30 Eq: 908.40 UoL: .00%
2019-10-26 08:34:54.517 INFO  singlejartest.TesterMainGUIMode - Running, Wed 2019.01.09 09:00 Eq: 908.40 UoL: .00%
2019-10-26 08:34:54.674 INFO  singlejartest.TesterMainGUIMode - Running, Wed 2019.01.09 09:30 Eq: 908.40 UoL: .00%
2019-10-26 08:34:54.802 INFO  singlejartest.TesterMainGUIMode - Running, Wed 2019.01.09 10:00 Eq: 908.40 UoL: .00%
2019-10-26 08:34:54.937 INFO  singlejartest.TesterMainGUIMode - Running, Wed 2019.01.09 10:30 Eq: 908.40 UoL: .00%
2019-10-26 08:34:55.076 INFO  singlejartest.TesterMainGUIMode - Running, Wed 2019.01.09 11:00 Eq: 884.59 UoL: 102.69%
2019-10-26 08:34:55.194 INFO  singlejartest.TesterMainGUIMode - Running, Wed 2019.01.09 11:30 Eq: 922.67 UoL: 98.45%
2019-10-26 08:34:55.355 INFO  singlejartest.TesterMainGUIMode - Running, Wed 2019.01.09 12:00 Eq: 852.86 UoL: 106.51%
2019-10-26 08:34:55.474 INFO  singlejartest.TesterMainGUIMode - Running, Wed 2019.01.09 12:30 Eq: 902.84 UoL: 100.61%
2019-10-26 08:34:55.601 INFO  singlejartest.TesterMainGUIMode - Running, Wed 2019.01.09 13:00 Eq: 900.46 UoL: 100.88%
2019-10-26 08:34:55.771 INFO  singlejartest.TesterMainGUIMode - Running, Wed 2019.01.09 13:30 Eq: 892.53 UoL: 101.78%
2019-10-26 08:34:55.958 INFO  singlejartest.TesterMainGUIMode - Running, Wed 2019.01.09 14:00 Eq: 819.53 UoL: .00%
2019-10-26 08:34:56.192 INFO  singlejartest.TesterMainGUIMode - Running, Wed 2019.01.09 14:30 Eq: 819.53 UoL: .00%
2019-10-26 08:34:56.612 INFO  singlejartest.TesterMainGUIMode - Running, Wed 2019.01.09 15:00 Eq: 819.53 UoL: .00%
2019-10-26 08:34:56.906 INFO  singlejartest.TesterMainGUIMode - Running, Wed 2019.01.09 15:30 Eq: 819.53 UoL: .00%
2019-10-26 08:34:57.220 INFO  singlejartest.TesterMainGUIMode - Running, Wed 2019.01.09 16:00 Eq: 884.24 UoL: 92.68%
2019-10-26 08:34:57.538 INFO  singlejartest.TesterMainGUIMode - Running, Wed 2019.01.09 16:30 Eq: 803.14 UoL: 102.04%
2019-10-26 08:34:57.770 INFO  singlejartest.TesterMainGUIMode - Running, Wed 2019.01.09 17:00 Eq: 740.52 UoL: .00%
2019-10-26 08:34:57.925 INFO  singlejartest.TesterMainGUIMode - Running, Wed 2019.01.09 17:30 Eq: 740.52 UoL: .00%
2019-10-26 08:34:58.066 INFO  singlejartest.TesterMainGUIMode - Running, Wed 2019.01.09 18:00 Eq: 740.52 UoL: .00%
2019-10-26 08:34:58.234 INFO  singlejartest.TesterMainGUIMode - Running, Wed 2019.01.09 18:30 Eq: 740.52 UoL: .00%
2019-10-26 08:34:58.350 INFO  singlejartest.TesterMainGUIMode - Running, Wed 2019.01.09 19:00 Eq: 740.52 UoL: .00%
2019-10-26 08:34:58.700 INFO  singlejartest.TesterMainGUIMode - Running, Wed 2019.01.09 19:30 Eq: 604.95 UoL: .00%
2019-10-26 08:34:58.888 INFO  singlejartest.TesterMainGUIMode - Running, Wed 2019.01.09 20:00 Eq: 604.95 UoL: .00%
2019-10-26 08:34:59.018 INFO  singlejartest.TesterMainGUIMode - Running, Wed 2019.01.09 20:30 Eq: 604.95 UoL: .00%
2019-10-26 08:34:59.148 INFO  singlejartest.TesterMainGUIMode - Running, Wed 2019.01.09 21:00 Eq: 604.95 UoL: .00%
2019-10-26 08:34:59.190 INFO  singlejartest.TesterMainGUIMode - Running, Wed 2019.01.09 21:30 Eq: 604.95 UoL: .00%
2019-10-26 08:34:59.261 INFO  singlejartest.TesterMainGUIMode - Running, Wed 2019.01.09 22:00 Eq: 604.95 UoL: .00%
2019-10-26 08:34:59.317 INFO  singlejartest.TesterMainGUIMode - Running, Wed 2019.01.09 22:30 Eq: 604.95 UoL: .00%
2019-10-26 08:34:59.396 INFO  singlejartest.TesterMainGUIMode - Running, Wed 2019.01.09 23:00 Eq: 604.95 UoL: .00%
2019-10-26 08:34:59.476 INFO  singlejartest.TesterMainGUIMode - Running, Wed 2019.01.09 23:30 Eq: 604.95 UoL: .00%
2019-10-26 08:34:59.536 INFO  singlejartest.TesterMainGUIMode - Running, Wed 2019.01.10 00:00 Eq: 604.95 UoL: .00%
2019-10-26 08:34:59.637 INFO  singlejartest.TesterMainGUIMode - Running, Wed 2019.01.10 00:30 Eq: 604.95 UoL: .00%
2019-10-26 08:34:59.765 INFO  singlejartest.TesterMainGUIMode - Running, Wed 2019.01.10 01:00 Eq: 604.95 UoL: .00%
2019-10-26 08:34:59.930 INFO  singlejartest.TesterMainGUIMode - Running, Wed 2019.01.10 01:30 Eq: 604.95 UoL: .00%
2019-10-26 08:35:00.079 INFO  singlejartest.TesterMainGUIMode - Running, Wed 2019.01.10 02:00 Eq: 604.95 UoL: .00%
2019-10-26 08:35:00.177 INFO  singlejartest.TesterMainGUIMode - Running, Wed 2019.01.10 02:30 Eq: 604.95 UoL: .00%
2019-10-26 08:35:00.260 INFO  singlejartest.TesterMainGUIMode - Running, Wed 2019.01.10 03:00 Eq: 604.95 UoL: .00%
2019-10-26 08:35:00.374 INFO  singlejartest.TesterMainGUIMode - Running, Wed 2019.01.10 03:30 Eq: 604.95 UoL: .00%
2019-10-26 08:35:00.478 INFO  singlejartest.TesterMainGUIMode - Running, Wed 2019.01.10 04:00 Eq: 604.95 UoL: .00%
2019-10-26 08:35:00.556 INFO  singlejartest.TesterMainGUIMode - Running, Wed 2019.01.10 04:30 Eq: 604.95 UoL: .00%
2019-10-26 08:35:00.640 INFO  singlejartest.TesterMainGUIMode - Running, Thu 2019.01.10 05:00 Eq: 604.95 UoL: .00%
2019-10-26 08:35:00.739 INFO  singlejartest.TesterMainGUIMode - Running, Thu 2019.01.10 05:30 Eq: 604.95 UoL: .00%
2019-10-26 08:35:00.828 INFO  singlejartest.TesterMainGUIMode - Running, Thu 2019.01.10 06:00 Eq: 604.95 UoL: .00%
2019-10-26 08:35:00.952 INFO  singlejartest.TesterMainGUIMode - Running, Thu 2019.01.10 06:30 Eq: 604.95 UoL: .00%
2019-10-26 08:35:01.054 INFO  singlejartest.TesterMainGUIMode - Running, Thu 2019.01.10 07:00 Eq: 604.95 UoL: .00%
2019-10-26 08:35:01.258 INFO  singlejartest.TesterMainGUIMode - Running, Thu 2019.01.10 07:30 Eq: 604.95 UoL: .00%
2019-10-26 08:35:01.474 INFO  singlejartest.TesterMainGUIMode - Running, Thu 2019.01.10 08:00 Eq: 597.18 UoL: 101.30%
2019-10-26 08:35:01.714 INFO  singlejartest.TesterMainGUIMode - Running, Thu 2019.01.10 08:30 Eq: 575.17 UoL: 105.18%
2019-10-26 08:35:01.914 INFO  singlejartest.TesterMainGUIMode - Running, Thu 2019.01.10 09:00 Eq: 660.09 UoL: 91.65%
2019-10-26 08:35:02.124 INFO  singlejartest.TesterMainGUIMode - Running, Thu 2019.01.10 09:30 Eq: 681.06 UoL: 88.82%
2019-10-26 08:35:02.295 INFO  singlejartest.TesterMainGUIMode - Running, Thu 2019.01.10 10:00 Eq: 684.20 UoL: 88.42%
2019-10-26 08:35:02.468 INFO  singlejartest.TesterMainGUIMode - Running, Thu 2019.01.10 10:30 Eq: 708.84 UoL: 85.34%
2019-10-26 08:35:02.606 INFO  singlejartest.TesterMainGUIMode - Running, Thu 2019.01.10 11:00 Eq: 666.38 UoL: 90.78%
2019-10-26 08:35:02.772 INFO  singlejartest.TesterMainGUIMode - Running, Thu 2019.01.10 11:30 Eq: 624.44 UoL: 96.88%
2019-10-26 08:35:02.942 INFO  singlejartest.TesterMainGUIMode - Running, Thu 2019.01.10 12:00 Eq: 657.47 UoL: 92.01%
2019-10-26 08:35:03.105 INFO  singlejartest.TesterMainGUIMode - Running, Thu 2019.01.10 12:30 Eq: 641.22 UoL: 94.34%
2019-10-26 08:35:03.293 INFO  singlejartest.TesterMainGUIMode - Running, Thu 2019.01.10 13:00 Eq: 633.88 UoL: 95.44%
2019-10-26 08:35:03.506 INFO  singlejartest.TesterMainGUIMode - Running, Thu 2019.01.10 13:30 Eq: 598.86 UoL: .00%
2019-10-26 08:35:03.748 INFO  singlejartest.TesterMainGUIMode - Running, Thu 2019.01.10 14:00 Eq: 592.72 UoL: 101.03%
2019-10-26 08:35:03.964 INFO  singlejartest.TesterMainGUIMode - Running, Thu 2019.01.10 14:30 Eq: 587.00 UoL: 102.02%
2019-10-26 08:35:04.171 INFO  singlejartest.TesterMainGUIMode - Running, Thu 2019.01.10 15:00 Eq: 564.65 UoL: 106.06%
2019-10-26 08:35:04.373 INFO  singlejartest.TesterMainGUIMode - Running, Thu 2019.01.10 15:30 Eq: 598.96 UoL: 99.98%
2019-10-26 08:35:04.604 INFO  singlejartest.TesterMainGUIMode - Running, Thu 2019.01.10 16:00 Eq: 581.80 UoL: 102.93%
2019-10-26 08:35:04.785 INFO  singlejartest.TesterMainGUIMode - Running, Thu 2019.01.10 16:30 Eq: 634.31 UoL: 94.41%
2019-10-26 08:35:04.946 INFO  singlejartest.TesterMainGUIMode - Running, Thu 2019.01.10 17:00 Eq: 612.48 UoL: 97.77%
2019-10-26 08:35:05.135 INFO  singlejartest.TesterMainGUIMode - Running, Thu 2019.01.10 17:30 Eq: 642.11 UoL: 93.26%
2019-10-26 08:35:05.316 INFO  singlejartest.TesterMainGUIMode - Running, Thu 2019.01.10 18:00 Eq: 667.58 UoL: 89.70%
2019-10-26 08:35:05.531 INFO  singlejartest.TesterMainGUIMode - Running, Thu 2019.01.10 18:30 Eq: 743.17 UoL: 80.40%
2019-10-26 08:35:05.669 INFO  singlejartest.TesterMainGUIMode - Running, Thu 2019.01.10 19:00 Eq: 703.67 UoL: 84.92%
2019-10-26 08:35:05.811 INFO  singlejartest.TesterMainGUIMode - Running, Thu 2019.01.10 19:30 Eq: 689.63 UoL: 86.64%
2019-10-26 08:35:05.906 INFO  singlejartest.TesterMainGUIMode - Running, Thu 2019.01.10 20:00 Eq: 693.79 UoL: 86.12%
2019-10-26 08:35:06.004 INFO  singlejartest.TesterMainGUIMode - Running, Thu 2019.01.10 20:30 Eq: 705.75 UoL: 84.67%
2019-10-26 08:35:06.077 INFO  singlejartest.TesterMainGUIMode - Running, Thu 2019.01.10 21:00 Eq: 708.14 UoL: 84.39%
2019-10-26 08:35:06.117 INFO  singlejartest.TesterMainGUIMode - Running, Thu 2019.01.10 21:30 Eq: 705.54 UoL: 84.70%
2019-10-26 08:35:06.166 INFO  singlejartest.TesterMainGUIMode - Running, Thu 2019.01.10 22:00 Eq: 694.10 UoL: 86.09%
2019-10-26 08:35:06.194 INFO  singlejartest.TesterMainGUIMode - Running, Thu 2019.01.10 22:30 Eq: 699.30 UoL: 85.45%
2019-10-26 08:35:06.232 INFO  singlejartest.TesterMainGUIMode - Running, Thu 2019.01.10 23:00 Eq: 702.42 UoL: 85.07%
2019-10-26 08:35:06.270 INFO  singlejartest.TesterMainGUIMode - Running, Thu 2019.01.10 23:30 Eq: 670.19 UoL: 89.16%
2019-10-26 08:35:06.326 INFO  singlejartest.TesterMainGUIMode - Running, Thu 2019.01.11 00:00 Eq: 653.55 UoL: 91.43%
2019-10-26 08:35:06.400 INFO  singlejartest.TesterMainGUIMode - Running, Thu 2019.01.11 00:30 Eq: 641.19 UoL: .00%
2019-10-26 08:35:06.472 INFO  singlejartest.TesterMainGUIMode - Running, Thu 2019.01.11 01:00 Eq: 641.19 UoL: .00%
2019-10-26 08:35:06.539 INFO  singlejartest.TesterMainGUIMode - Running, Thu 2019.01.11 01:30 Eq: 641.19 UoL: .00%
2019-10-26 08:35:06.640 INFO  singlejartest.TesterMainGUIMode - Running, Thu 2019.01.11 02:00 Eq: 641.19 UoL: .00%
2019-10-26 08:35:06.716 INFO  singlejartest.TesterMainGUIMode - Running, Thu 2019.01.11 02:30 Eq: 641.19 UoL: .00%
2019-10-26 08:35:06.784 INFO  singlejartest.TesterMainGUIMode - Running, Thu 2019.01.11 03:00 Eq: 641.19 UoL: .00%
2019-10-26 08:35:06.871 INFO  singlejartest.TesterMainGUIMode - Running, Thu 2019.01.11 03:30 Eq: 641.19 UoL: .00%
2019-10-26 08:35:06.938 INFO  singlejartest.TesterMainGUIMode - Running, Thu 2019.01.11 04:00 Eq: 641.19 UoL: .00%
2019-10-26 08:35:07.002 INFO  singlejartest.TesterMainGUIMode - Running, Thu 2019.01.11 04:30 Eq: 641.19 UoL: .00%
2019-10-26 08:35:07.067 INFO  singlejartest.TesterMainGUIMode - Running, Fri 2019.01.11 05:00 Eq: 641.19 UoL: .00%
2019-10-26 08:35:07.119 INFO  singlejartest.TesterMainGUIMode - Running, Fri 2019.01.11 05:30 Eq: 641.19 UoL: .00%
2019-10-26 08:35:07.181 INFO  singlejartest.TesterMainGUIMode - Running, Fri 2019.01.11 06:00 Eq: 641.19 UoL: .00%
2019-10-26 08:35:07.250 INFO  singlejartest.TesterMainGUIMode - Running, Fri 2019.01.11 06:30 Eq: 641.19 UoL: .00%
2019-10-26 08:35:07.298 INFO  singlejartest.TesterMainGUIMode - Running, Fri 2019.01.11 07:00 Eq: 641.19 UoL: .00%
2019-10-26 08:35:07.412 INFO  singlejartest.TesterMainGUIMode - Running, Fri 2019.01.11 07:30 Eq: 641.19 UoL: .00%
2019-10-26 08:35:07.509 INFO  singlejartest.TesterMainGUIMode - Running, Fri 2019.01.11 08:00 Eq: 641.19 UoL: .00%
2019-10-26 08:35:07.653 INFO  singlejartest.TesterMainGUIMode - Running, Fri 2019.01.11 08:30 Eq: 641.19 UoL: .00%
2019-10-26 08:35:07.794 INFO  singlejartest.TesterMainGUIMode - Running, Fri 2019.01.11 09:00 Eq: 641.19 UoL: .00%
2019-10-26 08:35:07.943 INFO  singlejartest.TesterMainGUIMode - Running, Fri 2019.01.11 09:30 Eq: 641.19 UoL: .00%
2019-10-26 08:35:08.082 INFO  singlejartest.TesterMainGUIMode - Running, Fri 2019.01.11 10:00 Eq: 641.19 UoL: .00%
2019-10-26 08:35:08.227 INFO  singlejartest.TesterMainGUIMode - Running, Fri 2019.01.11 10:30 Eq: 641.19 UoL: .00%
2019-10-26 08:35:08.390 INFO  singlejartest.TesterMainGUIMode - Running, Fri 2019.01.11 11:00 Eq: 641.19 UoL: .00%
2019-10-26 08:35:08.589 INFO  singlejartest.TesterMainGUIMode - Running, Fri 2019.01.11 11:30 Eq: 641.19 UoL: .00%
2019-10-26 08:35:08.748 INFO  singlejartest.TesterMainGUIMode - Running, Fri 2019.01.11 12:00 Eq: 641.19 UoL: .00%
2019-10-26 08:35:08.907 INFO  singlejartest.TesterMainGUIMode - Running, Fri 2019.01.11 12:30 Eq: 641.19 UoL: .00%
2019-10-26 08:35:09.032 INFO  singlejartest.TesterMainGUIMode - Running, Fri 2019.01.11 13:00 Eq: 641.19 UoL: .00%
2019-10-26 08:35:09.192 INFO  singlejartest.TesterMainGUIMode - Running, Fri 2019.01.11 13:30 Eq: 641.19 UoL: .00%
2019-10-26 08:35:09.383 INFO  singlejartest.TesterMainGUIMode - Running, Fri 2019.01.11 14:00 Eq: 641.19 UoL: .00%
2019-10-26 08:35:09.688 INFO  singlejartest.TesterMainGUIMode - Running, Fri 2019.01.11 14:30 Eq: 641.19 UoL: .00%
2019-10-26 08:35:09.922 INFO  singlejartest.TesterMainGUIMode - Running, Fri 2019.01.11 15:00 Eq: 641.19 UoL: .00%
2019-10-26 08:35:10.081 INFO  singlejartest.TesterMainGUIMode - Running, Fri 2019.01.11 15:30 Eq: 641.19 UoL: .00%
2019-10-26 08:35:10.239 INFO  singlejartest.TesterMainGUIMode - Running, Fri 2019.01.11 16:00 Eq: 641.19 UoL: .00%
2019-10-26 08:35:10.383 INFO  singlejartest.TesterMainGUIMode - Running, Fri 2019.01.11 16:30 Eq: 641.19 UoL: .00%
2019-10-26 08:35:10.537 INFO  singlejartest.TesterMainGUIMode - Running, Fri 2019.01.11 17:00 Eq: 641.19 UoL: .00%
2019-10-26 08:35:10.668 INFO  singlejartest.TesterMainGUIMode - Running, Fri 2019.01.11 17:30 Eq: 641.19 UoL: .00%
2019-10-26 08:35:10.779 INFO  singlejartest.TesterMainGUIMode - Running, Fri 2019.01.11 18:00 Eq: 641.19 UoL: .00%
2019-10-26 08:35:10.875 INFO  singlejartest.TesterMainGUIMode - Running, Fri 2019.01.11 18:30 Eq: 641.19 UoL: .00%
2019-10-26 08:35:10.947 INFO  singlejartest.TesterMainGUIMode - Running, Fri 2019.01.11 19:00 Eq: 641.19 UoL: .00%
2019-10-26 08:35:11.021 INFO  singlejartest.TesterMainGUIMode - Running, Fri 2019.01.11 19:30 Eq: 641.19 UoL: .00%
2019-10-26 08:35:11.102 INFO  singlejartest.TesterMainGUIMode - Running, Fri 2019.01.11 20:00 Eq: 641.19 UoL: .00%
2019-10-26 08:35:11.188 INFO  singlejartest.TesterMainGUIMode - Running, Fri 2019.01.11 20:30 Eq: 641.19 UoL: .00%
2019-10-26 08:35:11.289 INFO  singlejartest.TesterMainGUIMode - Running, Fri 2019.01.11 21:00 Eq: 641.19 UoL: .00%
2019-10-26 08:35:11.333 INFO  singlejartest.TesterMainGUIMode - Running, Fri 2019.01.11 21:30 Eq: 641.19 UoL: .00%
2019-10-26 08:35:11.382 INFO  singlejartest.TesterMainGUIMode - Running, Fri 2019.01.11 22:00 Eq: 641.19 UoL: .00%
2019-10-26 08:35:11.384 INFO  singlejartest.TesterMainGUIMode - Running, Fri 2019.01.11 22:30 Eq: 641.19 UoL: .00%
2019-10-26 08:35:11.387 INFO  singlejartest.TesterMainGUIMode - Running, Fri 2019.01.11 23:00 Eq: 641.19 UoL: .00%
2019-10-26 08:35:11.390 INFO  singlejartest.TesterMainGUIMode - Running, Fri 2019.01.11 23:30 Eq: 641.19 UoL: .00%
2019-10-26 08:35:11.393 INFO  singlejartest.TesterMainGUIMode - Running, Fri 2019.01.12 00:00 Eq: 641.19 UoL: .00%
2019-10-26 08:35:11.397 INFO  singlejartest.TesterMainGUIMode - Running, Fri 2019.01.12 00:30 Eq: 641.19 UoL: .00%
2019-10-26 08:35:11.400 INFO  singlejartest.TesterMainGUIMode - Running, Fri 2019.01.12 01:00 Eq: 641.19 UoL: .00%
2019-10-26 08:35:11.403 INFO  singlejartest.TesterMainGUIMode - Running, Fri 2019.01.12 01:30 Eq: 641.19 UoL: .00%
2019-10-26 08:35:11.406 INFO  singlejartest.TesterMainGUIMode - Running, Fri 2019.01.12 02:00 Eq: 641.19 UoL: .00%
2019-10-26 08:35:11.410 INFO  singlejartest.TesterMainGUIMode - Running, Fri 2019.01.12 02:30 Eq: 641.19 UoL: .00%
2019-10-26 08:35:11.414 INFO  singlejartest.TesterMainGUIMode - Running, Fri 2019.01.12 03:00 Eq: 641.19 UoL: .00%
2019-10-26 08:35:11.417 INFO  singlejartest.TesterMainGUIMode - Running, Fri 2019.01.12 03:30 Eq: 641.19 UoL: .00%
2019-10-26 08:35:11.422 INFO  singlejartest.TesterMainGUIMode - Running, Fri 2019.01.12 04:00 Eq: 641.19 UoL: .00%
2019-10-26 08:35:11.425 INFO  singlejartest.TesterMainGUIMode - Running, Fri 2019.01.12 04:30 Eq: 641.19 UoL: .00%
2019-10-26 08:35:11.427 INFO  singlejartest.TesterMainGUIMode - Running, Sat 2019.01.12 05:00 Eq: 641.19 UoL: .00%
2019-10-26 08:35:11.429 INFO  singlejartest.TesterMainGUIMode - Running, Sat 2019.01.12 05:30 Eq: 641.19 UoL: .00%
2019-10-26 08:35:11.432 INFO  singlejartest.TesterMainGUIMode - Running, Sat 2019.01.12 06:00 Eq: 641.19 UoL: .00%
2019-10-26 08:35:11.434 INFO  singlejartest.TesterMainGUIMode - Running, Sat 2019.01.12 06:30 Eq: 641.19 UoL: .00%
2019-10-26 08:35:11.436 INFO  singlejartest.TesterMainGUIMode - Running, Sat 2019.01.12 07:00 Eq: 641.19 UoL: .00%
2019-10-26 08:35:11.438 INFO  singlejartest.TesterMainGUIMode - Running, Sat 2019.01.12 07:30 Eq: 641.19 UoL: .00%
2019-10-26 08:35:11.441 INFO  singlejartest.TesterMainGUIMode - Running, Sat 2019.01.12 08:00 Eq: 641.19 UoL: .00%
2019-10-26 08:35:11.443 INFO  singlejartest.TesterMainGUIMode - Running, Sat 2019.01.12 08:30 Eq: 641.19 UoL: .00%
2019-10-26 08:35:11.445 INFO  singlejartest.TesterMainGUIMode - Running, Sat 2019.01.12 09:00 Eq: 641.19 UoL: .00%
2019-10-26 08:35:11.447 INFO  singlejartest.TesterMainGUIMode - Running, Sat 2019.01.12 09:30 Eq: 641.19 UoL: .00%
2019-10-26 08:35:11.451 INFO  singlejartest.TesterMainGUIMode - Running, Sat 2019.01.12 10:00 Eq: 641.19 UoL: .00%
2019-10-26 08:35:11.454 INFO  singlejartest.TesterMainGUIMode - Running, Sat 2019.01.12 10:30 Eq: 641.19 UoL: .00%
2019-10-26 08:35:11.459 INFO  singlejartest.TesterMainGUIMode - Running, Sat 2019.01.12 11:00 Eq: 641.19 UoL: .00%
2019-10-26 08:35:11.462 INFO  singlejartest.TesterMainGUIMode - Running, Sat 2019.01.12 11:30 Eq: 641.19 UoL: .00%
2019-10-26 08:35:11.465 INFO  singlejartest.TesterMainGUIMode - Running, Sat 2019.01.12 12:00 Eq: 641.19 UoL: .00%
2019-10-26 08:35:11.468 INFO  singlejartest.TesterMainGUIMode - Running, Sat 2019.01.12 12:30 Eq: 641.19 UoL: .00%
2019-10-26 08:35:11.470 INFO  singlejartest.TesterMainGUIMode - Running, Sat 2019.01.12 13:00 Eq: 641.19 UoL: .00%
2019-10-26 08:35:11.472 INFO  singlejartest.TesterMainGUIMode - Running, Sat 2019.01.12 13:30 Eq: 641.19 UoL: .00%
2019-10-26 08:35:11.474 INFO  singlejartest.TesterMainGUIMode - Running, Sat 2019.01.12 14:00 Eq: 641.19 UoL: .00%
2019-10-26 08:35:11.476 INFO  singlejartest.TesterMainGUIMode - Running, Sat 2019.01.12 14:30 Eq: 641.19 UoL: .00%
2019-10-26 08:35:11.479 INFO  singlejartest.TesterMainGUIMode - Running, Sat 2019.01.12 15:00 Eq: 641.19 UoL: .00%
2019-10-26 08:35:11.481 INFO  singlejartest.TesterMainGUIMode - Running, Sat 2019.01.12 15:30 Eq: 641.19 UoL: .00%
2019-10-26 08:35:11.484 INFO  singlejartest.TesterMainGUIMode - Running, Sat 2019.01.12 16:00 Eq: 641.19 UoL: .00%
2019-10-26 08:35:11.486 INFO  singlejartest.TesterMainGUIMode - Running, Sat 2019.01.12 16:30 Eq: 641.19 UoL: .00%
2019-10-26 08:35:11.488 INFO  singlejartest.TesterMainGUIMode - Running, Sat 2019.01.12 17:00 Eq: 641.19 UoL: .00%
2019-10-26 08:35:11.490 INFO  singlejartest.TesterMainGUIMode - Running, Sat 2019.01.12 17:30 Eq: 641.19 UoL: .00%
2019-10-26 08:35:11.492 INFO  singlejartest.TesterMainGUIMode - Running, Sat 2019.01.12 18:00 Eq: 641.19 UoL: .00%
2019-10-26 08:35:11.493 INFO  singlejartest.TesterMainGUIMode - Running, Sat 2019.01.12 18:30 Eq: 641.19 UoL: .00%
2019-10-26 08:35:11.495 INFO  singlejartest.TesterMainGUIMode - Running, Sat 2019.01.12 19:00 Eq: 641.19 UoL: .00%
2019-10-26 08:35:11.497 INFO  singlejartest.TesterMainGUIMode - Running, Sat 2019.01.12 19:30 Eq: 641.19 UoL: .00%
2019-10-26 08:35:11.501 INFO  singlejartest.TesterMainGUIMode - Running, Sat 2019.01.12 20:00 Eq: 641.19 UoL: .00%
2019-10-26 08:35:11.503 INFO  singlejartest.TesterMainGUIMode - Running, Sat 2019.01.12 20:30 Eq: 641.19 UoL: .00%
2019-10-26 08:35:11.506 INFO  singlejartest.TesterMainGUIMode - Running, Sat 2019.01.12 21:00 Eq: 641.19 UoL: .00%
2019-10-26 08:35:11.509 INFO  singlejartest.TesterMainGUIMode - Running, Sat 2019.01.12 21:30 Eq: 641.19 UoL: .00%
2019-10-26 08:35:11.512 INFO  singlejartest.TesterMainGUIMode - Running, Sat 2019.01.12 22:00 Eq: 641.19 UoL: .00%
2019-10-26 08:35:11.515 INFO  singlejartest.TesterMainGUIMode - Running, Sat 2019.01.12 22:30 Eq: 641.19 UoL: .00%
2019-10-26 08:35:11.517 INFO  singlejartest.TesterMainGUIMode - Running, Sat 2019.01.12 23:00 Eq: 641.19 UoL: .00%
2019-10-26 08:35:11.519 INFO  singlejartest.TesterMainGUIMode - Running, Sat 2019.01.12 23:30 Eq: 641.19 UoL: .00%
2019-10-26 08:35:11.521 INFO  singlejartest.TesterMainGUIMode - Running, Sat 2019.01.13 00:00 Eq: 641.19 UoL: .00%
2019-10-26 08:35:11.523 INFO  singlejartest.TesterMainGUIMode - Running, Sat 2019.01.13 00:30 Eq: 641.19 UoL: .00%
2019-10-26 08:35:11.524 INFO  singlejartest.TesterMainGUIMode - Running, Sat 2019.01.13 01:00 Eq: 641.19 UoL: .00%
2019-10-26 08:35:11.526 INFO  singlejartest.TesterMainGUIMode - Running, Sat 2019.01.13 01:30 Eq: 641.19 UoL: .00%
2019-10-26 08:35:11.528 INFO  singlejartest.TesterMainGUIMode - Running, Sat 2019.01.13 02:00 Eq: 641.19 UoL: .00%
2019-10-26 08:35:11.529 INFO  singlejartest.TesterMainGUIMode - Running, Sat 2019.01.13 02:30 Eq: 641.19 UoL: .00%
2019-10-26 08:35:11.531 INFO  singlejartest.TesterMainGUIMode - Running, Sat 2019.01.13 03:00 Eq: 641.19 UoL: .00%
2019-10-26 08:35:11.533 INFO  singlejartest.TesterMainGUIMode - Running, Sat 2019.01.13 03:30 Eq: 641.19 UoL: .00%
2019-10-26 08:35:11.535 INFO  singlejartest.TesterMainGUIMode - Running, Sat 2019.01.13 04:00 Eq: 641.19 UoL: .00%
2019-10-26 08:35:11.537 INFO  singlejartest.TesterMainGUIMode - Running, Sat 2019.01.13 04:30 Eq: 641.19 UoL: .00%
2019-10-26 08:35:11.538 INFO  singlejartest.TesterMainGUIMode - Running, Sun 2019.01.13 05:00 Eq: 641.19 UoL: .00%
2019-10-26 08:35:11.540 INFO  singlejartest.TesterMainGUIMode - Running, Sun 2019.01.13 05:30 Eq: 641.19 UoL: .00%
2019-10-26 08:35:11.542 INFO  singlejartest.TesterMainGUIMode - Running, Sun 2019.01.13 06:00 Eq: 641.19 UoL: .00%
2019-10-26 08:35:11.543 INFO  singlejartest.TesterMainGUIMode - Running, Sun 2019.01.13 06:30 Eq: 641.19 UoL: .00%
2019-10-26 08:35:11.545 INFO  singlejartest.TesterMainGUIMode - Running, Sun 2019.01.13 07:00 Eq: 641.19 UoL: .00%
2019-10-26 08:35:11.547 INFO  singlejartest.TesterMainGUIMode - Running, Sun 2019.01.13 07:30 Eq: 641.19 UoL: .00%
2019-10-26 08:35:11.549 INFO  singlejartest.TesterMainGUIMode - Running, Sun 2019.01.13 08:00 Eq: 641.19 UoL: .00%
2019-10-26 08:35:11.552 INFO  singlejartest.TesterMainGUIMode - Running, Sun 2019.01.13 08:30 Eq: 641.19 UoL: .00%
2019-10-26 08:35:11.555 INFO  singlejartest.TesterMainGUIMode - Running, Sun 2019.01.13 09:00 Eq: 641.19 UoL: .00%
2019-10-26 08:35:11.558 INFO  singlejartest.TesterMainGUIMode - Running, Sun 2019.01.13 09:30 Eq: 641.19 UoL: .00%
2019-10-26 08:35:11.561 INFO  singlejartest.TesterMainGUIMode - Running, Sun 2019.01.13 10:00 Eq: 641.19 UoL: .00%
2019-10-26 08:35:11.564 INFO  singlejartest.TesterMainGUIMode - Running, Sun 2019.01.13 10:30 Eq: 641.19 UoL: .00%
2019-10-26 08:35:11.567 INFO  singlejartest.TesterMainGUIMode - Running, Sun 2019.01.13 11:00 Eq: 641.19 UoL: .00%
2019-10-26 08:35:11.569 INFO  singlejartest.TesterMainGUIMode - Running, Sun 2019.01.13 11:30 Eq: 641.19 UoL: .00%
2019-10-26 08:35:11.572 INFO  singlejartest.TesterMainGUIMode - Running, Sun 2019.01.13 12:00 Eq: 641.19 UoL: .00%
2019-10-26 08:35:11.575 INFO  singlejartest.TesterMainGUIMode - Running, Sun 2019.01.13 12:30 Eq: 641.19 UoL: .00%
2019-10-26 08:35:11.579 INFO  singlejartest.TesterMainGUIMode - Running, Sun 2019.01.13 13:00 Eq: 641.19 UoL: .00%
2019-10-26 08:35:11.581 INFO  singlejartest.TesterMainGUIMode - Running, Sun 2019.01.13 13:30 Eq: 641.19 UoL: .00%
2019-10-26 08:35:11.585 INFO  singlejartest.TesterMainGUIMode - Running, Sun 2019.01.13 14:00 Eq: 641.19 UoL: .00%
2019-10-26 08:35:11.587 INFO  singlejartest.TesterMainGUIMode - Running, Sun 2019.01.13 14:30 Eq: 641.19 UoL: .00%
2019-10-26 08:35:11.589 INFO  singlejartest.TesterMainGUIMode - Running, Sun 2019.01.13 15:00 Eq: 641.19 UoL: .00%
2019-10-26 08:35:11.591 INFO  singlejartest.TesterMainGUIMode - Running, Sun 2019.01.13 15:30 Eq: 641.19 UoL: .00%
2019-10-26 08:35:11.593 INFO  singlejartest.TesterMainGUIMode - Running, Sun 2019.01.13 16:00 Eq: 641.19 UoL: .00%
2019-10-26 08:35:11.595 INFO  singlejartest.TesterMainGUIMode - Running, Sun 2019.01.13 16:30 Eq: 641.19 UoL: .00%
2019-10-26 08:35:11.597 INFO  singlejartest.TesterMainGUIMode - Running, Sun 2019.01.13 17:00 Eq: 641.19 UoL: .00%
2019-10-26 08:35:11.599 INFO  singlejartest.TesterMainGUIMode - Running, Sun 2019.01.13 17:30 Eq: 641.19 UoL: .00%
2019-10-26 08:35:11.602 INFO  singlejartest.TesterMainGUIMode - Running, Sun 2019.01.13 18:00 Eq: 641.19 UoL: .00%
2019-10-26 08:35:11.604 INFO  singlejartest.TesterMainGUIMode - Running, Sun 2019.01.13 18:30 Eq: 641.19 UoL: .00%
2019-10-26 08:35:11.606 INFO  singlejartest.TesterMainGUIMode - Running, Sun 2019.01.13 19:00 Eq: 641.19 UoL: .00%
2019-10-26 08:35:11.609 INFO  singlejartest.TesterMainGUIMode - Running, Sun 2019.01.13 19:30 Eq: 641.19 UoL: .00%
2019-10-26 08:35:11.612 INFO  singlejartest.TesterMainGUIMode - Running, Sun 2019.01.13 20:00 Eq: 641.19 UoL: .00%
2019-10-26 08:35:11.614 INFO  singlejartest.TesterMainGUIMode - Running, Sun 2019.01.13 20:30 Eq: 641.19 UoL: .00%
2019-10-26 08:35:11.616 INFO  singlejartest.TesterMainGUIMode - Running, Sun 2019.01.13 21:00 Eq: 641.19 UoL: .00%
2019-10-26 08:35:11.618 INFO  singlejartest.TesterMainGUIMode - Running, Sun 2019.01.13 21:30 Eq: 641.19 UoL: .00%
2019-10-26 08:35:11.630 INFO  singlejartest.TesterMainGUIMode - Running, Sun 2019.01.13 22:00 Eq: 641.19 UoL: .00%
2019-10-26 08:35:11.668 INFO  singlejartest.TesterMainGUIMode - Running, Sun 2019.01.13 22:30 Eq: 641.19 UoL: .00%
2019-10-26 08:35:11.691 INFO  singlejartest.TesterMainGUIMode - Running, Sun 2019.01.13 23:00 Eq: 641.19 UoL: .00%
2019-10-26 08:35:11.752 INFO  singlejartest.TesterMainGUIMode - Running, Sun 2019.01.13 23:30 Eq: 641.19 UoL: .00%
2019-10-26 08:35:11.793 INFO  singlejartest.TesterMainGUIMode - Running, Sun 2019.01.14 00:00 Eq: 641.19 UoL: .00%
2019-10-26 08:35:11.857 INFO  singlejartest.TesterMainGUIMode - Running, Sun 2019.01.14 00:30 Eq: 641.19 UoL: .00%
2019-10-26 08:35:11.908 INFO  singlejartest.TesterMainGUIMode - Running, Sun 2019.01.14 01:00 Eq: 641.19 UoL: .00%
2019-10-26 08:35:11.978 INFO  singlejartest.TesterMainGUIMode - Running, Sun 2019.01.14 01:30 Eq: 641.19 UoL: .00%
2019-10-26 08:35:12.044 INFO  singlejartest.TesterMainGUIMode - Running, Sun 2019.01.14 02:00 Eq: 641.19 UoL: .00%
2019-10-26 08:35:12.105 INFO  singlejartest.TesterMainGUIMode - Running, Sun 2019.01.14 02:30 Eq: 641.19 UoL: .00%
2019-10-26 08:35:12.162 INFO  singlejartest.TesterMainGUIMode - Running, Sun 2019.01.14 03:00 Eq: 641.19 UoL: .00%
2019-10-26 08:35:12.248 INFO  singlejartest.TesterMainGUIMode - Running, Sun 2019.01.14 03:30 Eq: 641.19 UoL: .00%
2019-10-26 08:35:12.285 INFO  singlejartest.TesterMainGUIMode - Running, Sun 2019.01.14 04:00 Eq: 641.19 UoL: .00%
2019-10-26 08:35:12.323 INFO  singlejartest.TesterMainGUIMode - Running, Sun 2019.01.14 04:30 Eq: 641.19 UoL: .00%
2019-10-26 08:35:12.390 INFO  singlejartest.TesterMainGUIMode - Running, Mon 2019.01.14 05:00 Eq: 641.19 UoL: .00%
2019-10-26 08:35:12.447 INFO  singlejartest.TesterMainGUIMode - Running, Mon 2019.01.14 05:30 Eq: 641.19 UoL: .00%
2019-10-26 08:35:12.544 INFO  singlejartest.TesterMainGUIMode - Running, Mon 2019.01.14 06:00 Eq: 626.22 UoL: 102.39%
2019-10-26 08:35:12.663 INFO  singlejartest.TesterMainGUIMode - Running, Mon 2019.01.14 06:30 Eq: 606.12 UoL: 105.79%
2019-10-26 08:35:12.748 INFO  singlejartest.TesterMainGUIMode - Running, Mon 2019.01.14 07:00 Eq: 602.77 UoL: 106.37%
2019-10-26 08:35:12.929 INFO  singlejartest.TesterMainGUIMode - Running, Mon 2019.01.14 07:30 Eq: 521.35 UoL: .00%
2019-10-26 08:35:13.084 INFO  singlejartest.TesterMainGUIMode - Running, Mon 2019.01.14 08:00 Eq: 513.73 UoL: 101.48%
2019-10-26 08:35:13.242 INFO  singlejartest.TesterMainGUIMode - Running, Mon 2019.01.14 08:30 Eq: 481.49 UoL: 108.28%
2019-10-26 08:35:13.371 INFO  singlejartest.TesterMainGUIMode - Running, Mon 2019.01.14 09:00 Eq: 493.75 UoL: 105.59%
2019-10-26 08:35:13.513 INFO  singlejartest.TesterMainGUIMode - Running, Mon 2019.01.14 09:30 Eq: 478.76 UoL: 108.89%
2019-10-26 08:35:13.667 INFO  singlejartest.TesterMainGUIMode - Running, Mon 2019.01.14 10:00 Eq: 436.53 UoL: 119.43%
2019-10-26 08:35:13.928 INFO  singlejartest.TesterMainGUIMode - Running, Mon 2019.01.14 10:30 Eq: 423.46 UoL: .00%
2019-10-26 08:35:14.114 INFO  singlejartest.TesterMainGUIMode - Running, Mon 2019.01.14 11:00 Eq: 423.46 UoL: .00%
2019-10-26 08:35:14.298 INFO  singlejartest.TesterMainGUIMode - Running, Mon 2019.01.14 11:30 Eq: 423.46 UoL: .00%
2019-10-26 08:35:14.530 INFO  singlejartest.TesterMainGUIMode - Running, Mon 2019.01.14 12:00 Eq: 423.46 UoL: .00%
2019-10-26 08:35:14.684 INFO  singlejartest.TesterMainGUIMode - Running, Mon 2019.01.14 12:30 Eq: 423.46 UoL: .00%
2019-10-26 08:35:14.876 INFO  singlejartest.TesterMainGUIMode - Running, Mon 2019.01.14 13:00 Eq: 423.46 UoL: .00%
2019-10-26 08:35:15.074 INFO  singlejartest.TesterMainGUIMode - Running, Mon 2019.01.14 13:30 Eq: 423.46 UoL: .00%
2019-10-26 08:35:15.254 INFO  singlejartest.TesterMainGUIMode - Running, Mon 2019.01.14 14:00 Eq: 423.46 UoL: .00%
2019-10-26 08:35:15.388 INFO  singlejartest.TesterMainGUIMode - Running, Mon 2019.01.14 14:30 Eq: 423.46 UoL: .00%
2019-10-26 08:35:15.554 INFO  singlejartest.TesterMainGUIMode - Running, Mon 2019.01.14 15:00 Eq: 423.46 UoL: .00%
2019-10-26 08:35:15.702 INFO  singlejartest.TesterMainGUIMode - Running, Mon 2019.01.14 15:30 Eq: 423.46 UoL: .00%
2019-10-26 08:35:15.885 INFO  singlejartest.TesterMainGUIMode - Running, Mon 2019.01.14 16:00 Eq: 373.38 UoL: 113.41%
2019-10-26 08:35:16.065 INFO  singlejartest.TesterMainGUIMode - Running, Mon 2019.01.14 16:30 Eq: 408.79 UoL: 103.59%
2019-10-26 08:35:16.188 INFO  singlejartest.TesterMainGUIMode - Running, Mon 2019.01.14 17:00 Eq: 416.91 UoL: 101.57%
2019-10-26 08:35:16.303 INFO  singlejartest.TesterMainGUIMode - Running, Mon 2019.01.14 17:30 Eq: 406.95 UoL: 104.06%
2019-10-26 08:35:16.452 INFO  singlejartest.TesterMainGUIMode - Running, Mon 2019.01.14 18:00 Eq: 408.05 UoL: 103.78%
2019-10-26 08:35:16.530 INFO  singlejartest.TesterMainGUIMode - Running, Mon 2019.01.14 18:30 Eq: 388.50 UoL: 109.00%
2019-10-26 08:35:16.618 INFO  singlejartest.TesterMainGUIMode - Running, Mon 2019.01.14 19:00 Eq: 381.50 UoL: 111.00%
2019-10-26 08:35:16.719 INFO  singlejartest.TesterMainGUIMode - Running, Mon 2019.01.14 19:30 Eq: 374.49 UoL: 113.08%
2019-10-26 08:35:16.795 INFO  singlejartest.TesterMainGUIMode - Running, Mon 2019.01.14 20:00 Eq: 367.11 UoL: 115.35%
2019-10-26 08:35:16.865 INFO  singlejartest.TesterMainGUIMode - Running, Mon 2019.01.14 20:30 Eq: 368.96 UoL: 114.77%
2019-10-26 08:35:16.929 INFO  singlejartest.TesterMainGUIMode - Running, Mon 2019.01.14 21:00 Eq: 375.48 UoL: 112.79%
2019-10-26 08:35:16.986 INFO  singlejartest.TesterMainGUIMode - Running, Mon 2019.01.14 21:30 Eq: 374.38 UoL: 113.12%
2019-10-26 08:35:17.033 INFO  singlejartest.TesterMainGUIMode - Running, Mon 2019.01.14 22:00 Eq: 372.53 UoL: 113.68%
2019-10-26 08:35:17.082 INFO  singlejartest.TesterMainGUIMode - Running, Mon 2019.01.14 22:30 Eq: 368.11 UoL: 115.04%
2019-10-26 08:35:17.131 INFO  singlejartest.TesterMainGUIMode - Running, Mon 2019.01.14 23:00 Eq: 367.00 UoL: 115.39%
2019-10-26 08:35:17.181 INFO  singlejartest.TesterMainGUIMode - Running, Mon 2019.01.14 23:30 Eq: 384.71 UoL: 110.08%
2019-10-26 08:35:17.256 INFO  singlejartest.TesterMainGUIMode - Running, Mon 2019.01.15 00:00 Eq: 389.87 UoL: 108.62%
2019-10-26 08:35:17.337 INFO  singlejartest.TesterMainGUIMode - Running, Mon 2019.01.15 00:30 Eq: 397.98 UoL: 106.41%
2019-10-26 08:35:17.395 INFO  singlejartest.TesterMainGUIMode - Running, Mon 2019.01.15 01:00 Eq: 404.25 UoL: 104.76%
2019-10-26 08:35:17.490 INFO  singlejartest.TesterMainGUIMode - Running, Mon 2019.01.15 01:30 Eq: 426.75 UoL: 99.24%
2019-10-26 08:35:17.618 INFO  singlejartest.TesterMainGUIMode - Running, Mon 2019.01.15 02:00 Eq: 434.13 UoL: 97.55%
2019-10-26 08:35:17.735 INFO  singlejartest.TesterMainGUIMode - Running, Mon 2019.01.15 02:30 Eq: 430.07 UoL: 98.47%
2019-10-26 08:35:17.822 INFO  singlejartest.TesterMainGUIMode - Running, Mon 2019.01.15 03:00 Eq: 429.71 UoL: 98.55%
2019-10-26 08:35:17.903 INFO  singlejartest.TesterMainGUIMode - Running, Mon 2019.01.15 03:30 Eq: 433.76 UoL: 97.63%
2019-10-26 08:35:17.968 INFO  singlejartest.TesterMainGUIMode - Running, Mon 2019.01.15 04:00 Eq: 436.34 UoL: 97.05%
2019-10-26 08:35:18.032 INFO  singlejartest.TesterMainGUIMode - Running, Mon 2019.01.15 04:30 Eq: 419.01 UoL: 101.07%
2019-10-26 08:35:18.088 INFO  singlejartest.TesterMainGUIMode - Running, Tue 2019.01.15 05:00 Eq: 416.43 UoL: 101.70%
2019-10-26 08:35:18.169 INFO  singlejartest.TesterMainGUIMode - Running, Tue 2019.01.15 05:30 Eq: 409.05 UoL: 103.53%
2019-10-26 08:35:18.249 INFO  singlejartest.TesterMainGUIMode - Running, Tue 2019.01.15 06:00 Eq: 428.60 UoL: 98.81%
2019-10-26 08:35:18.319 INFO  singlejartest.TesterMainGUIMode - Running, Tue 2019.01.15 06:30 Eq: 401.30 UoL: 105.53%
2019-10-26 08:35:18.391 INFO  singlejartest.TesterMainGUIMode - Running, Tue 2019.01.15 07:00 Eq: 402.04 UoL: 105.34%
2019-10-26 08:35:18.500 INFO  singlejartest.TesterMainGUIMode - Running, Tue 2019.01.15 07:30 Eq: 420.12 UoL: 100.80%
2019-10-26 08:35:18.650 INFO  singlejartest.TesterMainGUIMode - Running, Tue 2019.01.15 08:00 Eq: 381.75 UoL: 110.93%
2019-10-26 08:35:18.856 INFO  singlejartest.TesterMainGUIMode - Running, Tue 2019.01.15 08:30 Eq: 342.00 UoL: .00%
2019-10-26 08:35:18.991 INFO  singlejartest.TesterMainGUIMode - Running, Tue 2019.01.15 09:00 Eq: 342.00 UoL: .00%
2019-10-26 08:35:19.214 INFO  singlejartest.TesterMainGUIMode - Running, Tue 2019.01.15 09:30 Eq: 342.00 UoL: .00%
2019-10-26 08:35:19.360 INFO  singlejartest.TesterMainGUIMode - Running, Tue 2019.01.15 10:00 Eq: 342.00 UoL: .00%
2019-10-26 08:35:19.531 INFO  singlejartest.TesterMainGUIMode - Running, Tue 2019.01.15 10:30 Eq: 342.00 UoL: .00%
2019-10-26 08:35:19.710 INFO  singlejartest.TesterMainGUIMode - Running, Tue 2019.01.15 11:00 Eq: 342.00 UoL: .00%
2019-10-26 08:35:19.876 INFO  singlejartest.TesterMainGUIMode - Running, Tue 2019.01.15 11:30 Eq: 342.00 UoL: .00%
2019-10-26 08:35:20.026 INFO  singlejartest.TesterMainGUIMode - Running, Tue 2019.01.15 12:00 Eq: 342.00 UoL: .00%
2019-10-26 08:35:20.244 INFO  singlejartest.TesterMainGUIMode - Running, Tue 2019.01.15 12:30 Eq: 342.00 UoL: .00%
2019-10-26 08:35:20.373 INFO  singlejartest.TesterMainGUIMode - Running, Tue 2019.01.15 13:00 Eq: 342.00 UoL: .00%
2019-10-26 08:35:20.538 INFO  singlejartest.TesterMainGUIMode - Running, Tue 2019.01.15 13:30 Eq: 342.00 UoL: .00%
2019-10-26 08:35:20.694 INFO  singlejartest.TesterMainGUIMode - Running, Tue 2019.01.15 14:00 Eq: 334.29 UoL: 102.31%
2019-10-26 08:35:20.864 INFO  singlejartest.TesterMainGUIMode - Running, Tue 2019.01.15 14:30 Eq: 338.78 UoL: 100.95%
2019-10-26 08:35:21.046 INFO  singlejartest.TesterMainGUIMode - Running, Tue 2019.01.15 15:00 Eq: 380.63 UoL: 89.85%
2019-10-26 08:35:21.255 INFO  singlejartest.TesterMainGUIMode - Running, Tue 2019.01.15 15:30 Eq: 307.46 UoL: .00%
2019-10-26 08:35:21.410 INFO  singlejartest.TesterMainGUIMode - Running, Tue 2019.01.15 16:00 Eq: 307.46 UoL: .00%
2019-10-26 08:35:21.754 INFO  singlejartest.TesterMainGUIMode - Running, Tue 2019.01.15 16:30 Eq: 307.46 UoL: .00%
2019-10-26 08:35:21.985 INFO  singlejartest.TesterMainGUIMode - Running, Tue 2019.01.15 17:00 Eq: 307.46 UoL: .00%
2019-10-26 08:35:22.169 INFO  singlejartest.TesterMainGUIMode - Running, Tue 2019.01.15 17:30 Eq: 307.46 UoL: .00%
2019-10-26 08:35:22.289 INFO  singlejartest.TesterMainGUIMode - Running, Tue 2019.01.15 18:00 Eq: 307.46 UoL: .00%
2019-10-26 08:35:22.467 INFO  singlejartest.TesterMainGUIMode - Strategy stopped: 0
