2019-10-26 08:37:53.705 INFO  singlejartest.TesterMainGUIMode - Connecting...
2019-10-26 08:37:55.450 INFO  com.dukascopy.api.impl.connect.AuthorizationClient - environment(jnlp.client.mode)=DEMO, platformInstanceId=null
2019-10-26 08:37:55.465 INFO  com.dukascopy.api.impl.connect.AuthorizationClient - Auth step 1 request [F1F1B6197F57854B4FE55E72F162006546F6A6AE]
2019-10-26 08:37:55.467 DEBUG com.dukascopy.api.impl.connect.AuthorizationClient - >> [https://login.dukascopy.com/authorization-1/demo/auth?munus=srp_api&passus=1&sermo=7695ca20-24d3-4666-990c-002af5fb9f0c&putent_genus=0&appello=F1F1B6197F57854B4FE55E72F162006546F6A6AE&srp_versio=1]
2019-10-26 08:37:56.590 DEBUG com.dukascopy.api.impl.connect.AuthorizationClient - << [{"B":"43278a397a95234d0d0e7f800abc9c28a1f862066b24c009ebf2474c82960bedca05c102163893d73552f94235d0e40f7f8545e988e8740c05db325c9f6c2014a6e8367eaf6c33d1ef84d4f960eabd9e3175448cf8f83460a9bd24969882d5ddbde16d5e7bcc6f464c1601a83683dab908e16c703bce60e468d86437a869c444354d0c2bbeb59fb20b5553bdd2d05cf0a144cb238294e9ca47b47b2ec7376bee12576f9d89259225c812b8136b0d7fae201ad06e8e6d3ae2f6c57507a736b62d1f4f5b0648ac20f815475ab16325e1c2b98c73634918b7646d33d2057f546ab7b96ec1a2502f9045c0bc9bba35418710838ba5d7c4dc9a2c1d8fdd284a5bb98e","S":"323725a67d8f9ec284673ba8f9d15f66","G":"2","H":"SHA-256","K":"5b9e8ef059c6b32ea59fc1d322d37f04aa30bae5aa9003b8321e21ddb04e300","N":"ac6bdb41324a9a9bf166de5e1389582faf72b6651987ee07fc3192943db56050a37329cbb4a099ed8193e0757767a13dd52312ab4b03310dcd7f48a9da04fd50e8083969edb767b0cf6095179a163ab3661a05fbd5faaae82918a9962f0b93b855f97993ec975eeaa80d740adbf4ff747359d041d5c33ea71d281e446b14773bca97b43a23fb801676bd207a436c6481f1d2b9078717461a5b9d32e688f87748544523b524b0d57d5ea77a2775d2ecfa032cfbdbf52fb3786160279004e57ae6af874e7303ce53299ccc041c7bc308d82a5698f3a8d0c38271ae35f8e9dbfbb694b5c803d89f7ae435de236d525f54759b65e372fcd68ef20fa7111f9e4aff73","srp_versio":"1"}]
2019-10-26 08:37:56.593 INFO  com.dukascopy.api.impl.connect.AuthorizationClient - Auth step 1 response [ServerResponseObject [passwordServerResponse=Step1ServerResponse [serverPublicValueB=43278a397a95234d0d0e7f800abc9c28a1f862066b24c009ebf2474c82960bedca05c102163893d73552f94235d0e40f7f8545e988e8740c05db325c9f6c2014a6e8367eaf6c33d1ef84d4f960eabd9e3175448cf8f83460a9bd24969882d5ddbde16d5e7bcc6f464c1601a83683dab908e16c703bce60e468d86437a869c444354d0c2bbeb59fb20b5553bdd2d05cf0a144cb238294e9ca47b47b2ec7376bee12576f9d89259225c812b8136b0d7fae201ad06e8e6d3ae2f6c57507a736b62d1f4f5b0648ac20f815475ab16325e1c2b98c73634918b7646d33d2057f546ab7b96ec1a2502f9045c0bc9bba35418710838ba5d7c4dc9a2c1d8fdd284a5bb98e, saltS=323725a67d8f9ec284673ba8f9d15f66, safePrimeN=ac6bdb41324a9a9bf166de5e1389582faf72b6651987ee07fc3192943db56050a37329cbb4a099ed8193e0757767a13dd52312ab4b03310dcd7f48a9da04fd50e8083969edb767b0cf6095179a163ab3661a05fbd5faaae82918a9962f0b93b855f97993ec975eeaa80d740adbf4ff747359d041d5c33ea71d281e446b14773bca97b43a23fb801676bd207a436c6481f1d2b9078717461a5b9d32e688f87748544523b524b0d57d5ea77a2775d2ecfa032cfbdbf52fb3786160279004e57ae6af874e7303ce53299ccc041c7bc308d82a5698f3a8d0c38271ae35f8e9dbfbb694b5c803d89f7ae435de236d525f54759b65e372fcd68ef20fa7111f9e4aff73, correspondingGeneratorG=2, hashAlgorithmH=SHA-256, srpProtocolVersion=1], ]]
2019-10-26 08:37:56.684 INFO  com.dukascopy.api.impl.connect.AuthorizationClient - Auth step 2 request A [9672933794716896810983922254272383738519741188453534304905642232458669032731545358147983726251726706671887359916236552700344075582338046981270126230692496497634954708601799028158230685227710679011014456643286703377386245614708016799421488741499897366227362435183255406705506562278792218551318298511028566166669653709136256517674732701979747411900717703331975623510005736134692397487073677661766603847978303888118643260632287408646571094862488337706756225980194834348465149461174593891579036980260150123313107421402705843171987944425991726662243198452307672939537298165782411853199512616527806487825995298425880959939], M1 [101980652827714810349531969200774985348586599500616923600427760945884870266392]
2019-10-26 08:37:56.684 DEBUG com.dukascopy.api.impl.connect.AuthorizationClient - >> [https://login.dukascopy.com/authorization-1/demo/auth?munus=srp_api&testimonium_nuntius=e1770107326066ba441f429b5691b74e0357c0ac2608fff8e1c74786dec8ce18&passus=2&publicus_pendo=4c9fd8608b6c7ab3e280e2b9787bfe0662465476cac83f795ae281b456a416dda7fd5dda95328ba2d837a0cf0f3b0f7142743a588a3fdbd46e9039c731f4603097eb1c5b0772ecf1fa9f1a6dd09d5329d6e15cf6ce916cf2a452cb528b76fffe253bfd7c5b52cfde7dca33c11089ac1f29f11849de7f4c16935617a9f63c7a4b563fab1ce290351a754901ef0df37c441dd079cc1cd29cbfc1e5b3f7dedbecf546232ca0b6f00b702dfb4ff37f96a0024deb09e65b6973fd25a4ced313684d840d40a09573f2bc37f8b7f85205681db51e26c785539983eb0576935cc1cd616589fbfdbd8ac3f8ea228c5ce67728c0679789780f6f7757e83b46ca2a91c7dbc3&sermo=7695ca20-24d3-4666-990c-002af5fb9f0c&putent_genus=0&srp_versio=1]
2019-10-26 08:37:57.556 DEBUG com.dukascopy.api.impl.connect.AuthorizationClient - << [{"M2":"52a797be5a8f57282fd44376260b3c18d276e758573b9f5cc28e7640dd8b10f8","srp_versio":"1"}]
2019-10-26 08:37:57.557 INFO  com.dukascopy.api.impl.connect.AuthorizationClient - Auth step 2 response [ServerResponseObject [passwordServerResponse=Step2ServerResponse [serverEvidenceMessageM2=52a797be5a8f57282fd44376260b3c18d276e758573b9f5cc28e7640dd8b10f8, srpProtocolVersion=1], ]]
2019-10-26 08:37:57.561 INFO  com.dukascopy.api.impl.connect.AuthorizationClient - Auth step 3 request
2019-10-26 08:37:57.561 DEBUG com.dukascopy.api.impl.connect.AuthorizationClient - >> [https://login.dukascopy.com/authorization-1/demo/auth?munus=srp_api&passus=3&sermo=7695ca20-24d3-4666-990c-002af5fb9f0c&versio=318.4.68&willPing=true&occasus_content_vulgate=0&putent_genus=0&occasus=true&platform=DDS3_JFOREXSDK&srp_versio=1]
2019-10-26 08:37:59.437 DEBUG com.dukascopy.api.impl.connect.AuthorizationClient - << [{"occasus":"rO0ABXNyABRqYXZhLnV0aWwuUHJvcGVydGllczkS0HpwNj6YAgABTAAIZGVmYXVsdHN0ABZMamF2\r\nYS91dGlsL1Byb3BlcnRpZX...","authApiURLs":["d-ja-gva-101-135-154.dukascopy.com:10443","d-ja-usa-e-97-4-b.dukascopy.com:10443","d-ja-sgn-04-b.dukascopy.com:10443","d-ja-jpn-04-a.dukascopy.com:10443","d-ja-hk-110-05.dukascopy.ch:10443","d-ja-msk-10.dukascopy.com:10443","d-ja-hk-111-4.dukascopy.ch:10443"],"srp_versio":"1"}]
2019-10-26 08:37:59.443 INFO  com.dukascopy.api.impl.connect.AuthorizationClient - Auth step 3 response [ServerResponseObject [passwordServerResponse=Step3ServerResponse [serverResponse={"occasus":"rO0ABXNyABRqYXZhLnV0aWwuUHJvcGVydGllczkS0HpwNj6YAgABTAAIZGVmYXVsdHN0ABZMamF2\r\nYS91dGlsL1Byb3BlcnRpZX...","authApiURLs":["d-ja-gva-101-135-154.dukascopy.com:10443","d-ja-usa-e-97-4-b.dukascopy.com:10443","d-ja-sgn-04-b.dukascopy.com:10443","d-ja-jpn-04-a.dukascopy.com:10443","d-ja-hk-110-05.dukascopy.ch:10443","d-ja-msk-10.dukascopy.com:10443","d-ja-hk-111-4.dukascopy.ch:10443"],"srp_versio":"1"}], responseHeaderFields={Transfer-Encoding=[chunked], null=[HTTP/1.1 200], idle-session-ttl=[900000], CF-RAY=[52bcd3ef2b38b570-BOG], Server=[cloudflare], Connection=[keep-alive], Client-Country=[CO], Pragma=[no-cache], Last-Modified=[Sat, 26 Oct 2019 13:37:58 GMT], Date=[Sat, 26 Oct 2019 13:37:59 GMT], CF-Cache-Status=[DYNAMIC], Cache-Control=[no-cache, must-revalidate, no-store, max-age=0], Access-Control-Allow-Credentials=[true], Client-IP=[181.54.81.138], Vary=[Accept-Encoding], Set-Cookie=[__cfduid=d6f462830107ccc171a7ba1f5526eb7bb1572097077; expires=Sun, 25-Oct-20 13:37:57 GMT; path=/; domain=.dukascopy.com; HttpOnly], Expires=[Thu, 01 Jan 1970 00:00:00 GMT], Expect-CT=[max-age=604800, report-uri="https://report-uri.cloudflare.com/cdn-cgi/beacon/expect-ct"], Content-Type=[text/plain;charset=UTF-8]}]]
2019-10-26 08:37:59.528 INFO  com.dukascopy.api.impl.connect.AuthorizationClient - Selecting the best server...
2019-10-26 08:37:59.842 INFO  com.dukascopy.api.impl.connect.AuthorizationClient - The ping start time=2019-10-26 08:37:59:841
2019-10-26 08:38:00.175 INFO  com.dukascopy.api.impl.connect.AuthorizationClient - The ping end time=2019-10-26 08:38:00:175, the ping processing time=[334]ms
2019-10-26 08:38:00.175 DEBUG com.dukascopy.api.impl.connect.AuthorizationClient - Best api url [d-ja-usa-e-97-4-b.dukascopy.com:10443] with time [98]
2019-10-26 08:38:00.177 DEBUG com.dukascopy.api.impl.connect.TesterClientImpl - d-ja-usa-e-97-4-b.dukascopy.com:10443@ec507d1f09fdbd242105a6338fdbeca8fdf84d66af0329d4b4178da8fab78fd7
2019-10-26 08:38:00.223 INFO  com.dukascopy.dds2.greed.util.FilePathManager - WL info is unavailable. Use default App folder for Platform data:  /home/merkhet/JForex
2019-10-26 08:38:00.388 WARN  com.dukascopy.charts.data.datacache.FeedDataProvider - JStore is disabled for the current user
2019-10-26 08:38:00.398 DEBUG com.dukascopy.api.impl.connect.TesterClientImpl - UserAgent: {"clientType":"DDS3_JFOREXSDK","javaVersion":"1.8.0_201","jvmVersion":"25.201-b09","ip":"null","clientVersion":"318.4.68","osName":"Linux","userName":"null"}
2019-10-26 08:38:02.257 INFO  com.dukascopy.dds2.greed.connection.GreedClientAuthorizationProvider - !!!:Thread[(NettyTransportClient-0) ClientConnector,6,main]
2019-10-26 08:38:02.262 INFO  com.dukascopy.dds4.transport.client.netty.ClientConnector - Authorize task in queue, server address [d-ja-usa-e-97-4-b.dukascopy.com/107.21.41.150:10443], transport name [NettyTransportClient-0]
2019-10-26 08:38:02.264 DEBUG com.dukascopy.api.impl.connect.TesterClientImpl - Authorized
2019-10-26 08:38:02.278 INFO  com.dukascopy.api.instrument.subscribe.InstrumentManager - InstrumentManager created.
2019-10-26 08:38:02.534 WARN  com.dukascopy.api.impl.connect.WLabelData - White Label Image is not received
2019-10-26 08:38:02.535 INFO  singlejartest.TesterMainGUIMode - Connected
2019-10-26 08:38:02.540 INFO  singlejartest.TesterMainGUIMode - Subscribing instruments...
2019-10-26 08:38:02.542 INFO  singlejartest.TesterMainGUIMode - Downloading data
2019-10-26 08:38:02.549 INFO  com.dukascopy.charts.data.datacache.metadata.FeedMetadataManager - Loading first times for [EUR/USD]...
2019-10-26 08:38:02.641 INFO  com.dukascopy.charts.data.datacache.metadata.FeedMetadataManager - First times loaded {EUR/USD={Ticks=1052082000914, 1 Min=1052082000000, Hourly=1052082000000, Daily=99792000000}}
2019-10-26 08:38:02.709 INFO  singlejartest.TesterMainGUIMode - Starting strategy
2019-10-26 08:38:10.074 INFO  singlejartest.TesterMainGUIMode - Strategy started: 0
2019-10-26 08:38:10.084 INFO  singlejartest.TesterMainGUIMode - Getting prices before start time
2019-10-26 08:38:10.305 INFO  singlejartest.TesterMainGUIMode - Creating data loading threads
2019-10-26 08:38:10.409 INFO  singlejartest.TesterMainGUIMode - Getting prices before start time
2019-10-26 08:38:10.485 WARN  com.dukascopy.api.impl.connect.WLabelData - White Label Image is not received
2019-10-26 08:38:10.505 INFO  singlejartest.TesterMainGUIMode - Filling in-progress candles
2019-10-26 08:38:10.708 INFO  singlejartest.TesterMainGUIMode - Executing onStart
2019-10-26 08:38:10.710 INFO  singlejartest.TesterMainGUIMode - Running
2019-10-26 08:38:10.983 INFO  singlejartest.TesterMainGUIMode - Running, Sat 2019.09.01 00:30 Eq: 1,400.00 UoL: .00%
2019-10-26 08:38:11.008 INFO  singlejartest.TesterMainGUIMode - Running, Sat 2019.09.01 01:00 Eq: 1,400.00 UoL: .00%
2019-10-26 08:38:11.028 INFO  singlejartest.TesterMainGUIMode - Running, Sat 2019.09.01 01:30 Eq: 1,400.00 UoL: .00%
2019-10-26 08:38:11.045 INFO  singlejartest.TesterMainGUIMode - Running, Sat 2019.09.01 02:00 Eq: 1,400.00 UoL: .00%
2019-10-26 08:38:11.056 INFO  singlejartest.TesterMainGUIMode - Running, Sat 2019.09.01 02:30 Eq: 1,400.00 UoL: .00%
2019-10-26 08:38:11.068 INFO  singlejartest.TesterMainGUIMode - Running, Sat 2019.09.01 03:00 Eq: 1,400.00 UoL: .00%
2019-10-26 08:38:11.081 INFO  singlejartest.TesterMainGUIMode - Running, Sat 2019.09.01 03:30 Eq: 1,400.00 UoL: .00%
2019-10-26 08:38:11.111 INFO  singlejartest.TesterMainGUIMode - Running, Sat 2019.09.01 04:00 Eq: 1,400.00 UoL: .00%
2019-10-26 08:38:11.125 INFO  singlejartest.TesterMainGUIMode - Running, Sat 2019.09.01 04:30 Eq: 1,400.00 UoL: .00%
2019-10-26 08:38:11.138 INFO  singlejartest.TesterMainGUIMode - Running, Sun 2019.09.01 05:00 Eq: 1,400.00 UoL: .00%
2019-10-26 08:38:11.149 INFO  singlejartest.TesterMainGUIMode - Running, Sun 2019.09.01 05:30 Eq: 1,400.00 UoL: .00%
2019-10-26 08:38:11.160 INFO  singlejartest.TesterMainGUIMode - Running, Sun 2019.09.01 06:00 Eq: 1,400.00 UoL: .00%
2019-10-26 08:38:11.167 INFO  singlejartest.TesterMainGUIMode - Running, Sun 2019.09.01 06:30 Eq: 1,400.00 UoL: .00%
2019-10-26 08:38:11.173 INFO  singlejartest.TesterMainGUIMode - Running, Sun 2019.09.01 07:00 Eq: 1,400.00 UoL: .00%
2019-10-26 08:38:11.176 INFO  singlejartest.TesterMainGUIMode - Running, Sun 2019.09.01 07:30 Eq: 1,400.00 UoL: .00%
2019-10-26 08:38:11.180 INFO  singlejartest.TesterMainGUIMode - Running, Sun 2019.09.01 08:00 Eq: 1,400.00 UoL: .00%
2019-10-26 08:38:11.183 INFO  singlejartest.TesterMainGUIMode - Running, Sun 2019.09.01 08:30 Eq: 1,400.00 UoL: .00%
2019-10-26 08:38:11.189 INFO  singlejartest.TesterMainGUIMode - Running, Sun 2019.09.01 09:00 Eq: 1,400.00 UoL: .00%
2019-10-26 08:38:11.196 INFO  singlejartest.TesterMainGUIMode - Running, Sun 2019.09.01 09:30 Eq: 1,400.00 UoL: .00%
2019-10-26 08:38:11.202 INFO  singlejartest.TesterMainGUIMode - Running, Sun 2019.09.01 10:00 Eq: 1,400.00 UoL: .00%
2019-10-26 08:38:11.209 INFO  singlejartest.TesterMainGUIMode - Running, Sun 2019.09.01 10:30 Eq: 1,400.00 UoL: .00%
2019-10-26 08:38:11.214 INFO  singlejartest.TesterMainGUIMode - Running, Sun 2019.09.01 11:00 Eq: 1,400.00 UoL: .00%
2019-10-26 08:38:11.221 INFO  singlejartest.TesterMainGUIMode - Running, Sun 2019.09.01 11:30 Eq: 1,400.00 UoL: .00%
2019-10-26 08:38:11.229 INFO  singlejartest.TesterMainGUIMode - Running, Sun 2019.09.01 12:00 Eq: 1,400.00 UoL: .00%
2019-10-26 08:38:11.237 INFO  singlejartest.TesterMainGUIMode - Running, Sun 2019.09.01 12:30 Eq: 1,400.00 UoL: .00%
2019-10-26 08:38:11.243 INFO  singlejartest.TesterMainGUIMode - Running, Sun 2019.09.01 13:00 Eq: 1,400.00 UoL: .00%
2019-10-26 08:38:11.253 INFO  singlejartest.TesterMainGUIMode - Running, Sun 2019.09.01 13:30 Eq: 1,400.00 UoL: .00%
2019-10-26 08:38:11.262 INFO  singlejartest.TesterMainGUIMode - Running, Sun 2019.09.01 14:00 Eq: 1,400.00 UoL: .00%
2019-10-26 08:38:11.269 INFO  singlejartest.TesterMainGUIMode - Running, Sun 2019.09.01 14:30 Eq: 1,400.00 UoL: .00%
2019-10-26 08:38:11.275 INFO  singlejartest.TesterMainGUIMode - Running, Sun 2019.09.01 15:00 Eq: 1,400.00 UoL: .00%
2019-10-26 08:38:11.282 INFO  singlejartest.TesterMainGUIMode - Running, Sun 2019.09.01 15:30 Eq: 1,400.00 UoL: .00%
2019-10-26 08:38:11.288 INFO  singlejartest.TesterMainGUIMode - Running, Sun 2019.09.01 16:00 Eq: 1,400.00 UoL: .00%
2019-10-26 08:38:11.297 INFO  singlejartest.TesterMainGUIMode - Running, Sun 2019.09.01 16:30 Eq: 1,400.00 UoL: .00%
2019-10-26 08:38:11.302 INFO  singlejartest.TesterMainGUIMode - Running, Sun 2019.09.01 17:00 Eq: 1,400.00 UoL: .00%
2019-10-26 08:38:11.308 INFO  singlejartest.TesterMainGUIMode - Running, Sun 2019.09.01 17:30 Eq: 1,400.00 UoL: .00%
2019-10-26 08:38:11.312 INFO  singlejartest.TesterMainGUIMode - Running, Sun 2019.09.01 18:00 Eq: 1,400.00 UoL: .00%
2019-10-26 08:38:11.317 INFO  singlejartest.TesterMainGUIMode - Running, Sun 2019.09.01 18:30 Eq: 1,400.00 UoL: .00%
2019-10-26 08:38:11.323 INFO  singlejartest.TesterMainGUIMode - Running, Sun 2019.09.01 19:00 Eq: 1,400.00 UoL: .00%
2019-10-26 08:38:11.328 INFO  singlejartest.TesterMainGUIMode - Running, Sun 2019.09.01 19:30 Eq: 1,400.00 UoL: .00%
2019-10-26 08:38:11.340 INFO  singlejartest.TesterMainGUIMode - Running, Sun 2019.09.01 20:00 Eq: 1,400.00 UoL: .00%
2019-10-26 08:38:11.345 INFO  singlejartest.TesterMainGUIMode - Running, Sun 2019.09.01 20:30 Eq: 1,400.00 UoL: .00%
2019-10-26 08:38:11.350 INFO  singlejartest.TesterMainGUIMode - Running, Sun 2019.09.01 21:00 Eq: 1,400.00 UoL: .00%
2019-10-26 08:38:11.509 WARN  com.dukascopy.charts.dataprovider.timed.AbstractBufferedTimedDataProvider - Buffer already contains loaded data for [205, 2019-09-01 21:00:00:000, 0, true] TimedDataDescriptor [dataType=TIME_PERIOD_AGGREGATION, instrument=EUR/USD, offerSide=Bid, period=Hourly, dailyFilterPeriod=Daily, filter=WEEKENDS, interpolationDescriptor=DEFAULT]
2019-10-26 08:38:11.592 INFO  singlejartest.TesterMainGUIMode - Running, Sun 2019.09.01 21:30 Eq: 1,400.00 UoL: .00%
2019-10-26 08:38:11.845 INFO  singlejartest.TesterMainGUIMode - Running, Sun 2019.09.01 22:00 Eq: 1,400.00 UoL: .00%
2019-10-26 08:38:12.095 INFO  singlejartest.TesterMainGUIMode - Running, Sun 2019.09.01 22:30 Eq: 1,400.00 UoL: .00%
2019-10-26 08:38:12.238 INFO  singlejartest.TesterMainGUIMode - Running, Sun 2019.09.01 23:00 Eq: 1,400.00 UoL: .00%
2019-10-26 08:38:12.331 INFO  singlejartest.TesterMainGUIMode - Running, Sun 2019.09.01 23:30 Eq: 1,400.00 UoL: .00%
2019-10-26 08:38:12.417 INFO  singlejartest.TesterMainGUIMode - Running, Sun 2019.09.02 00:00 Eq: 1,400.00 UoL: .00%
2019-10-26 08:38:12.482 INFO  singlejartest.TesterMainGUIMode - Running, Sun 2019.09.02 00:30 Eq: 1,400.00 UoL: .00%
2019-10-26 08:38:12.680 INFO  singlejartest.TesterMainGUIMode - Running, Sun 2019.09.02 01:00 Eq: 1,400.00 UoL: .00%
2019-10-26 08:38:12.816 INFO  singlejartest.TesterMainGUIMode - Running, Sun 2019.09.02 01:30 Eq: 1,400.00 UoL: .00%
2019-10-26 08:38:12.965 INFO  singlejartest.TesterMainGUIMode - Running, Sun 2019.09.02 02:00 Eq: 1,400.00 UoL: .00%
2019-10-26 08:38:13.048 INFO  singlejartest.TesterMainGUIMode - Running, Sun 2019.09.02 02:30 Eq: 1,400.00 UoL: .00%
2019-10-26 08:38:13.123 INFO  singlejartest.TesterMainGUIMode - Running, Sun 2019.09.02 03:00 Eq: 1,400.00 UoL: .00%
2019-10-26 08:38:13.171 INFO  singlejartest.TesterMainGUIMode - Running, Sun 2019.09.02 03:30 Eq: 1,400.00 UoL: .00%
2019-10-26 08:38:13.224 INFO  singlejartest.TesterMainGUIMode - Running, Sun 2019.09.02 04:00 Eq: 1,400.00 UoL: .00%
2019-10-26 08:38:13.259 INFO  singlejartest.TesterMainGUIMode - Running, Sun 2019.09.02 04:30 Eq: 1,400.00 UoL: .00%
2019-10-26 08:38:13.301 INFO  singlejartest.TesterMainGUIMode - Running, Mon 2019.09.02 05:00 Eq: 1,400.00 UoL: .00%
2019-10-26 08:38:13.351 INFO  singlejartest.TesterMainGUIMode - Running, Mon 2019.09.02 05:30 Eq: 1,400.00 UoL: .00%
2019-10-26 08:38:13.411 INFO  singlejartest.TesterMainGUIMode - Running, Mon 2019.09.02 06:00 Eq: 1,400.00 UoL: .00%
2019-10-26 08:38:13.547 INFO  singlejartest.TesterMainGUIMode - Running, Mon 2019.09.02 06:30 Eq: 1,400.00 UoL: .00%
2019-10-26 08:38:13.695 INFO  singlejartest.TesterMainGUIMode - Running, Mon 2019.09.02 07:00 Eq: 1,400.00 UoL: .00%
2019-10-26 08:38:13.874 INFO  singlejartest.TesterMainGUIMode - Running, Mon 2019.09.02 07:30 Eq: 1,400.00 UoL: .00%
2019-10-26 08:38:14.125 INFO  singlejartest.TesterMainGUIMode - Running, Mon 2019.09.02 08:00 Eq: 1,400.00 UoL: .00%
2019-10-26 08:38:14.321 INFO  singlejartest.TesterMainGUIMode - Running, Mon 2019.09.02 08:30 Eq: 1,400.00 UoL: .00%
2019-10-26 08:38:14.556 INFO  singlejartest.TesterMainGUIMode - Running, Mon 2019.09.02 09:00 Eq: 1,400.00 UoL: .00%
2019-10-26 08:38:14.758 INFO  singlejartest.TesterMainGUIMode - Running, Mon 2019.09.02 09:30 Eq: 1,400.00 UoL: .00%
2019-10-26 08:38:14.950 INFO  singlejartest.TesterMainGUIMode - Running, Mon 2019.09.02 10:00 Eq: 1,400.00 UoL: .00%
2019-10-26 08:38:15.063 INFO  singlejartest.TesterMainGUIMode - Running, Mon 2019.09.02 10:30 Eq: 1,400.00 UoL: .00%
2019-10-26 08:38:15.146 INFO  singlejartest.TesterMainGUIMode - Running, Mon 2019.09.02 11:00 Eq: 1,400.00 UoL: .00%
2019-10-26 08:38:15.262 INFO  singlejartest.TesterMainGUIMode - Running, Mon 2019.09.02 11:30 Eq: 1,400.00 UoL: .00%
2019-10-26 08:38:15.346 INFO  singlejartest.TesterMainGUIMode - Running, Mon 2019.09.02 12:00 Eq: 1,400.00 UoL: .00%
2019-10-26 08:38:15.452 INFO  singlejartest.TesterMainGUIMode - Running, Mon 2019.09.02 12:30 Eq: 1,400.00 UoL: .00%
2019-10-26 08:38:15.507 INFO  singlejartest.TesterMainGUIMode - Running, Mon 2019.09.02 13:00 Eq: 1,400.00 UoL: .00%
2019-10-26 08:38:15.568 INFO  singlejartest.TesterMainGUIMode - Running, Mon 2019.09.02 13:30 Eq: 1,400.00 UoL: .00%
2019-10-26 08:38:15.649 INFO  singlejartest.TesterMainGUIMode - Running, Mon 2019.09.02 14:00 Eq: 1,400.00 UoL: .00%
2019-10-26 08:38:15.713 INFO  singlejartest.TesterMainGUIMode - Running, Mon 2019.09.02 14:30 Eq: 1,400.00 UoL: .00%
2019-10-26 08:38:15.794 INFO  singlejartest.TesterMainGUIMode - Running, Mon 2019.09.02 15:00 Eq: 1,400.00 UoL: .00%
2019-10-26 08:38:15.879 INFO  singlejartest.TesterMainGUIMode - Running, Mon 2019.09.02 15:30 Eq: 1,400.00 UoL: .00%
2019-10-26 08:38:16.007 INFO  singlejartest.TesterMainGUIMode - Running, Mon 2019.09.02 16:00 Eq: 1,400.00 UoL: .00%
2019-10-26 08:38:16.079 INFO  singlejartest.TesterMainGUIMode - Running, Mon 2019.09.02 16:30 Eq: 1,400.00 UoL: .00%
2019-10-26 08:38:16.156 INFO  singlejartest.TesterMainGUIMode - Running, Mon 2019.09.02 17:00 Eq: 1,400.00 UoL: .00%
2019-10-26 08:38:16.199 INFO  singlejartest.TesterMainGUIMode - Running, Mon 2019.09.02 17:30 Eq: 1,400.00 UoL: .00%
2019-10-26 08:38:16.219 INFO  singlejartest.TesterMainGUIMode - Running, Mon 2019.09.02 18:00 Eq: 1,400.00 UoL: .00%
2019-10-26 08:38:16.229 INFO  singlejartest.TesterMainGUIMode - Running, Mon 2019.09.02 18:30 Eq: 1,400.00 UoL: .00%
2019-10-26 08:38:16.255 INFO  singlejartest.TesterMainGUIMode - Running, Mon 2019.09.02 19:00 Eq: 1,400.00 UoL: .00%
2019-10-26 08:38:16.298 INFO  singlejartest.TesterMainGUIMode - Running, Mon 2019.09.02 19:30 Eq: 1,400.00 UoL: .00%
2019-10-26 08:38:16.373 INFO  singlejartest.TesterMainGUIMode - Running, Mon 2019.09.02 20:00 Eq: 1,400.00 UoL: .00%
2019-10-26 08:38:16.439 INFO  singlejartest.TesterMainGUIMode - Running, Mon 2019.09.02 20:30 Eq: 1,400.00 UoL: .00%
2019-10-26 08:38:16.739 INFO  singlejartest.TesterMainGUIMode - Running, Mon 2019.09.02 21:00 Eq: 1,400.00 UoL: .00%
2019-10-26 08:38:16.761 INFO  singlejartest.TesterMainGUIMode - Running, Mon 2019.09.02 21:30 Eq: 1,400.00 UoL: .00%
2019-10-26 08:38:16.800 INFO  singlejartest.TesterMainGUIMode - Running, Mon 2019.09.02 22:00 Eq: 1,400.00 UoL: .00%
2019-10-26 08:38:16.832 INFO  singlejartest.TesterMainGUIMode - Running, Mon 2019.09.02 22:30 Eq: 1,400.00 UoL: .00%
2019-10-26 08:38:16.855 INFO  singlejartest.TesterMainGUIMode - Running, Mon 2019.09.02 23:00 Eq: 1,400.00 UoL: .00%
2019-10-26 08:38:16.882 INFO  singlejartest.TesterMainGUIMode - Running, Mon 2019.09.02 23:30 Eq: 1,400.00 UoL: .00%
2019-10-26 08:38:16.915 INFO  singlejartest.TesterMainGUIMode - Running, Mon 2019.09.03 00:00 Eq: 1,400.00 UoL: .00%
2019-10-26 08:38:16.983 INFO  singlejartest.TesterMainGUIMode - Running, Mon 2019.09.03 00:30 Eq: 1,400.00 UoL: .00%
2019-10-26 08:38:17.044 INFO  singlejartest.TesterMainGUIMode - Running, Mon 2019.09.03 01:00 Eq: 1,400.00 UoL: .00%
2019-10-26 08:38:17.204 INFO  singlejartest.TesterMainGUIMode - Running, Mon 2019.09.03 01:30 Eq: 1,400.00 UoL: .00%
2019-10-26 08:38:17.310 INFO  singlejartest.TesterMainGUIMode - Running, Mon 2019.09.03 02:00 Eq: 1,400.00 UoL: .00%
2019-10-26 08:38:17.385 INFO  singlejartest.TesterMainGUIMode - Running, Mon 2019.09.03 02:30 Eq: 1,400.00 UoL: .00%
2019-10-26 08:38:17.463 INFO  singlejartest.TesterMainGUIMode - Running, Mon 2019.09.03 03:00 Eq: 1,400.00 UoL: .00%
2019-10-26 08:38:17.519 INFO  singlejartest.TesterMainGUIMode - Running, Mon 2019.09.03 03:30 Eq: 1,400.00 UoL: .00%
2019-10-26 08:38:17.559 INFO  singlejartest.TesterMainGUIMode - Running, Mon 2019.09.03 04:00 Eq: 1,400.00 UoL: .00%
2019-10-26 08:38:17.595 INFO  singlejartest.TesterMainGUIMode - Running, Mon 2019.09.03 04:30 Eq: 1,400.00 UoL: .00%
2019-10-26 08:38:17.658 INFO  singlejartest.TesterMainGUIMode - Running, Tue 2019.09.03 05:00 Eq: 1,400.00 UoL: .00%
2019-10-26 08:38:17.716 INFO  singlejartest.TesterMainGUIMode - Running, Tue 2019.09.03 05:30 Eq: 1,400.00 UoL: .00%
2019-10-26 08:38:17.838 INFO  singlejartest.TesterMainGUIMode - Running, Tue 2019.09.03 06:00 Eq: 1,400.00 UoL: .00%
2019-10-26 08:38:18.115 INFO  singlejartest.TesterMainGUIMode - Running, Tue 2019.09.03 06:30 Eq: 1,400.00 UoL: .00%
2019-10-26 08:38:18.262 INFO  singlejartest.TesterMainGUIMode - Running, Tue 2019.09.03 07:00 Eq: 1,400.00 UoL: .00%
2019-10-26 08:38:18.502 INFO  singlejartest.TesterMainGUIMode - Running, Tue 2019.09.03 07:30 Eq: 1,400.00 UoL: .00%
2019-10-26 08:38:18.687 INFO  singlejartest.TesterMainGUIMode - Running, Tue 2019.09.03 08:00 Eq: 1,400.00 UoL: .00%
2019-10-26 08:38:18.818 INFO  singlejartest.TesterMainGUIMode - Running, Tue 2019.09.03 08:30 Eq: 1,400.00 UoL: .00%
2019-10-26 08:38:18.896 INFO  singlejartest.TesterMainGUIMode - Running, Tue 2019.09.03 09:00 Eq: 1,400.00 UoL: .00%
2019-10-26 08:38:19.009 INFO  singlejartest.TesterMainGUIMode - Running, Tue 2019.09.03 09:30 Eq: 1,400.00 UoL: .00%
2019-10-26 08:38:19.115 INFO  singlejartest.TesterMainGUIMode - Running, Tue 2019.09.03 10:00 Eq: 1,400.00 UoL: .00%
2019-10-26 08:38:19.208 INFO  singlejartest.TesterMainGUIMode - Running, Tue 2019.09.03 10:30 Eq: 1,400.00 UoL: .00%
2019-10-26 08:38:19.420 INFO  singlejartest.TesterMainGUIMode - Running, Tue 2019.09.03 11:00 Eq: 1,400.00 UoL: .00%
2019-10-26 08:38:19.621 INFO  singlejartest.TesterMainGUIMode - Running, Tue 2019.09.03 11:30 Eq: 1,400.00 UoL: .00%
2019-10-26 08:38:19.820 INFO  singlejartest.TesterMainGUIMode - Running, Tue 2019.09.03 12:00 Eq: 1,400.00 UoL: .00%
2019-10-26 08:38:19.929 INFO  singlejartest.TesterMainGUIMode - Running, Tue 2019.09.03 12:30 Eq: 1,400.00 UoL: .00%
2019-10-26 08:38:20.022 INFO  singlejartest.TesterMainGUIMode - Running, Tue 2019.09.03 13:00 Eq: 1,400.00 UoL: .00%
2019-10-26 08:38:20.203 INFO  singlejartest.TesterMainGUIMode - Running, Tue 2019.09.03 13:30 Eq: 1,400.00 UoL: .00%
2019-10-26 08:38:20.537 INFO  singlejartest.TesterMainGUIMode - Running, Tue 2019.09.03 14:00 Eq: 1,355.47 UoL: 103.29%
2019-10-26 08:38:20.941 INFO  singlejartest.TesterMainGUIMode - Running, Tue 2019.09.03 14:30 Eq: 1,541.25 UoL: 91.04%
2019-10-26 08:38:21.203 INFO  singlejartest.TesterMainGUIMode - Running, Tue 2019.09.03 15:00 Eq: 1,497.79 UoL: 93.68%
2019-10-26 08:38:21.364 INFO  singlejartest.TesterMainGUIMode - Running, Tue 2019.09.03 15:30 Eq: 1,562.99 UoL: 89.78%
2019-10-26 08:38:21.468 INFO  singlejartest.TesterMainGUIMode - Running, Tue 2019.09.03 16:00 Eq: 1,597.51 UoL: 87.84%
2019-10-26 08:38:21.534 INFO  singlejartest.TesterMainGUIMode - Running, Tue 2019.09.03 16:30 Eq: 1,612.85 UoL: 87.00%
2019-10-26 08:38:21.592 INFO  singlejartest.TesterMainGUIMode - Running, Tue 2019.09.03 17:00 Eq: 1,638.42 UoL: 85.64%
2019-10-26 08:38:21.684 INFO  singlejartest.TesterMainGUIMode - Running, Tue 2019.09.03 17:30 Eq: 1,663.99 UoL: 84.33%
2019-10-26 08:38:21.736 INFO  singlejartest.TesterMainGUIMode - Running, Tue 2019.09.03 18:00 Eq: 1,665.27 UoL: 84.26%
2019-10-26 08:38:21.793 INFO  singlejartest.TesterMainGUIMode - Running, Tue 2019.09.03 18:30 Eq: 1,662.71 UoL: 84.39%
2019-10-26 08:38:21.855 INFO  singlejartest.TesterMainGUIMode - Running, Tue 2019.09.03 19:00 Eq: 1,598.79 UoL: 87.77%
2019-10-26 08:38:21.906 INFO  singlejartest.TesterMainGUIMode - Running, Tue 2019.09.03 19:30 Eq: 1,646.09 UoL: 85.24%
2019-10-26 08:38:21.965 INFO  singlejartest.TesterMainGUIMode - Running, Tue 2019.09.03 20:00 Eq: 1,610.29 UoL: 87.14%
2019-10-26 08:38:21.989 INFO  singlejartest.TesterMainGUIMode - Running, Tue 2019.09.03 20:30 Eq: 1,600.07 UoL: 87.69%
2019-10-26 08:38:22.023 INFO  singlejartest.TesterMainGUIMode - Running, Tue 2019.09.03 21:00 Eq: 1,661.05 UoL: 84.48%
2019-10-26 08:38:22.045 INFO  singlejartest.TesterMainGUIMode - Running, Tue 2019.09.03 21:30 Eq: 1,677.67 UoL: 83.65%
2019-10-26 08:38:22.079 INFO  singlejartest.TesterMainGUIMode - Running, Tue 2019.09.03 22:00 Eq: 1,643.15 UoL: 85.40%
2019-10-26 08:38:22.125 INFO  singlejartest.TesterMainGUIMode - Running, Tue 2019.09.03 22:30 Eq: 1,631.64 UoL: 86.00%
2019-10-26 08:38:22.152 INFO  singlejartest.TesterMainGUIMode - Running, Tue 2019.09.03 23:00 Eq: 1,641.87 UoL: 85.47%
2019-10-26 08:38:22.187 INFO  singlejartest.TesterMainGUIMode - Running, Tue 2019.09.03 23:30 Eq: 1,616.30 UoL: 86.82%
2019-10-26 08:38:22.224 INFO  singlejartest.TesterMainGUIMode - Running, Tue 2019.09.04 00:00 Eq: 1,659.77 UoL: 84.55%
2019-10-26 08:38:22.295 INFO  singlejartest.TesterMainGUIMode - Running, Tue 2019.09.04 00:30 Eq: 1,698.13 UoL: 82.64%
2019-10-26 08:38:22.355 INFO  singlejartest.TesterMainGUIMode - Running, Tue 2019.09.04 01:00 Eq: 1,680.23 UoL: 83.52%
2019-10-26 08:38:22.420 INFO  singlejartest.TesterMainGUIMode - Running, Tue 2019.09.04 01:30 Eq: 1,717.30 UoL: 81.71%
2019-10-26 08:38:22.509 INFO  singlejartest.TesterMainGUIMode - Running, Tue 2019.09.04 02:00 Eq: 1,678.95 UoL: 83.58%
2019-10-26 08:38:22.574 INFO  singlejartest.TesterMainGUIMode - Running, Tue 2019.09.04 02:30 Eq: 1,673.83 UoL: 83.84%
2019-10-26 08:38:22.623 INFO  singlejartest.TesterMainGUIMode - Running, Tue 2019.09.04 03:00 Eq: 1,690.45 UoL: 83.01%
2019-10-26 08:38:22.667 INFO  singlejartest.TesterMainGUIMode - Running, Tue 2019.09.04 03:30 Eq: 1,694.29 UoL: 82.82%
2019-10-26 08:38:22.704 INFO  singlejartest.TesterMainGUIMode - Running, Tue 2019.09.04 04:00 Eq: 1,700.68 UoL: 82.51%
2019-10-26 08:38:22.748 INFO  singlejartest.TesterMainGUIMode - Running, Tue 2019.09.04 04:30 Eq: 1,686.62 UoL: 83.20%
2019-10-26 08:38:22.788 INFO  singlejartest.TesterMainGUIMode - Running, Wed 2019.09.04 05:00 Eq: 1,686.62 UoL: 83.20%
2019-10-26 08:38:22.830 INFO  singlejartest.TesterMainGUIMode - Running, Wed 2019.09.04 05:30 Eq: 1,694.29 UoL: 82.82%
2019-10-26 08:38:22.897 INFO  singlejartest.TesterMainGUIMode - Running, Wed 2019.09.04 06:00 Eq: 1,691.73 UoL: 82.95%
2019-10-26 08:38:23.150 INFO  singlejartest.TesterMainGUIMode - Running, Wed 2019.09.04 06:30 Eq: 1,726.25 UoL: 81.29%
2019-10-26 08:38:23.327 INFO  singlejartest.TesterMainGUIMode - Running, Wed 2019.09.04 07:00 Eq: 1,767.16 UoL: 79.41%
2019-10-26 08:38:23.514 INFO  singlejartest.TesterMainGUIMode - Running, Wed 2019.09.04 07:30 Eq: 1,864.33 UoL: 75.27%
2019-10-26 08:38:23.671 INFO  singlejartest.TesterMainGUIMode - Running, Wed 2019.09.04 08:00 Eq: 1,912.91 UoL: 73.36%
2019-10-26 08:38:23.858 INFO  singlejartest.TesterMainGUIMode - Running, Wed 2019.09.04 08:30 Eq: 1,877.11 UoL: 74.76%
2019-10-26 08:38:24.014 INFO  singlejartest.TesterMainGUIMode - Running, Wed 2019.09.04 09:00 Eq: 2,074.38 UoL: 67.81%
2019-10-26 08:38:24.183 INFO  singlejartest.TesterMainGUIMode - Running, Wed 2019.09.04 09:30 Eq: 2,096.11 UoL: 67.11%
2019-10-26 08:38:24.319 INFO  singlejartest.TesterMainGUIMode - Running, Wed 2019.09.04 10:00 Eq: 2,240.58 UoL: 62.78%
2019-10-26 08:38:24.547 INFO  singlejartest.TesterMainGUIMode - Running, Wed 2019.09.04 10:30 Eq: 2,217.57 UoL: 63.43%
2019-10-26 08:38:24.645 INFO  singlejartest.TesterMainGUIMode - Running, Wed 2019.09.04 11:00 Eq: 2,194.55 UoL: 64.10%
2019-10-26 08:38:24.726 INFO  singlejartest.TesterMainGUIMode - Running, Wed 2019.09.04 11:30 Eq: 2,163.87 UoL: 65.01%
2019-10-26 08:38:24.824 INFO  singlejartest.TesterMainGUIMode - Running, Wed 2019.09.04 12:00 Eq: 2,174.10 UoL: 64.70%
2019-10-26 08:38:24.939 INFO  singlejartest.TesterMainGUIMode - Running, Wed 2019.09.04 12:30 Eq: 2,198.39 UoL: 63.99%
2019-10-26 08:38:25.048 INFO  singlejartest.TesterMainGUIMode - Running, Wed 2019.09.04 13:00 Eq: 2,192.00 UoL: 64.17%
2019-10-26 08:38:25.159 INFO  singlejartest.TesterMainGUIMode - Running, Wed 2019.09.04 13:30 Eq: 2,152.36 UoL: 65.36%
2019-10-26 08:38:25.309 INFO  singlejartest.TesterMainGUIMode - Running, Wed 2019.09.04 14:00 Eq: 2,130.63 UoL: 66.02%
2019-10-26 08:38:25.493 INFO  singlejartest.TesterMainGUIMode - Running, Wed 2019.09.04 14:30 Eq: 2,297.19 UoL: 61.38%
2019-10-26 08:38:25.670 INFO  singlejartest.TesterMainGUIMode - Running, Wed 2019.09.04 15:00 Eq: 2,338.10 UoL: 60.30%
2019-10-26 08:38:25.812 INFO  singlejartest.TesterMainGUIMode - Running, Wed 2019.09.04 15:30 Eq: 2,286.96 UoL: 61.65%
2019-10-26 08:38:25.914 INFO  singlejartest.TesterMainGUIMode - Running, Wed 2019.09.04 16:00 Eq: 2,284.40 UoL: 61.72%
2019-10-26 08:38:26.005 INFO  singlejartest.TesterMainGUIMode - Running, Wed 2019.09.04 16:30 Eq: 2,362.39 UoL: 59.68%
2019-10-26 08:38:26.093 INFO  singlejartest.TesterMainGUIMode - Running, Wed 2019.09.04 17:00 Eq: 2,301.02 UoL: 61.27%
2019-10-26 08:38:26.192 INFO  singlejartest.TesterMainGUIMode - Running, Wed 2019.09.04 17:30 Eq: 2,275.45 UoL: 61.96%
2019-10-26 08:38:26.266 INFO  singlejartest.TesterMainGUIMode - Running, Wed 2019.09.04 18:00 Eq: 2,321.48 UoL: 60.73%
2019-10-26 08:38:26.359 INFO  singlejartest.TesterMainGUIMode - Running, Wed 2019.09.04 18:30 Eq: 2,358.56 UoL: 59.78%
2019-10-26 08:38:26.464 INFO  singlejartest.TesterMainGUIMode - Running, Wed 2019.09.04 19:00 Eq: 2,372.62 UoL: 59.42%
2019-10-26 08:38:26.534 INFO  singlejartest.TesterMainGUIMode - Running, Wed 2019.09.04 19:30 Eq: 2,324.04 UoL: 60.67%
2019-10-26 08:38:26.586 INFO  singlejartest.TesterMainGUIMode - Running, Wed 2019.09.04 20:00 Eq: 2,384.13 UoL: 59.14%
2019-10-26 08:38:26.624 INFO  singlejartest.TesterMainGUIMode - Running, Wed 2019.09.04 20:30 Eq: 2,332.99 UoL: 60.43%
2019-10-26 08:38:26.674 INFO  singlejartest.TesterMainGUIMode - Running, Wed 2019.09.04 21:00 Eq: 2,384.25 UoL: 59.15%
2019-10-26 08:38:26.701 INFO  singlejartest.TesterMainGUIMode - Running, Wed 2019.09.04 21:30 Eq: 2,349.73 UoL: 60.02%
2019-10-26 08:38:26.774 INFO  singlejartest.TesterMainGUIMode - Running, Wed 2019.09.04 22:00 Eq: 2,375.30 UoL: 59.37%
2019-10-26 08:38:26.797 INFO  singlejartest.TesterMainGUIMode - Running, Wed 2019.09.04 22:30 Eq: 2,379.14 UoL: 59.28%
2019-10-26 08:38:26.816 INFO  singlejartest.TesterMainGUIMode - Running, Wed 2019.09.04 23:00 Eq: 2,374.02 UoL: 59.40%
2019-10-26 08:38:26.842 INFO  singlejartest.TesterMainGUIMode - Running, Wed 2019.09.04 23:30 Eq: 2,381.70 UoL: 59.21%
2019-10-26 08:38:26.864 INFO  singlejartest.TesterMainGUIMode - Running, Wed 2019.09.05 00:00 Eq: 2,382.97 UoL: 59.18%
2019-10-26 08:38:26.933 INFO  singlejartest.TesterMainGUIMode - Running, Wed 2019.09.05 00:30 Eq: 2,338.23 UoL: 60.31%
2019-10-26 08:38:27.003 INFO  singlejartest.TesterMainGUIMode - Running, Wed 2019.09.05 01:00 Eq: 2,376.58 UoL: 59.34%
2019-10-26 08:38:27.110 INFO  singlejartest.TesterMainGUIMode - Running, Wed 2019.09.05 01:30 Eq: 2,298.59 UoL: 61.35%
2019-10-26 08:38:27.274 INFO  singlejartest.TesterMainGUIMode - Running, Wed 2019.09.05 02:00 Eq: 2,304.99 UoL: 61.18%
2019-10-26 08:38:27.376 INFO  singlejartest.TesterMainGUIMode - Running, Wed 2019.09.05 02:30 Eq: 2,329.28 UoL: 60.54%
2019-10-26 08:38:27.444 INFO  singlejartest.TesterMainGUIMode - Running, Wed 2019.09.05 03:00 Eq: 2,336.95 UoL: 60.35%
2019-10-26 08:38:27.510 INFO  singlejartest.TesterMainGUIMode - Running, Wed 2019.09.05 03:30 Eq: 2,292.20 UoL: 61.52%
2019-10-26 08:38:27.549 INFO  singlejartest.TesterMainGUIMode - Running, Wed 2019.09.05 04:00 Eq: 2,283.25 UoL: 61.76%
2019-10-26 08:38:27.607 INFO  singlejartest.TesterMainGUIMode - Running, Wed 2019.09.05 04:30 Eq: 2,275.58 UoL: 61.97%
2019-10-26 08:38:27.641 INFO  singlejartest.TesterMainGUIMode - Running, Thu 2019.09.05 05:00 Eq: 2,281.97 UoL: 61.80%
2019-10-26 08:38:27.683 INFO  singlejartest.TesterMainGUIMode - Running, Thu 2019.09.05 05:30 Eq: 2,288.37 UoL: 61.63%
2019-10-26 08:38:27.740 INFO  singlejartest.TesterMainGUIMode - Running, Thu 2019.09.05 06:00 Eq: 2,285.81 UoL: 61.70%
2019-10-26 08:38:27.847 INFO  singlejartest.TesterMainGUIMode - Running, Thu 2019.09.05 06:30 Eq: 2,230.83 UoL: 63.22%
2019-10-26 08:38:27.968 INFO  singlejartest.TesterMainGUIMode - Running, Thu 2019.09.05 07:00 Eq: 2,223.16 UoL: 63.43%
2019-10-26 08:38:28.153 INFO  singlejartest.TesterMainGUIMode - Running, Thu 2019.09.05 07:30 Eq: 2,343.34 UoL: 60.18%
2019-10-26 08:38:28.354 INFO  singlejartest.TesterMainGUIMode - Running, Thu 2019.09.05 08:00 Eq: 2,444.34 UoL: 57.69%
2019-10-26 08:38:28.506 INFO  singlejartest.TesterMainGUIMode - Running, Thu 2019.09.05 08:30 Eq: 2,405.99 UoL: 58.61%
2019-10-26 08:38:28.662 INFO  singlejartest.TesterMainGUIMode - Running, Thu 2019.09.05 09:00 Eq: 2,418.77 UoL: 58.30%
2019-10-26 08:38:28.849 INFO  singlejartest.TesterMainGUIMode - Running, Thu 2019.09.05 09:30 Eq: 2,416.22 UoL: 58.37%
2019-10-26 08:38:29.047 INFO  singlejartest.TesterMainGUIMode - Running, Thu 2019.09.05 10:00 Eq: 2,499.32 UoL: 56.42%
2019-10-26 08:38:29.236 INFO  singlejartest.TesterMainGUIMode - Running, Thu 2019.09.05 10:30 Eq: 2,597.76 UoL: 54.29%
2019-10-26 08:38:29.346 INFO  singlejartest.TesterMainGUIMode - Running, Thu 2019.09.05 11:00 Eq: 2,644.13 UoL: 53.46%
2019-10-26 08:38:29.446 INFO  singlejartest.TesterMainGUIMode - Running, Thu 2019.09.05 11:30 Eq: 2,660.75 UoL: 53.12%
2019-10-26 08:38:29.562 INFO  singlejartest.TesterMainGUIMode - Running, Thu 2019.09.05 12:00 Eq: 2,766.86 UoL: 51.09%
2019-10-26 08:38:29.725 INFO  singlejartest.TesterMainGUIMode - Running, Thu 2019.09.05 12:30 Eq: 2,644.13 UoL: 53.46%
2019-10-26 08:38:29.843 INFO  singlejartest.TesterMainGUIMode - Running, Thu 2019.09.05 13:00 Eq: 2,690.15 UoL: 52.54%
2019-10-26 08:38:29.984 INFO  singlejartest.TesterMainGUIMode - Running, Thu 2019.09.05 13:30 Eq: 2,839.73 UoL: 49.77%
2019-10-26 08:38:30.204 INFO  singlejartest.TesterMainGUIMode - Running, Thu 2019.09.05 14:00 Eq: 2,953.83 UoL: 47.96%
2019-10-26 08:38:30.530 INFO  singlejartest.TesterMainGUIMode - Running, Thu 2019.09.05 14:30 Eq: 2,674.00 UoL: .00%
2019-10-26 08:38:30.815 INFO  singlejartest.TesterMainGUIMode - Running, Thu 2019.09.05 15:00 Eq: 2,674.00 UoL: .00%
2019-10-26 08:38:30.983 INFO  singlejartest.TesterMainGUIMode - Running, Thu 2019.09.05 15:30 Eq: 2,674.00 UoL: .00%
2019-10-26 08:38:31.074 INFO  singlejartest.TesterMainGUIMode - Running, Thu 2019.09.05 16:00 Eq: 2,674.00 UoL: .00%
2019-10-26 08:38:31.167 INFO  singlejartest.TesterMainGUIMode - Running, Thu 2019.09.05 16:30 Eq: 2,674.00 UoL: .00%
2019-10-26 08:38:31.219 INFO  singlejartest.TesterMainGUIMode - Running, Thu 2019.09.05 17:00 Eq: 2,674.00 UoL: .00%
2019-10-26 08:38:31.286 INFO  singlejartest.TesterMainGUIMode - Running, Thu 2019.09.05 17:30 Eq: 2,674.00 UoL: .00%
2019-10-26 08:38:31.340 INFO  singlejartest.TesterMainGUIMode - Running, Thu 2019.09.05 18:00 Eq: 2,674.00 UoL: .00%
2019-10-26 08:38:31.387 INFO  singlejartest.TesterMainGUIMode - Running, Thu 2019.09.05 18:30 Eq: 2,674.00 UoL: .00%
2019-10-26 08:38:31.439 INFO  singlejartest.TesterMainGUIMode - Running, Thu 2019.09.05 19:00 Eq: 2,674.00 UoL: .00%
2019-10-26 08:38:31.479 INFO  singlejartest.TesterMainGUIMode - Running, Thu 2019.09.05 19:30 Eq: 2,674.00 UoL: .00%
2019-10-26 08:38:31.529 INFO  singlejartest.TesterMainGUIMode - Running, Thu 2019.09.05 20:00 Eq: 2,674.00 UoL: .00%
2019-10-26 08:38:31.546 INFO  singlejartest.TesterMainGUIMode - Running, Thu 2019.09.05 20:30 Eq: 2,674.00 UoL: .00%
2019-10-26 08:38:31.567 INFO  singlejartest.TesterMainGUIMode - Running, Thu 2019.09.05 21:00 Eq: 2,674.00 UoL: .00%
2019-10-26 08:38:31.586 INFO  singlejartest.TesterMainGUIMode - Running, Thu 2019.09.05 21:30 Eq: 2,674.00 UoL: .00%
2019-10-26 08:38:31.616 INFO  singlejartest.TesterMainGUIMode - Running, Thu 2019.09.05 22:00 Eq: 2,674.00 UoL: .00%
2019-10-26 08:38:31.635 INFO  singlejartest.TesterMainGUIMode - Running, Thu 2019.09.05 22:30 Eq: 2,674.00 UoL: .00%
2019-10-26 08:38:31.653 INFO  singlejartest.TesterMainGUIMode - Running, Thu 2019.09.05 23:00 Eq: 2,674.00 UoL: .00%
2019-10-26 08:38:31.677 INFO  singlejartest.TesterMainGUIMode - Running, Thu 2019.09.05 23:30 Eq: 2,674.00 UoL: .00%
2019-10-26 08:38:31.764 INFO  singlejartest.TesterMainGUIMode - Running, Thu 2019.09.06 00:00 Eq: 2,674.00 UoL: .00%
2019-10-26 08:38:31.810 INFO  singlejartest.TesterMainGUIMode - Running, Thu 2019.09.06 00:30 Eq: 2,674.00 UoL: .00%
2019-10-26 08:38:31.857 INFO  singlejartest.TesterMainGUIMode - Running, Thu 2019.09.06 01:00 Eq: 2,674.00 UoL: .00%
2019-10-26 08:38:31.909 INFO  singlejartest.TesterMainGUIMode - Running, Thu 2019.09.06 01:30 Eq: 2,674.00 UoL: .00%
2019-10-26 08:38:31.968 INFO  singlejartest.TesterMainGUIMode - Running, Thu 2019.09.06 02:00 Eq: 2,674.00 UoL: .00%
2019-10-26 08:38:32.021 INFO  singlejartest.TesterMainGUIMode - Running, Thu 2019.09.06 02:30 Eq: 2,674.00 UoL: .00%
2019-10-26 08:38:32.057 INFO  singlejartest.TesterMainGUIMode - Running, Thu 2019.09.06 03:00 Eq: 2,674.00 UoL: .00%
2019-10-26 08:38:32.102 INFO  singlejartest.TesterMainGUIMode - Running, Thu 2019.09.06 03:30 Eq: 2,674.00 UoL: .00%
2019-10-26 08:38:32.130 INFO  singlejartest.TesterMainGUIMode - Running, Thu 2019.09.06 04:00 Eq: 2,674.00 UoL: .00%
2019-10-26 08:38:32.162 INFO  singlejartest.TesterMainGUIMode - Running, Thu 2019.09.06 04:30 Eq: 2,674.00 UoL: .00%
2019-10-26 08:38:32.211 INFO  singlejartest.TesterMainGUIMode - Running, Fri 2019.09.06 05:00 Eq: 2,674.00 UoL: .00%
2019-10-26 08:38:32.256 INFO  singlejartest.TesterMainGUIMode - Running, Fri 2019.09.06 05:30 Eq: 2,674.00 UoL: .00%
2019-10-26 08:38:32.327 INFO  singlejartest.TesterMainGUIMode - Running, Fri 2019.09.06 06:00 Eq: 2,674.00 UoL: .00%
2019-10-26 08:38:32.487 INFO  singlejartest.TesterMainGUIMode - Running, Fri 2019.09.06 06:30 Eq: 2,674.00 UoL: .00%
2019-10-26 08:38:32.648 INFO  singlejartest.TesterMainGUIMode - Running, Fri 2019.09.06 07:00 Eq: 2,674.00 UoL: .00%
2019-10-26 08:38:32.816 INFO  singlejartest.TesterMainGUIMode - Running, Fri 2019.09.06 07:30 Eq: 2,674.00 UoL: .00%
2019-10-26 08:38:32.965 INFO  singlejartest.TesterMainGUIMode - Running, Fri 2019.09.06 08:00 Eq: 2,674.00 UoL: .00%
2019-10-26 08:38:33.105 INFO  singlejartest.TesterMainGUIMode - Running, Fri 2019.09.06 08:30 Eq: 2,674.00 UoL: .00%
2019-10-26 08:38:33.219 INFO  singlejartest.TesterMainGUIMode - Running, Fri 2019.09.06 09:00 Eq: 2,674.00 UoL: .00%
2019-10-26 08:38:33.358 INFO  singlejartest.TesterMainGUIMode - Running, Fri 2019.09.06 09:30 Eq: 2,674.00 UoL: .00%
2019-10-26 08:38:33.492 INFO  singlejartest.TesterMainGUIMode - Running, Fri 2019.09.06 10:00 Eq: 2,674.00 UoL: .00%
2019-10-26 08:38:33.618 INFO  singlejartest.TesterMainGUIMode - Running, Fri 2019.09.06 10:30 Eq: 2,674.00 UoL: .00%
2019-10-26 08:38:33.711 INFO  singlejartest.TesterMainGUIMode - Running, Fri 2019.09.06 11:00 Eq: 2,674.00 UoL: .00%
2019-10-26 08:38:33.841 INFO  singlejartest.TesterMainGUIMode - Running, Fri 2019.09.06 11:30 Eq: 2,674.00 UoL: .00%
2019-10-26 08:38:33.941 INFO  singlejartest.TesterMainGUIMode - Running, Fri 2019.09.06 12:00 Eq: 2,674.00 UoL: .00%
2019-10-26 08:38:34.101 INFO  singlejartest.TesterMainGUIMode - Running, Fri 2019.09.06 12:30 Eq: 2,674.00 UoL: .00%
2019-10-26 08:38:34.334 INFO  singlejartest.TesterMainGUIMode - Running, Fri 2019.09.06 13:00 Eq: 2,674.00 UoL: .00%
2019-10-26 08:38:34.492 INFO  singlejartest.TesterMainGUIMode - Running, Fri 2019.09.06 13:30 Eq: 2,674.00 UoL: .00%
2019-10-26 08:38:34.716 INFO  singlejartest.TesterMainGUIMode - Running, Fri 2019.09.06 14:00 Eq: 2,674.00 UoL: .00%
2019-10-26 08:38:34.866 INFO  singlejartest.TesterMainGUIMode - Running, Fri 2019.09.06 14:30 Eq: 2,674.00 UoL: .00%
2019-10-26 08:38:34.980 INFO  singlejartest.TesterMainGUIMode - Running, Fri 2019.09.06 15:00 Eq: 2,674.00 UoL: .00%
2019-10-26 08:38:35.097 INFO  singlejartest.TesterMainGUIMode - Running, Fri 2019.09.06 15:30 Eq: 2,674.00 UoL: .00%
2019-10-26 08:38:35.182 INFO  singlejartest.TesterMainGUIMode - Running, Fri 2019.09.06 16:00 Eq: 2,674.00 UoL: .00%
2019-10-26 08:38:35.260 INFO  singlejartest.TesterMainGUIMode - Running, Fri 2019.09.06 16:30 Eq: 2,674.00 UoL: .00%
2019-10-26 08:38:35.451 INFO  singlejartest.TesterMainGUIMode - Running, Fri 2019.09.06 17:00 Eq: 2,674.00 UoL: .00%
2019-10-26 08:38:35.614 INFO  singlejartest.TesterMainGUIMode - Running, Fri 2019.09.06 17:30 Eq: 2,674.00 UoL: .00%
2019-10-26 08:38:35.720 INFO  singlejartest.TesterMainGUIMode - Running, Fri 2019.09.06 18:00 Eq: 2,674.00 UoL: .00%
2019-10-26 08:38:35.791 INFO  singlejartest.TesterMainGUIMode - Running, Fri 2019.09.06 18:30 Eq: 2,674.00 UoL: .00%
2019-10-26 08:38:35.858 INFO  singlejartest.TesterMainGUIMode - Running, Fri 2019.09.06 19:00 Eq: 2,674.00 UoL: .00%
2019-10-26 08:38:35.907 INFO  singlejartest.TesterMainGUIMode - Running, Fri 2019.09.06 19:30 Eq: 2,674.00 UoL: .00%
2019-10-26 08:38:35.977 INFO  singlejartest.TesterMainGUIMode - Running, Fri 2019.09.06 20:00 Eq: 2,674.00 UoL: .00%
2019-10-26 08:38:36.014 INFO  singlejartest.TesterMainGUIMode - Running, Fri 2019.09.06 20:30 Eq: 2,674.00 UoL: .00%
2019-10-26 08:38:36.076 INFO  singlejartest.TesterMainGUIMode - Running, Fri 2019.09.06 21:00 Eq: 2,674.00 UoL: .00%
2019-10-26 08:38:36.081 INFO  singlejartest.TesterMainGUIMode - Running, Fri 2019.09.06 21:30 Eq: 2,674.00 UoL: .00%
2019-10-26 08:38:36.088 INFO  singlejartest.TesterMainGUIMode - Running, Fri 2019.09.06 22:00 Eq: 2,674.00 UoL: .00%
2019-10-26 08:38:36.093 INFO  singlejartest.TesterMainGUIMode - Running, Fri 2019.09.06 22:30 Eq: 2,674.00 UoL: .00%
2019-10-26 08:38:36.099 INFO  singlejartest.TesterMainGUIMode - Running, Fri 2019.09.06 23:00 Eq: 2,674.00 UoL: .00%
2019-10-26 08:38:36.105 INFO  singlejartest.TesterMainGUIMode - Running, Fri 2019.09.06 23:30 Eq: 2,674.00 UoL: .00%
2019-10-26 08:38:36.111 INFO  singlejartest.TesterMainGUIMode - Running, Fri 2019.09.07 00:00 Eq: 2,674.00 UoL: .00%
2019-10-26 08:38:36.116 INFO  singlejartest.TesterMainGUIMode - Running, Fri 2019.09.07 00:30 Eq: 2,674.00 UoL: .00%
2019-10-26 08:38:36.122 INFO  singlejartest.TesterMainGUIMode - Running, Fri 2019.09.07 01:00 Eq: 2,674.00 UoL: .00%
2019-10-26 08:38:36.126 INFO  singlejartest.TesterMainGUIMode - Running, Fri 2019.09.07 01:30 Eq: 2,674.00 UoL: .00%
2019-10-26 08:38:36.131 INFO  singlejartest.TesterMainGUIMode - Running, Fri 2019.09.07 02:00 Eq: 2,674.00 UoL: .00%
2019-10-26 08:38:36.136 INFO  singlejartest.TesterMainGUIMode - Running, Fri 2019.09.07 02:30 Eq: 2,674.00 UoL: .00%
2019-10-26 08:38:36.143 INFO  singlejartest.TesterMainGUIMode - Running, Fri 2019.09.07 03:00 Eq: 2,674.00 UoL: .00%
2019-10-26 08:38:36.148 INFO  singlejartest.TesterMainGUIMode - Running, Fri 2019.09.07 03:30 Eq: 2,674.00 UoL: .00%
2019-10-26 08:38:36.154 INFO  singlejartest.TesterMainGUIMode - Running, Fri 2019.09.07 04:00 Eq: 2,674.00 UoL: .00%
2019-10-26 08:38:36.159 INFO  singlejartest.TesterMainGUIMode - Running, Fri 2019.09.07 04:30 Eq: 2,674.00 UoL: .00%
2019-10-26 08:38:36.165 INFO  singlejartest.TesterMainGUIMode - Running, Sat 2019.09.07 05:00 Eq: 2,674.00 UoL: .00%
2019-10-26 08:38:36.172 INFO  singlejartest.TesterMainGUIMode - Running, Sat 2019.09.07 05:30 Eq: 2,674.00 UoL: .00%
2019-10-26 08:38:36.177 INFO  singlejartest.TesterMainGUIMode - Running, Sat 2019.09.07 06:00 Eq: 2,674.00 UoL: .00%
2019-10-26 08:38:36.182 INFO  singlejartest.TesterMainGUIMode - Running, Sat 2019.09.07 06:30 Eq: 2,674.00 UoL: .00%
2019-10-26 08:38:36.189 INFO  singlejartest.TesterMainGUIMode - Running, Sat 2019.09.07 07:00 Eq: 2,674.00 UoL: .00%
2019-10-26 08:38:36.194 INFO  singlejartest.TesterMainGUIMode - Running, Sat 2019.09.07 07:30 Eq: 2,674.00 UoL: .00%
2019-10-26 08:38:36.200 INFO  singlejartest.TesterMainGUIMode - Running, Sat 2019.09.07 08:00 Eq: 2,674.00 UoL: .00%
2019-10-26 08:38:36.206 INFO  singlejartest.TesterMainGUIMode - Running, Sat 2019.09.07 08:30 Eq: 2,674.00 UoL: .00%
2019-10-26 08:38:36.213 INFO  singlejartest.TesterMainGUIMode - Running, Sat 2019.09.07 09:00 Eq: 2,674.00 UoL: .00%
2019-10-26 08:38:36.219 INFO  singlejartest.TesterMainGUIMode - Running, Sat 2019.09.07 09:30 Eq: 2,674.00 UoL: .00%
2019-10-26 08:38:36.225 INFO  singlejartest.TesterMainGUIMode - Running, Sat 2019.09.07 10:00 Eq: 2,674.00 UoL: .00%
2019-10-26 08:38:36.230 INFO  singlejartest.TesterMainGUIMode - Running, Sat 2019.09.07 10:30 Eq: 2,674.00 UoL: .00%
2019-10-26 08:38:36.235 INFO  singlejartest.TesterMainGUIMode - Running, Sat 2019.09.07 11:00 Eq: 2,674.00 UoL: .00%
2019-10-26 08:38:36.239 INFO  singlejartest.TesterMainGUIMode - Running, Sat 2019.09.07 11:30 Eq: 2,674.00 UoL: .00%
2019-10-26 08:38:36.244 INFO  singlejartest.TesterMainGUIMode - Running, Sat 2019.09.07 12:00 Eq: 2,674.00 UoL: .00%
2019-10-26 08:38:36.249 INFO  singlejartest.TesterMainGUIMode - Running, Sat 2019.09.07 12:30 Eq: 2,674.00 UoL: .00%
2019-10-26 08:38:36.254 INFO  singlejartest.TesterMainGUIMode - Running, Sat 2019.09.07 13:00 Eq: 2,674.00 UoL: .00%
2019-10-26 08:38:36.258 INFO  singlejartest.TesterMainGUIMode - Running, Sat 2019.09.07 13:30 Eq: 2,674.00 UoL: .00%
2019-10-26 08:38:36.263 INFO  singlejartest.TesterMainGUIMode - Running, Sat 2019.09.07 14:00 Eq: 2,674.00 UoL: .00%
2019-10-26 08:38:36.268 INFO  singlejartest.TesterMainGUIMode - Running, Sat 2019.09.07 14:30 Eq: 2,674.00 UoL: .00%
2019-10-26 08:38:36.273 INFO  singlejartest.TesterMainGUIMode - Running, Sat 2019.09.07 15:00 Eq: 2,674.00 UoL: .00%
2019-10-26 08:38:36.278 INFO  singlejartest.TesterMainGUIMode - Running, Sat 2019.09.07 15:30 Eq: 2,674.00 UoL: .00%
2019-10-26 08:38:36.282 INFO  singlejartest.TesterMainGUIMode - Running, Sat 2019.09.07 16:00 Eq: 2,674.00 UoL: .00%
2019-10-26 08:38:36.286 INFO  singlejartest.TesterMainGUIMode - Running, Sat 2019.09.07 16:30 Eq: 2,674.00 UoL: .00%
2019-10-26 08:38:36.291 INFO  singlejartest.TesterMainGUIMode - Running, Sat 2019.09.07 17:00 Eq: 2,674.00 UoL: .00%
2019-10-26 08:38:36.295 INFO  singlejartest.TesterMainGUIMode - Running, Sat 2019.09.07 17:30 Eq: 2,674.00 UoL: .00%
2019-10-26 08:38:36.299 INFO  singlejartest.TesterMainGUIMode - Running, Sat 2019.09.07 18:00 Eq: 2,674.00 UoL: .00%
2019-10-26 08:38:36.303 INFO  singlejartest.TesterMainGUIMode - Running, Sat 2019.09.07 18:30 Eq: 2,674.00 UoL: .00%
2019-10-26 08:38:36.308 INFO  singlejartest.TesterMainGUIMode - Running, Sat 2019.09.07 19:00 Eq: 2,674.00 UoL: .00%
2019-10-26 08:38:36.312 INFO  singlejartest.TesterMainGUIMode - Running, Sat 2019.09.07 19:30 Eq: 2,674.00 UoL: .00%
2019-10-26 08:38:36.317 INFO  singlejartest.TesterMainGUIMode - Running, Sat 2019.09.07 20:00 Eq: 2,674.00 UoL: .00%
2019-10-26 08:38:36.322 INFO  singlejartest.TesterMainGUIMode - Running, Sat 2019.09.07 20:30 Eq: 2,674.00 UoL: .00%
2019-10-26 08:38:36.326 INFO  singlejartest.TesterMainGUIMode - Running, Sat 2019.09.07 21:00 Eq: 2,674.00 UoL: .00%
2019-10-26 08:38:36.331 INFO  singlejartest.TesterMainGUIMode - Running, Sat 2019.09.07 21:30 Eq: 2,674.00 UoL: .00%
2019-10-26 08:38:36.335 INFO  singlejartest.TesterMainGUIMode - Running, Sat 2019.09.07 22:00 Eq: 2,674.00 UoL: .00%
2019-10-26 08:38:36.340 INFO  singlejartest.TesterMainGUIMode - Running, Sat 2019.09.07 22:30 Eq: 2,674.00 UoL: .00%
2019-10-26 08:38:36.345 INFO  singlejartest.TesterMainGUIMode - Running, Sat 2019.09.07 23:00 Eq: 2,674.00 UoL: .00%
2019-10-26 08:38:36.349 INFO  singlejartest.TesterMainGUIMode - Running, Sat 2019.09.07 23:30 Eq: 2,674.00 UoL: .00%
2019-10-26 08:38:36.353 INFO  singlejartest.TesterMainGUIMode - Running, Sat 2019.09.08 00:00 Eq: 2,674.00 UoL: .00%
2019-10-26 08:38:36.358 INFO  singlejartest.TesterMainGUIMode - Running, Sat 2019.09.08 00:30 Eq: 2,674.00 UoL: .00%
2019-10-26 08:38:36.362 INFO  singlejartest.TesterMainGUIMode - Running, Sat 2019.09.08 01:00 Eq: 2,674.00 UoL: .00%
2019-10-26 08:38:36.365 INFO  singlejartest.TesterMainGUIMode - Running, Sat 2019.09.08 01:30 Eq: 2,674.00 UoL: .00%
2019-10-26 08:38:36.369 INFO  singlejartest.TesterMainGUIMode - Running, Sat 2019.09.08 02:00 Eq: 2,674.00 UoL: .00%
2019-10-26 08:38:36.374 INFO  singlejartest.TesterMainGUIMode - Running, Sat 2019.09.08 02:30 Eq: 2,674.00 UoL: .00%
2019-10-26 08:38:36.379 INFO  singlejartest.TesterMainGUIMode - Running, Sat 2019.09.08 03:00 Eq: 2,674.00 UoL: .00%
2019-10-26 08:38:36.383 INFO  singlejartest.TesterMainGUIMode - Running, Sat 2019.09.08 03:30 Eq: 2,674.00 UoL: .00%
2019-10-26 08:38:36.387 INFO  singlejartest.TesterMainGUIMode - Running, Sat 2019.09.08 04:00 Eq: 2,674.00 UoL: .00%
2019-10-26 08:38:36.391 INFO  singlejartest.TesterMainGUIMode - Running, Sat 2019.09.08 04:30 Eq: 2,674.00 UoL: .00%
2019-10-26 08:38:36.396 INFO  singlejartest.TesterMainGUIMode - Running, Sun 2019.09.08 05:00 Eq: 2,674.00 UoL: .00%
2019-10-26 08:38:36.400 INFO  singlejartest.TesterMainGUIMode - Running, Sun 2019.09.08 05:30 Eq: 2,674.00 UoL: .00%
2019-10-26 08:38:36.405 INFO  singlejartest.TesterMainGUIMode - Running, Sun 2019.09.08 06:00 Eq: 2,674.00 UoL: .00%
2019-10-26 08:38:36.409 INFO  singlejartest.TesterMainGUIMode - Running, Sun 2019.09.08 06:30 Eq: 2,674.00 UoL: .00%
2019-10-26 08:38:36.413 INFO  singlejartest.TesterMainGUIMode - Running, Sun 2019.09.08 07:00 Eq: 2,674.00 UoL: .00%
2019-10-26 08:38:36.417 INFO  singlejartest.TesterMainGUIMode - Running, Sun 2019.09.08 07:30 Eq: 2,674.00 UoL: .00%
2019-10-26 08:38:36.422 INFO  singlejartest.TesterMainGUIMode - Running, Sun 2019.09.08 08:00 Eq: 2,674.00 UoL: .00%
2019-10-26 08:38:36.426 INFO  singlejartest.TesterMainGUIMode - Running, Sun 2019.09.08 08:30 Eq: 2,674.00 UoL: .00%
2019-10-26 08:38:36.430 INFO  singlejartest.TesterMainGUIMode - Running, Sun 2019.09.08 09:00 Eq: 2,674.00 UoL: .00%
2019-10-26 08:38:36.435 INFO  singlejartest.TesterMainGUIMode - Running, Sun 2019.09.08 09:30 Eq: 2,674.00 UoL: .00%
2019-10-26 08:38:36.440 INFO  singlejartest.TesterMainGUIMode - Running, Sun 2019.09.08 10:00 Eq: 2,674.00 UoL: .00%
2019-10-26 08:38:36.444 INFO  singlejartest.TesterMainGUIMode - Running, Sun 2019.09.08 10:30 Eq: 2,674.00 UoL: .00%
2019-10-26 08:38:36.449 INFO  singlejartest.TesterMainGUIMode - Running, Sun 2019.09.08 11:00 Eq: 2,674.00 UoL: .00%
2019-10-26 08:38:36.453 INFO  singlejartest.TesterMainGUIMode - Running, Sun 2019.09.08 11:30 Eq: 2,674.00 UoL: .00%
2019-10-26 08:38:36.458 INFO  singlejartest.TesterMainGUIMode - Running, Sun 2019.09.08 12:00 Eq: 2,674.00 UoL: .00%
2019-10-26 08:38:36.462 INFO  singlejartest.TesterMainGUIMode - Running, Sun 2019.09.08 12:30 Eq: 2,674.00 UoL: .00%
2019-10-26 08:38:36.466 INFO  singlejartest.TesterMainGUIMode - Running, Sun 2019.09.08 13:00 Eq: 2,674.00 UoL: .00%
2019-10-26 08:38:36.470 INFO  singlejartest.TesterMainGUIMode - Running, Sun 2019.09.08 13:30 Eq: 2,674.00 UoL: .00%
2019-10-26 08:38:36.475 INFO  singlejartest.TesterMainGUIMode - Running, Sun 2019.09.08 14:00 Eq: 2,674.00 UoL: .00%
2019-10-26 08:38:36.479 INFO  singlejartest.TesterMainGUIMode - Running, Sun 2019.09.08 14:30 Eq: 2,674.00 UoL: .00%
2019-10-26 08:38:36.483 INFO  singlejartest.TesterMainGUIMode - Running, Sun 2019.09.08 15:00 Eq: 2,674.00 UoL: .00%
2019-10-26 08:38:36.487 INFO  singlejartest.TesterMainGUIMode - Running, Sun 2019.09.08 15:30 Eq: 2,674.00 UoL: .00%
2019-10-26 08:38:36.491 INFO  singlejartest.TesterMainGUIMode - Running, Sun 2019.09.08 16:00 Eq: 2,674.00 UoL: .00%
2019-10-26 08:38:36.496 INFO  singlejartest.TesterMainGUIMode - Running, Sun 2019.09.08 16:30 Eq: 2,674.00 UoL: .00%
2019-10-26 08:38:36.501 INFO  singlejartest.TesterMainGUIMode - Running, Sun 2019.09.08 17:00 Eq: 2,674.00 UoL: .00%
2019-10-26 08:38:36.505 INFO  singlejartest.TesterMainGUIMode - Running, Sun 2019.09.08 17:30 Eq: 2,674.00 UoL: .00%
2019-10-26 08:38:36.510 INFO  singlejartest.TesterMainGUIMode - Running, Sun 2019.09.08 18:00 Eq: 2,674.00 UoL: .00%
2019-10-26 08:38:36.514 INFO  singlejartest.TesterMainGUIMode - Running, Sun 2019.09.08 18:30 Eq: 2,674.00 UoL: .00%
2019-10-26 08:38:36.518 INFO  singlejartest.TesterMainGUIMode - Running, Sun 2019.09.08 19:00 Eq: 2,674.00 UoL: .00%
2019-10-26 08:38:36.522 INFO  singlejartest.TesterMainGUIMode - Running, Sun 2019.09.08 19:30 Eq: 2,674.00 UoL: .00%
2019-10-26 08:38:36.527 INFO  singlejartest.TesterMainGUIMode - Running, Sun 2019.09.08 20:00 Eq: 2,674.00 UoL: .00%
2019-10-26 08:38:36.531 INFO  singlejartest.TesterMainGUIMode - Running, Sun 2019.09.08 20:30 Eq: 2,674.00 UoL: .00%
2019-10-26 08:38:36.537 INFO  singlejartest.TesterMainGUIMode - Running, Sun 2019.09.08 21:00 Eq: 2,674.00 UoL: .00%
2019-10-26 08:38:36.548 INFO  singlejartest.TesterMainGUIMode - Running, Sun 2019.09.08 21:30 Eq: 2,674.00 UoL: .00%
2019-10-26 08:38:36.563 INFO  singlejartest.TesterMainGUIMode - Running, Sun 2019.09.08 22:00 Eq: 2,674.00 UoL: .00%
2019-10-26 08:38:36.613 INFO  singlejartest.TesterMainGUIMode - Running, Sun 2019.09.08 22:30 Eq: 2,674.00 UoL: .00%
2019-10-26 08:38:36.641 INFO  singlejartest.TesterMainGUIMode - Running, Sun 2019.09.08 23:00 Eq: 2,674.00 UoL: .00%
2019-10-26 08:38:36.663 INFO  singlejartest.TesterMainGUIMode - Running, Sun 2019.09.08 23:30 Eq: 2,674.00 UoL: .00%
2019-10-26 08:38:36.694 INFO  singlejartest.TesterMainGUIMode - Running, Sun 2019.09.09 00:00 Eq: 2,674.00 UoL: .00%
2019-10-26 08:38:36.755 INFO  singlejartest.TesterMainGUIMode - Running, Sun 2019.09.09 00:30 Eq: 2,674.00 UoL: .00%
2019-10-26 08:38:36.838 INFO  singlejartest.TesterMainGUIMode - Running, Sun 2019.09.09 01:00 Eq: 2,674.00 UoL: .00%
2019-10-26 08:38:36.927 INFO  singlejartest.TesterMainGUIMode - Running, Sun 2019.09.09 01:30 Eq: 2,674.00 UoL: .00%
2019-10-26 08:38:37.027 INFO  singlejartest.TesterMainGUIMode - Running, Sun 2019.09.09 02:00 Eq: 2,674.00 UoL: .00%
2019-10-26 08:38:37.091 INFO  singlejartest.TesterMainGUIMode - Running, Sun 2019.09.09 02:30 Eq: 2,674.00 UoL: .00%
2019-10-26 08:38:37.151 INFO  singlejartest.TesterMainGUIMode - Running, Sun 2019.09.09 03:00 Eq: 2,674.00 UoL: .00%
2019-10-26 08:38:37.195 INFO  singlejartest.TesterMainGUIMode - Running, Sun 2019.09.09 03:30 Eq: 2,674.00 UoL: .00%
2019-10-26 08:38:37.227 INFO  singlejartest.TesterMainGUIMode - Running, Sun 2019.09.09 04:00 Eq: 2,674.00 UoL: .00%
2019-10-26 08:38:37.259 INFO  singlejartest.TesterMainGUIMode - Running, Sun 2019.09.09 04:30 Eq: 2,674.00 UoL: .00%
2019-10-26 08:38:37.307 INFO  singlejartest.TesterMainGUIMode - Running, Mon 2019.09.09 05:00 Eq: 2,674.00 UoL: .00%
2019-10-26 08:38:37.336 INFO  singlejartest.TesterMainGUIMode - Running, Mon 2019.09.09 05:30 Eq: 2,674.00 UoL: .00%
2019-10-26 08:38:37.380 INFO  singlejartest.TesterMainGUIMode - Running, Mon 2019.09.09 06:00 Eq: 2,674.00 UoL: .00%
2019-10-26 08:38:37.485 INFO  singlejartest.TesterMainGUIMode - Running, Mon 2019.09.09 06:30 Eq: 2,674.00 UoL: .00%
2019-10-26 08:38:37.599 INFO  singlejartest.TesterMainGUIMode - Running, Mon 2019.09.09 07:00 Eq: 2,674.00 UoL: .00%
2019-10-26 08:38:37.724 INFO  singlejartest.TesterMainGUIMode - Running, Mon 2019.09.09 07:30 Eq: 2,674.00 UoL: .00%
2019-10-26 08:38:37.822 INFO  singlejartest.TesterMainGUIMode - Running, Mon 2019.09.09 08:00 Eq: 2,674.00 UoL: .00%
2019-10-26 08:38:37.926 INFO  singlejartest.TesterMainGUIMode - Running, Mon 2019.09.09 08:30 Eq: 2,674.00 UoL: .00%
2019-10-26 08:38:38.031 INFO  singlejartest.TesterMainGUIMode - Running, Mon 2019.09.09 09:00 Eq: 2,674.00 UoL: .00%
2019-10-26 08:38:38.138 INFO  singlejartest.TesterMainGUIMode - Running, Mon 2019.09.09 09:30 Eq: 2,674.00 UoL: .00%
2019-10-26 08:38:38.247 INFO  singlejartest.TesterMainGUIMode - Running, Mon 2019.09.09 10:00 Eq: 2,606.51 UoL: 102.59%
2019-10-26 08:38:38.331 INFO  singlejartest.TesterMainGUIMode - Running, Mon 2019.09.09 10:30 Eq: 2,441.82 UoL: 109.51%
2019-10-26 08:38:38.493 INFO  singlejartest.TesterMainGUIMode - Running, Mon 2019.09.09 11:00 Eq: 2,301.34 UoL: 116.19%
2019-10-26 08:38:38.622 INFO  singlejartest.TesterMainGUIMode - Running, Mon 2019.09.09 11:30 Eq: 2,439.39 UoL: 109.62%
2019-10-26 08:38:38.751 INFO  singlejartest.TesterMainGUIMode - Running, Mon 2019.09.09 12:00 Eq: 2,567.76 UoL: 104.14%
2019-10-26 08:38:38.858 INFO  singlejartest.TesterMainGUIMode - Running, Mon 2019.09.09 12:30 Eq: 2,478.15 UoL: 107.90%
2019-10-26 08:38:39.061 INFO  singlejartest.TesterMainGUIMode - Running, Mon 2019.09.09 13:00 Eq: 2,730.03 UoL: 97.95%
2019-10-26 08:38:39.202 INFO  singlejartest.TesterMainGUIMode - Running, Mon 2019.09.09 13:30 Eq: 2,877.78 UoL: 92.92%
2019-10-26 08:38:39.309 INFO  singlejartest.TesterMainGUIMode - Strategy stopped: 0
