2019-10-26 08:55:42.904 INFO  singlejartest.TesterMainGUIMode - Connecting...
2019-10-26 08:55:44.843 INFO  com.dukascopy.api.impl.connect.AuthorizationClient - environment(jnlp.client.mode)=DEMO, platformInstanceId=null
2019-10-26 08:55:44.853 INFO  com.dukascopy.api.impl.connect.AuthorizationClient - Auth step 1 request [F1F1B6197F57854B4FE55E72F162006546F6A6AE]
2019-10-26 08:55:44.854 DEBUG com.dukascopy.api.impl.connect.AuthorizationClient - >> [https://login.dukascopy.com/authorization-1/demo/auth?munus=srp_api&passus=1&sermo=18d960d6-5899-4384-8173-4e39fc083a77&putent_genus=0&appello=F1F1B6197F57854B4FE55E72F162006546F6A6AE&srp_versio=1]
2019-10-26 08:55:46.001 DEBUG com.dukascopy.api.impl.connect.AuthorizationClient - << [{"B":"3e02da87e930c27c81d55ea3e63697b417fb636caa38c835ade8c4b958ca125660b015946a2b8040f0a51b463f084bed0818033548f90ca0d62e4e75e9f88730d46fe073a0e7dee4ae341a49b8657d06af4b1362e7cd810d588a9133a99ae1218cfb3f6c52989c6af094e6fccf8426273f0fc3d54409022f28245d72a5273bb06e3297e42c8ac69f81ad45096d26ab1cd9aa9cfa177898c4913f89356988aeccdcecc6b1bf42ad92c3f9aec6390906360e237f823a595f566489e5ffc017a02d6500797ba77530948fdeb6423ff972b6eb655816a95baa9dcdfd44fbd12919498449274a283129d8997883d76f00be36cd9cef8585543df322b97d7ecf345465","S":"4fb839d9f53c903e2cf4b563566e5a8","G":"2","H":"SHA-256","K":"5b9e8ef059c6b32ea59fc1d322d37f04aa30bae5aa9003b8321e21ddb04e300","N":"ac6bdb41324a9a9bf166de5e1389582faf72b6651987ee07fc3192943db56050a37329cbb4a099ed8193e0757767a13dd52312ab4b03310dcd7f48a9da04fd50e8083969edb767b0cf6095179a163ab3661a05fbd5faaae82918a9962f0b93b855f97993ec975eeaa80d740adbf4ff747359d041d5c33ea71d281e446b14773bca97b43a23fb801676bd207a436c6481f1d2b9078717461a5b9d32e688f87748544523b524b0d57d5ea77a2775d2ecfa032cfbdbf52fb3786160279004e57ae6af874e7303ce53299ccc041c7bc308d82a5698f3a8d0c38271ae35f8e9dbfbb694b5c803d89f7ae435de236d525f54759b65e372fcd68ef20fa7111f9e4aff73","srp_versio":"1"}]
2019-10-26 08:55:46.003 INFO  com.dukascopy.api.impl.connect.AuthorizationClient - Auth step 1 response [ServerResponseObject [passwordServerResponse=Step1ServerResponse [serverPublicValueB=3e02da87e930c27c81d55ea3e63697b417fb636caa38c835ade8c4b958ca125660b015946a2b8040f0a51b463f084bed0818033548f90ca0d62e4e75e9f88730d46fe073a0e7dee4ae341a49b8657d06af4b1362e7cd810d588a9133a99ae1218cfb3f6c52989c6af094e6fccf8426273f0fc3d54409022f28245d72a5273bb06e3297e42c8ac69f81ad45096d26ab1cd9aa9cfa177898c4913f89356988aeccdcecc6b1bf42ad92c3f9aec6390906360e237f823a595f566489e5ffc017a02d6500797ba77530948fdeb6423ff972b6eb655816a95baa9dcdfd44fbd12919498449274a283129d8997883d76f00be36cd9cef8585543df322b97d7ecf345465, saltS=4fb839d9f53c903e2cf4b563566e5a8, safePrimeN=ac6bdb41324a9a9bf166de5e1389582faf72b6651987ee07fc3192943db56050a37329cbb4a099ed8193e0757767a13dd52312ab4b03310dcd7f48a9da04fd50e8083969edb767b0cf6095179a163ab3661a05fbd5faaae82918a9962f0b93b855f97993ec975eeaa80d740adbf4ff747359d041d5c33ea71d281e446b14773bca97b43a23fb801676bd207a436c6481f1d2b9078717461a5b9d32e688f87748544523b524b0d57d5ea77a2775d2ecfa032cfbdbf52fb3786160279004e57ae6af874e7303ce53299ccc041c7bc308d82a5698f3a8d0c38271ae35f8e9dbfbb694b5c803d89f7ae435de236d525f54759b65e372fcd68ef20fa7111f9e4aff73, correspondingGeneratorG=2, hashAlgorithmH=SHA-256, srpProtocolVersion=1], ]]
2019-10-26 08:55:46.087 INFO  com.dukascopy.api.impl.connect.AuthorizationClient - Auth step 2 request A [72659063095546865364918106535106204460541258150626138700503390031720404531279618181703414176719744892920499541235877193781791005830452618313367065538407483604752013367270167768905059484935613835432077314458104164657678288156781744222935224909107627386888011112923424922088481673454996700791099959634725458276055267127021182809427207636270470656988601126106920486713368532489878377773841449639613542987677457070404895712926241424137181626764104429858034632625822820870582402812606175726974198156155563286658671411539320144194633638380506742688283656301695047893885790823599078150219557184031181870509263779473753758], M1 [1208476876715147939003117114737833770074043651039570548106286567278415328553]
2019-10-26 08:55:46.087 DEBUG com.dukascopy.api.impl.connect.AuthorizationClient - >> [https://login.dukascopy.com/authorization-1/demo/auth?munus=srp_api&testimonium_nuntius=2abf942a4086c1aaf68567f542b46e2d5fc535fe52e51bd59da84be521a3529&passus=2&publicus_pendo=935899193abd7d5a469ae688c7ad00f6e923eb668ea54fe3143a4465a315a388cd14ecdd6b6c47f5d6b07b1044d1e0833a7aa14b6ce75a293d695138106a1daed27ed8fe9bf584ec63b5c4b8c3bea902d2bd186c01d6f8641647d02b3687b6bc51d82ffa3d41422310db945ea694ac0417de9fa92bce397ebeeb61d2aef8b7238c00b3dc6b5222332360bd28b362d195856833838e5e1fae909ffc59e3a7aef0dd695bdab866aff9fadc8632c562dc52c1b9c7a52810751d2ea8e3489812564a6cb636ccf3b482965fae482c770946f800838e48b79f210a21b309ccb98d674dd1d94dd524d1f172d86342013736b584446e32500a0ea1b941f74f5479869e&sermo=18d960d6-5899-4384-8173-4e39fc083a77&putent_genus=0&srp_versio=1]
2019-10-26 08:55:46.908 DEBUG com.dukascopy.api.impl.connect.AuthorizationClient - << [{"M2":"3852352b0d4c0a04a20dccb6aeca7a5b94f3fe0f7158e02d1b48eda30050a14","srp_versio":"1"}]
2019-10-26 08:55:46.909 INFO  com.dukascopy.api.impl.connect.AuthorizationClient - Auth step 2 response [ServerResponseObject [passwordServerResponse=Step2ServerResponse [serverEvidenceMessageM2=3852352b0d4c0a04a20dccb6aeca7a5b94f3fe0f7158e02d1b48eda30050a14, srpProtocolVersion=1], ]]
2019-10-26 08:55:46.912 INFO  com.dukascopy.api.impl.connect.AuthorizationClient - Auth step 3 request
2019-10-26 08:55:46.912 DEBUG com.dukascopy.api.impl.connect.AuthorizationClient - >> [https://login.dukascopy.com/authorization-1/demo/auth?munus=srp_api&passus=3&sermo=18d960d6-5899-4384-8173-4e39fc083a77&versio=318.4.68&willPing=true&occasus_content_vulgate=0&putent_genus=0&occasus=true&platform=DDS3_JFOREXSDK&srp_versio=1]
2019-10-26 08:55:48.337 DEBUG com.dukascopy.api.impl.connect.AuthorizationClient - << [{"occasus":"rO0ABXNyABRqYXZhLnV0aWwuUHJvcGVydGllczkS0HpwNj6YAgABTAAIZGVmYXVsdHN0ABZMamF2\r\nYS91dGlsL1Byb3BlcnRpZX...","authApiURLs":["d-ja-gva-91-191.dukascopy.com:10443","d-ja-usa-e-97-4-b.dukascopy.com:10443","d-ja-sgn-04-a.dukascopy.com:10443","d-ja-jpn-102-100-c.dukascopy.com:10443","d-ja-hk-110-05.dukascopy.ch:10443","d-ja-msk-10.dukascopy.com:10443","d-ja-hk-111-4.dukascopy.ch:10443"],"srp_versio":"1"}]
2019-10-26 08:55:48.345 INFO  com.dukascopy.api.impl.connect.AuthorizationClient - Auth step 3 response [ServerResponseObject [passwordServerResponse=Step3ServerResponse [serverResponse={"occasus":"rO0ABXNyABRqYXZhLnV0aWwuUHJvcGVydGllczkS0HpwNj6YAgABTAAIZGVmYXVsdHN0ABZMamF2\r\nYS91dGlsL1Byb3BlcnRpZX...","authApiURLs":["d-ja-gva-91-191.dukascopy.com:10443","d-ja-usa-e-97-4-b.dukascopy.com:10443","d-ja-sgn-04-a.dukascopy.com:10443","d-ja-jpn-102-100-c.dukascopy.com:10443","d-ja-hk-110-05.dukascopy.ch:10443","d-ja-msk-10.dukascopy.com:10443","d-ja-hk-111-4.dukascopy.ch:10443"],"srp_versio":"1"}], responseHeaderFields={Transfer-Encoding=[chunked], null=[HTTP/1.1 200], idle-session-ttl=[900000], CF-RAY=[52bcee0acfb8b58e-BOG], Server=[cloudflare], Connection=[keep-alive], Client-Country=[CO], Pragma=[no-cache], Last-Modified=[Sat, 26 Oct 2019 13:55:47 GMT], Date=[Sat, 26 Oct 2019 13:55:48 GMT], CF-Cache-Status=[DYNAMIC], Cache-Control=[no-cache, must-revalidate, no-store, max-age=0], Access-Control-Allow-Credentials=[true], Client-IP=[181.54.81.138], Vary=[Accept-Encoding], Set-Cookie=[__cfduid=d15aeceff0d32d4f808eb6d58dca617071572098147; expires=Sun, 25-Oct-20 13:55:47 GMT; path=/; domain=.dukascopy.com; HttpOnly], Expires=[Thu, 01 Jan 1970 00:00:00 GMT], Expect-CT=[max-age=604800, report-uri="https://report-uri.cloudflare.com/cdn-cgi/beacon/expect-ct"], Content-Type=[text/plain;charset=UTF-8]}]]
2019-10-26 08:55:48.444 INFO  com.dukascopy.api.impl.connect.AuthorizationClient - Selecting the best server...
2019-10-26 08:55:48.749 INFO  com.dukascopy.api.impl.connect.AuthorizationClient - The ping start time=2019-10-26 08:55:48:748
2019-10-26 08:55:49.068 INFO  com.dukascopy.api.impl.connect.AuthorizationClient - The ping end time=2019-10-26 08:55:49:068, the ping processing time=[320]ms
2019-10-26 08:55:49.068 DEBUG com.dukascopy.api.impl.connect.AuthorizationClient - Best api url [d-ja-usa-e-97-4-b.dukascopy.com:10443] with time [80]
2019-10-26 08:55:49.070 DEBUG com.dukascopy.api.impl.connect.TesterClientImpl - d-ja-usa-e-97-4-b.dukascopy.com:10443@d39efec935ebcaa0192efcffd53b76434596acdf39c53f959f990549d31c4419
2019-10-26 08:55:49.138 INFO  com.dukascopy.dds2.greed.util.FilePathManager - WL info is unavailable. Use default App folder for Platform data:  /home/merkhet/JForex
2019-10-26 08:55:49.333 WARN  com.dukascopy.charts.data.datacache.FeedDataProvider - JStore is disabled for the current user
2019-10-26 08:55:49.383 DEBUG com.dukascopy.api.impl.connect.TesterClientImpl - UserAgent: {"clientType":"DDS3_JFOREXSDK","javaVersion":"1.8.0_201","jvmVersion":"25.201-b09","ip":"null","clientVersion":"318.4.68","osName":"Linux","userName":"null"}
2019-10-26 08:55:51.504 INFO  com.dukascopy.dds2.greed.connection.GreedClientAuthorizationProvider - !!!:Thread[(NettyTransportClient-0) ClientConnector,6,main]
2019-10-26 08:55:51.508 INFO  com.dukascopy.dds4.transport.client.netty.ClientConnector - Authorize task in queue, server address [d-ja-usa-e-97-4-b.dukascopy.com/107.21.41.150:10443], transport name [NettyTransportClient-0]
2019-10-26 08:55:51.509 DEBUG com.dukascopy.api.impl.connect.TesterClientImpl - Authorized
2019-10-26 08:55:51.539 INFO  com.dukascopy.api.instrument.subscribe.InstrumentManager - InstrumentManager created.
2019-10-26 08:55:51.930 WARN  com.dukascopy.api.impl.connect.WLabelData - White Label Image is not received
2019-10-26 08:55:51.931 INFO  singlejartest.TesterMainGUIMode - Connected
2019-10-26 08:55:51.936 INFO  singlejartest.TesterMainGUIMode - Subscribing instruments...
2019-10-26 08:55:51.939 INFO  singlejartest.TesterMainGUIMode - Downloading data
2019-10-26 08:55:51.950 INFO  com.dukascopy.charts.data.datacache.metadata.FeedMetadataManager - Loading first times for [XAU/USD]...
2019-10-26 08:55:52.037 INFO  com.dukascopy.charts.data.datacache.metadata.FeedMetadataManager - First times loaded {null={}}
2019-10-26 08:55:52.038 WARN  com.dukascopy.charts.data.datacache.LoadDataAction - No data for XAU/USD, Ticks, 292278994-08-17 07:12:55:807
2019-10-26 08:55:52.041 WARN  com.dukascopy.charts.data.datacache.LoadDataAction - No data for XAU/USD, 1 Min, Ask, 292278994-08-17 07:12:55:807
2019-10-26 08:55:52.041 WARN  com.dukascopy.charts.data.datacache.LoadDataAction - No data for XAU/USD, 1 Min, Bid, 292278994-08-17 07:12:55:807
2019-10-26 08:55:52.042 WARN  com.dukascopy.charts.data.datacache.LoadDataAction - No data for XAU/USD, Hourly, Ask, 292278994-08-17 07:12:55:807
2019-10-26 08:55:52.042 WARN  com.dukascopy.charts.data.datacache.LoadDataAction - No data for XAU/USD, Hourly, Bid, 292278994-08-17 07:12:55:807
2019-10-26 08:55:52.043 WARN  com.dukascopy.charts.data.datacache.LoadDataAction - No data for XAU/USD, Daily, Ask, 292278994-08-17 07:12:55:807
2019-10-26 08:55:52.043 WARN  com.dukascopy.charts.data.datacache.LoadDataAction - No data for XAU/USD, Daily, Bid, 292278994-08-17 07:12:55:807
2019-10-26 08:55:52.048 INFO  singlejartest.TesterMainGUIMode - Starting strategy
